2023-08-01 21:12:48.754 [info] Added views:workbench.panel.markers.view in workbench.panel.markers
2023-08-01 21:12:48.754 [info] Added views:workbench.panel.output in workbench.panel.output
2023-08-01 21:12:48.754 [info] Added views:terminal in terminal
2023-08-01 21:12:48.754 [info] Added views:outline in workbench.view.explorer
2023-08-01 21:12:48.754 [info] Added views:workbench.scm in workbench.view.scm
2023-08-01 21:12:48.754 [info] Added views:workbench.view.search in workbench.view.search
2023-08-01 21:12:48.754 [info] Added views:timeline in workbench.view.explorer
2023-08-01 21:12:48.754 [info] Added views:workbench.explorer.emptyView in workbench.view.explorer
2023-08-01 21:12:48.941 [info] Added views:workbench.debug.welcome in workbench.view.debug
2023-08-01 21:12:49.289 [info] Added views:workbench.panel.repl.view in workbench.panel.repl
2023-08-01 21:13:52.500 [info] Added views:workbench.debug.breakPointsView in workbench.view.debug
2023-08-01 21:13:52.581 [info] Removed views:workbench.debug.welcome from workbench.view.debug
2023-08-01 21:13:52.582 [info] Added views:workbench.debug.variablesView,workbench.debug.watchExpressionsView,workbench.debug.callStackView in workbench.view.debug
2023-08-01 21:13:56.130 [info] Added views:workbench.debug.loadedScriptsView in workbench.view.debug
2023-08-01 21:13:56.753 [info] Removed views:workbench.debug.loadedScriptsView,workbench.debug.callStackView,workbench.debug.watchExpressionsView,workbench.debug.variablesView from workbench.view.debug
2023-08-01 21:13:56.764 [info] Added views:workbench.debug.welcome in workbench.view.debug
2023-08-01 21:13:56.772 [info] Removed views:workbench.debug.welcome from workbench.view.debug
2023-08-01 21:13:56.815 [info] Added views:workbench.debug.variablesView,workbench.debug.watchExpressionsView,workbench.debug.callStackView,workbench.debug.loadedScriptsView in workbench.view.debug
2023-08-01 21:13:56.878 [info] Removed views:workbench.debug.loadedScriptsView,workbench.debug.callStackView,workbench.debug.watchExpressionsView,workbench.debug.variablesView from workbench.view.debug
2023-08-01 21:13:56.890 [info] Added views:workbench.debug.welcome in workbench.view.debug
2023-08-01 21:14:26.657 [info] Removed views:workbench.debug.welcome from workbench.view.debug
2023-08-01 21:14:26.700 [info] Added views:workbench.debug.variablesView,workbench.debug.watchExpressionsView,workbench.debug.callStackView,workbench.debug.loadedScriptsView in workbench.view.debug
2023-08-01 21:14:27.202 [info] Removed views:workbench.debug.loadedScriptsView,workbench.debug.callStackView,workbench.debug.watchExpressionsView,workbench.debug.variablesView from workbench.view.debug
2023-08-01 21:14:27.211 [info] Added views:workbench.debug.welcome in workbench.view.debug
2023-08-01 21:16:15.786 [info] Removed views:workbench.debug.welcome from workbench.view.debug
2023-08-01 21:16:15.834 [info] Added views:workbench.debug.variablesView,workbench.debug.watchExpressionsView,workbench.debug.callStackView,workbench.debug.loadedScriptsView in workbench.view.debug
2023-08-01 21:16:16.338 [info] Removed views:workbench.debug.loadedScriptsView,workbench.debug.callStackView,workbench.debug.watchExpressionsView,workbench.debug.variablesView from workbench.view.debug
2023-08-01 21:16:16.347 [info] Added views:workbench.debug.welcome in workbench.view.debug
2023-08-01 21:16:16.353 [info] Removed views:workbench.debug.welcome from workbench.view.debug
2023-08-01 21:16:16.393 [info] Added views:workbench.debug.variablesView,workbench.debug.watchExpressionsView,workbench.debug.callStackView,workbench.debug.loadedScriptsView in workbench.view.debug
2023-08-01 21:16:16.436 [info] Removed views:workbench.debug.loadedScriptsView,workbench.debug.callStackView,workbench.debug.watchExpressionsView,workbench.debug.variablesView from workbench.view.debug
2023-08-01 21:16:16.447 [info] Added views:workbench.debug.welcome in workbench.view.debug
2023-08-01 21:20:14.516 [info] Removed views:workbench.debug.welcome from workbench.view.debug
2023-08-01 21:20:14.580 [info] Added views:workbench.debug.variablesView,workbench.debug.watchExpressionsView,workbench.debug.callStackView,workbench.debug.loadedScriptsView in workbench.view.debug
2023-08-01 21:20:15.086 [info] Removed views:workbench.debug.loadedScriptsView,workbench.debug.callStackView,workbench.debug.watchExpressionsView,workbench.debug.variablesView from workbench.view.debug
2023-08-01 21:20:15.095 [info] Added views:workbench.debug.welcome in workbench.view.debug
2023-08-01 21:20:31.790 [info] Removed views:workbench.debug.welcome from workbench.view.debug
2023-08-01 21:20:31.833 [info] Added views:workbench.debug.variablesView,workbench.debug.watchExpressionsView,workbench.debug.callStackView,workbench.debug.loadedScriptsView in workbench.view.debug
2023-08-01 21:20:32.317 [info] Removed views:workbench.debug.loadedScriptsView,workbench.debug.callStackView,workbench.debug.watchExpressionsView,workbench.debug.variablesView from workbench.view.debug
2023-08-01 21:20:32.329 [info] Added views:workbench.debug.welcome in workbench.view.debug
2023-08-01 21:20:32.339 [info] Removed views:workbench.debug.welcome from workbench.view.debug
2023-08-01 21:20:32.374 [info] Added views:workbench.debug.variablesView,workbench.debug.watchExpressionsView,workbench.debug.callStackView,workbench.debug.loadedScriptsView in workbench.view.debug
2023-08-01 21:20:32.408 [info] Removed views:workbench.debug.loadedScriptsView,workbench.debug.callStackView,workbench.debug.watchExpressionsView,workbench.debug.variablesView from workbench.view.debug
2023-08-01 21:20:32.419 [info] Added views:workbench.debug.welcome in workbench.view.debug
2023-08-01 21:21:41.954 [info] Removed views:workbench.debug.welcome from workbench.view.debug
2023-08-01 21:21:41.995 [info] Added views:workbench.debug.variablesView,workbench.debug.watchExpressionsView,workbench.debug.callStackView,workbench.debug.loadedScriptsView in workbench.view.debug
2023-08-01 21:21:43.015 [info] Removed views:workbench.debug.loadedScriptsView,workbench.debug.callStackView,workbench.debug.watchExpressionsView,workbench.debug.variablesView from workbench.view.debug
2023-08-01 21:21:43.025 [info] Added views:workbench.debug.welcome in workbench.view.debug
2023-08-01 21:21:54.131 [info] Removed views:workbench.debug.welcome from workbench.view.debug
2023-08-01 21:21:54.171 [info] Added views:workbench.debug.variablesView,workbench.debug.watchExpressionsView,workbench.debug.callStackView,workbench.debug.loadedScriptsView in workbench.view.debug
2023-08-01 21:21:54.650 [info] Removed views:workbench.debug.loadedScriptsView,workbench.debug.callStackView,workbench.debug.watchExpressionsView,workbench.debug.variablesView from workbench.view.debug
2023-08-01 21:21:54.660 [info] Added views:workbench.debug.welcome in workbench.view.debug
2023-08-01 21:23:24.516 [info] Removed views:workbench.debug.welcome from workbench.view.debug
2023-08-01 21:23:24.559 [info] Added views:workbench.debug.variablesView,workbench.debug.watchExpressionsView,workbench.debug.callStackView,workbench.debug.loadedScriptsView in workbench.view.debug
2023-08-01 21:23:25.550 [info] Removed views:workbench.debug.loadedScriptsView,workbench.debug.callStackView,workbench.debug.watchExpressionsView,workbench.debug.variablesView from workbench.view.debug
2023-08-01 21:23:25.561 [info] Added views:workbench.debug.welcome in workbench.view.debug
2023-08-01 21:24:09.825 [info] Removed views:workbench.debug.welcome from workbench.view.debug
2023-08-01 21:24:09.887 [info] Added views:workbench.debug.variablesView,workbench.debug.watchExpressionsView,workbench.debug.callStackView,workbench.debug.loadedScriptsView in workbench.view.debug
2023-08-01 21:24:10.387 [info] Removed views:workbench.debug.loadedScriptsView,workbench.debug.callStackView,workbench.debug.watchExpressionsView,workbench.debug.variablesView from workbench.view.debug
2023-08-01 21:24:10.397 [info] Added views:workbench.debug.welcome in workbench.view.debug
2023-08-01 21:24:10.405 [info] Removed views:workbench.debug.welcome from workbench.view.debug
2023-08-01 21:24:10.443 [info] Added views:workbench.debug.variablesView,workbench.debug.watchExpressionsView,workbench.debug.callStackView,workbench.debug.loadedScriptsView in workbench.view.debug
2023-08-01 21:24:10.489 [info] Removed views:workbench.debug.loadedScriptsView,workbench.debug.callStackView,workbench.debug.watchExpressionsView,workbench.debug.variablesView from workbench.view.debug
2023-08-01 21:24:10.504 [info] Added views:workbench.debug.welcome in workbench.view.debug
2023-08-01 21:25:02.316 [info] Removed views:workbench.debug.welcome from workbench.view.debug
2023-08-01 21:25:02.380 [info] Added views:workbench.debug.variablesView,workbench.debug.watchExpressionsView,workbench.debug.callStackView,workbench.debug.loadedScriptsView in workbench.view.debug
2023-08-01 21:25:02.848 [info] Removed views:workbench.debug.loadedScriptsView,workbench.debug.callStackView,workbench.debug.watchExpressionsView,workbench.debug.variablesView from workbench.view.debug
2023-08-01 21:25:02.862 [info] Added views:workbench.debug.welcome in workbench.view.debug
2023-08-01 21:25:02.873 [info] Removed views:workbench.debug.welcome from workbench.view.debug
2023-08-01 21:25:02.912 [info] Added views:workbench.debug.variablesView,workbench.debug.watchExpressionsView,workbench.debug.callStackView,workbench.debug.loadedScriptsView in workbench.view.debug
2023-08-01 21:25:02.955 [info] Removed views:workbench.debug.loadedScriptsView,workbench.debug.callStackView,workbench.debug.watchExpressionsView,workbench.debug.variablesView from workbench.view.debug
2023-08-01 21:25:02.965 [info] Added views:workbench.debug.welcome in workbench.view.debug
2023-08-01 21:25:21.439 [info] Removed views:workbench.debug.welcome from workbench.view.debug
2023-08-01 21:25:21.476 [info] Added views:workbench.debug.variablesView,workbench.debug.watchExpressionsView,workbench.debug.callStackView,workbench.debug.loadedScriptsView in workbench.view.debug
2023-08-01 21:25:21.988 [info] Removed views:workbench.debug.loadedScriptsView,workbench.debug.callStackView,workbench.debug.watchExpressionsView,workbench.debug.variablesView from workbench.view.debug
2023-08-01 21:25:21.999 [info] Added views:workbench.debug.welcome in workbench.view.debug
2023-08-01 21:25:22.007 [info] Removed views:workbench.debug.welcome from workbench.view.debug
2023-08-01 21:25:22.041 [info] Added views:workbench.debug.variablesView,workbench.debug.watchExpressionsView,workbench.debug.callStackView,workbench.debug.loadedScriptsView in workbench.view.debug
2023-08-01 21:25:22.076 [info] Removed views:workbench.debug.loadedScriptsView,workbench.debug.callStackView,workbench.debug.watchExpressionsView,workbench.debug.variablesView from workbench.view.debug
2023-08-01 21:25:22.086 [info] Added views:workbench.debug.welcome in workbench.view.debug
2023-08-01 21:25:42.518 [info] Removed views:workbench.debug.welcome from workbench.view.debug
2023-08-01 21:25:42.571 [info] Added views:workbench.debug.variablesView,workbench.debug.watchExpressionsView,workbench.debug.callStackView,workbench.debug.loadedScriptsView in workbench.view.debug
2023-08-01 21:25:43.055 [info] Removed views:workbench.debug.loadedScriptsView,workbench.debug.callStackView,workbench.debug.watchExpressionsView,workbench.debug.variablesView from workbench.view.debug
2023-08-01 21:25:43.067 [info] Added views:workbench.debug.welcome in workbench.view.debug
2023-08-01 21:26:06.364 [info] Removed views:workbench.debug.welcome from workbench.view.debug
2023-08-01 21:26:06.407 [info] Added views:workbench.debug.variablesView,workbench.debug.watchExpressionsView,workbench.debug.callStackView,workbench.debug.loadedScriptsView in workbench.view.debug
2023-08-01 21:26:06.913 [info] Removed views:workbench.debug.loadedScriptsView,workbench.debug.callStackView,workbench.debug.watchExpressionsView,workbench.debug.variablesView from workbench.view.debug
2023-08-01 21:26:06.929 [info] Added views:workbench.debug.welcome in workbench.view.debug
2023-08-01 21:29:00.316 [info] Removed views:workbench.debug.welcome from workbench.view.debug
2023-08-01 21:29:00.356 [info] Added views:workbench.debug.variablesView,workbench.debug.watchExpressionsView,workbench.debug.callStackView,workbench.debug.loadedScriptsView in workbench.view.debug
2023-08-01 21:29:01.365 [info] Removed views:workbench.debug.loadedScriptsView,workbench.debug.callStackView,workbench.debug.watchExpressionsView,workbench.debug.variablesView from workbench.view.debug
2023-08-01 21:29:01.378 [info] Added views:workbench.debug.welcome in workbench.view.debug
2023-08-01 21:29:25.099 [info] Removed views:workbench.debug.welcome from workbench.view.debug
2023-08-01 21:29:25.140 [info] Added views:workbench.debug.variablesView,workbench.debug.watchExpressionsView,workbench.debug.callStackView,workbench.debug.loadedScriptsView in workbench.view.debug
2023-08-01 21:29:25.625 [info] Removed views:workbench.debug.loadedScriptsView,workbench.debug.callStackView,workbench.debug.watchExpressionsView,workbench.debug.variablesView from workbench.view.debug
2023-08-01 21:29:25.636 [info] Added views:workbench.debug.welcome in workbench.view.debug
2023-08-01 21:29:25.646 [info] Removed views:workbench.debug.welcome from workbench.view.debug
2023-08-01 21:29:25.691 [info] Added views:workbench.debug.variablesView,workbench.debug.watchExpressionsView,workbench.debug.callStackView,workbench.debug.loadedScriptsView in workbench.view.debug
2023-08-01 21:29:25.735 [info] Removed views:workbench.debug.loadedScriptsView,workbench.debug.callStackView,workbench.debug.watchExpressionsView,workbench.debug.variablesView from workbench.view.debug
2023-08-01 21:29:25.750 [info] Added views:workbench.debug.welcome in workbench.view.debug
2023-08-01 21:29:34.106 [info] Removed views:workbench.debug.welcome from workbench.view.debug
2023-08-01 21:29:34.175 [info] Added views:workbench.debug.variablesView,workbench.debug.watchExpressionsView,workbench.debug.callStackView,workbench.debug.loadedScriptsView in workbench.view.debug
2023-08-01 21:29:34.633 [info] Removed views:workbench.debug.loadedScriptsView,workbench.debug.callStackView,workbench.debug.watchExpressionsView,workbench.debug.variablesView from workbench.view.debug
2023-08-01 21:29:34.648 [info] Added views:workbench.debug.welcome in workbench.view.debug
2023-08-01 21:29:34.656 [info] Removed views:workbench.debug.welcome from workbench.view.debug
2023-08-01 21:29:34.703 [info] Added views:workbench.debug.variablesView,workbench.debug.watchExpressionsView,workbench.debug.callStackView,workbench.debug.loadedScriptsView in workbench.view.debug
2023-08-01 21:29:34.737 [info] Removed views:workbench.debug.loadedScriptsView,workbench.debug.callStackView,workbench.debug.watchExpressionsView,workbench.debug.variablesView from workbench.view.debug
2023-08-01 21:29:34.749 [info] Added views:workbench.debug.welcome in workbench.view.debug
2023-08-01 21:29:45.041 [info] Removed views:workbench.debug.welcome from workbench.view.debug
2023-08-01 21:29:45.085 [info] Added views:workbench.debug.variablesView,workbench.debug.watchExpressionsView,workbench.debug.callStackView,workbench.debug.loadedScriptsView in workbench.view.debug
2023-08-01 21:29:45.541 [info] Removed views:workbench.debug.loadedScriptsView,workbench.debug.callStackView,workbench.debug.watchExpressionsView,workbench.debug.variablesView from workbench.view.debug
2023-08-01 21:29:45.553 [info] Added views:workbench.debug.welcome in workbench.view.debug
2023-08-01 21:29:45.560 [info] Removed views:workbench.debug.welcome from workbench.view.debug
2023-08-01 21:29:45.598 [info] Added views:workbench.debug.variablesView,workbench.debug.watchExpressionsView,workbench.debug.callStackView,workbench.debug.loadedScriptsView in workbench.view.debug
2023-08-01 21:29:45.633 [info] Removed views:workbench.debug.loadedScriptsView,workbench.debug.callStackView,workbench.debug.watchExpressionsView,workbench.debug.variablesView from workbench.view.debug
2023-08-01 21:29:45.644 [info] Added views:workbench.debug.welcome in workbench.view.debug
2023-08-01 21:35:26.030 [info] Removed views:workbench.debug.welcome from workbench.view.debug
2023-08-01 21:35:26.075 [info] Added views:workbench.debug.variablesView,workbench.debug.watchExpressionsView,workbench.debug.callStackView,workbench.debug.loadedScriptsView in workbench.view.debug
2023-08-01 21:35:26.564 [info] Removed views:workbench.debug.loadedScriptsView,workbench.debug.callStackView,workbench.debug.watchExpressionsView,workbench.debug.variablesView from workbench.view.debug
2023-08-01 21:35:26.576 [info] Added views:workbench.debug.welcome in workbench.view.debug
