2023-08-03 20:35:47.241 [info] Added views:workbench.panel.markers.view in workbench.panel.markers
2023-08-03 20:35:47.241 [info] Added views:workbench.panel.output in workbench.panel.output
2023-08-03 20:35:47.241 [info] Added views:terminal in terminal
2023-08-03 20:35:47.241 [info] Added views:outline in workbench.view.explorer
2023-08-03 20:35:47.241 [info] Added views:workbench.scm in workbench.view.scm
2023-08-03 20:35:47.241 [info] Added views:workbench.view.search in workbench.view.search
2023-08-03 20:35:47.241 [info] Added views:timeline in workbench.view.explorer
2023-08-03 20:35:47.241 [info] Added views:workbench.explorer.emptyView in workbench.view.explorer
2023-08-03 20:35:47.446 [info] Added views:workbench.debug.welcome in workbench.view.debug
2023-08-03 20:35:47.961 [info] Added views:workbench.panel.repl.view in workbench.panel.repl
2023-08-03 20:38:58.247 [info] Added views:workbench.debug.breakPointsView in workbench.view.debug
2023-08-03 20:38:58.583 [info] Removed views:workbench.debug.welcome from workbench.view.debug
2023-08-03 20:38:58.648 [info] Added views:workbench.debug.variablesView,workbench.debug.watchExpressionsView,workbench.debug.callStackView,workbench.debug.loadedScriptsView in workbench.view.debug
2023-08-03 20:38:59.289 [info] Removed views:workbench.debug.loadedScriptsView,workbench.debug.callStackView,workbench.debug.watchExpressionsView,workbench.debug.variablesView from workbench.view.debug
2023-08-03 20:38:59.302 [info] Added views:workbench.debug.welcome in workbench.view.debug
2023-08-03 20:43:34.186 [info] Removed views:workbench.debug.welcome from workbench.view.debug
2023-08-03 20:43:34.238 [info] Added views:workbench.debug.variablesView,workbench.debug.watchExpressionsView,workbench.debug.callStackView,workbench.debug.loadedScriptsView in workbench.view.debug
2023-08-03 20:43:34.788 [info] Removed views:workbench.debug.loadedScriptsView,workbench.debug.callStackView,workbench.debug.watchExpressionsView,workbench.debug.variablesView from workbench.view.debug
2023-08-03 20:43:34.800 [info] Added views:workbench.debug.welcome in workbench.view.debug
2023-08-03 20:43:34.809 [info] Removed views:workbench.debug.welcome from workbench.view.debug
2023-08-03 20:43:34.849 [info] Added views:workbench.debug.variablesView,workbench.debug.watchExpressionsView,workbench.debug.callStackView,workbench.debug.loadedScriptsView in workbench.view.debug
2023-08-03 20:43:34.898 [info] Removed views:workbench.debug.loadedScriptsView,workbench.debug.callStackView,workbench.debug.watchExpressionsView,workbench.debug.variablesView from workbench.view.debug
2023-08-03 20:43:34.910 [info] Added views:workbench.debug.welcome in workbench.view.debug
2023-08-03 20:44:49.757 [info] Removed views:workbench.debug.welcome from workbench.view.debug
2023-08-03 20:44:49.803 [info] Added views:workbench.debug.variablesView,workbench.debug.watchExpressionsView,workbench.debug.callStackView,workbench.debug.loadedScriptsView in workbench.view.debug
2023-08-03 20:44:50.378 [info] Removed views:workbench.debug.loadedScriptsView,workbench.debug.callStackView,workbench.debug.watchExpressionsView,workbench.debug.variablesView from workbench.view.debug
2023-08-03 20:44:50.394 [info] Added views:workbench.debug.welcome in workbench.view.debug
2023-08-03 20:44:50.404 [info] Removed views:workbench.debug.welcome from workbench.view.debug
2023-08-03 20:44:50.458 [info] Added views:workbench.debug.variablesView,workbench.debug.watchExpressionsView,workbench.debug.callStackView,workbench.debug.loadedScriptsView in workbench.view.debug
2023-08-03 20:44:50.506 [info] Removed views:workbench.debug.loadedScriptsView,workbench.debug.callStackView,workbench.debug.watchExpressionsView,workbench.debug.variablesView from workbench.view.debug
2023-08-03 20:44:50.518 [info] Added views:workbench.debug.welcome in workbench.view.debug
2023-08-03 20:45:06.347 [info] Removed views:workbench.debug.welcome from workbench.view.debug
2023-08-03 20:45:06.400 [info] Added views:workbench.debug.variablesView,workbench.debug.watchExpressionsView,workbench.debug.callStackView,workbench.debug.loadedScriptsView in workbench.view.debug
2023-08-03 20:45:06.939 [info] Removed views:workbench.debug.loadedScriptsView,workbench.debug.callStackView,workbench.debug.watchExpressionsView,workbench.debug.variablesView from workbench.view.debug
2023-08-03 20:45:06.952 [info] Added views:workbench.debug.welcome in workbench.view.debug
2023-08-03 20:45:06.962 [info] Removed views:workbench.debug.welcome from workbench.view.debug
2023-08-03 20:45:06.999 [info] Added views:workbench.debug.variablesView,workbench.debug.watchExpressionsView,workbench.debug.callStackView,workbench.debug.loadedScriptsView in workbench.view.debug
2023-08-03 20:45:07.044 [info] Removed views:workbench.debug.loadedScriptsView,workbench.debug.callStackView,workbench.debug.watchExpressionsView,workbench.debug.variablesView from workbench.view.debug
2023-08-03 20:45:07.056 [info] Added views:workbench.debug.welcome in workbench.view.debug
2023-08-03 20:45:17.496 [info] Removed views:workbench.debug.welcome from workbench.view.debug
2023-08-03 20:45:17.547 [info] Added views:workbench.debug.variablesView,workbench.debug.watchExpressionsView,workbench.debug.callStackView,workbench.debug.loadedScriptsView in workbench.view.debug
2023-08-03 20:45:18.085 [info] Removed views:workbench.debug.loadedScriptsView,workbench.debug.callStackView,workbench.debug.watchExpressionsView,workbench.debug.variablesView from workbench.view.debug
2023-08-03 20:45:18.098 [info] Added views:workbench.debug.welcome in workbench.view.debug
2023-08-03 20:45:18.108 [info] Removed views:workbench.debug.welcome from workbench.view.debug
2023-08-03 20:45:18.151 [info] Added views:workbench.debug.variablesView,workbench.debug.watchExpressionsView,workbench.debug.callStackView,workbench.debug.loadedScriptsView in workbench.view.debug
2023-08-03 20:45:18.196 [info] Removed views:workbench.debug.loadedScriptsView,workbench.debug.callStackView,workbench.debug.watchExpressionsView,workbench.debug.variablesView from workbench.view.debug
2023-08-03 20:45:18.210 [info] Added views:workbench.debug.welcome in workbench.view.debug
2023-08-03 20:45:25.614 [info] Removed views:workbench.debug.welcome from workbench.view.debug
2023-08-03 20:45:25.658 [info] Added views:workbench.debug.variablesView,workbench.debug.watchExpressionsView,workbench.debug.callStackView,workbench.debug.loadedScriptsView in workbench.view.debug
2023-08-03 20:45:26.143 [info] Removed views:workbench.debug.loadedScriptsView,workbench.debug.callStackView,workbench.debug.watchExpressionsView,workbench.debug.variablesView from workbench.view.debug
2023-08-03 20:45:26.155 [info] Added views:workbench.debug.welcome in workbench.view.debug
2023-08-03 20:45:26.165 [info] Removed views:workbench.debug.welcome from workbench.view.debug
2023-08-03 20:45:26.208 [info] Added views:workbench.debug.variablesView,workbench.debug.watchExpressionsView,workbench.debug.callStackView,workbench.debug.loadedScriptsView in workbench.view.debug
2023-08-03 20:45:26.246 [info] Removed views:workbench.debug.loadedScriptsView,workbench.debug.callStackView,workbench.debug.watchExpressionsView,workbench.debug.variablesView from workbench.view.debug
2023-08-03 20:45:26.258 [info] Added views:workbench.debug.welcome in workbench.view.debug
2023-08-03 20:45:35.469 [info] Removed views:workbench.debug.welcome from workbench.view.debug
2023-08-03 20:45:35.526 [info] Added views:workbench.debug.variablesView,workbench.debug.watchExpressionsView,workbench.debug.callStackView,workbench.debug.loadedScriptsView in workbench.view.debug
2023-08-03 20:45:36.045 [info] Removed views:workbench.debug.loadedScriptsView,workbench.debug.callStackView,workbench.debug.watchExpressionsView,workbench.debug.variablesView from workbench.view.debug
2023-08-03 20:45:36.056 [info] Added views:workbench.debug.welcome in workbench.view.debug
2023-08-03 20:45:36.065 [info] Removed views:workbench.debug.welcome from workbench.view.debug
2023-08-03 20:45:36.106 [info] Added views:workbench.debug.variablesView,workbench.debug.watchExpressionsView,workbench.debug.callStackView,workbench.debug.loadedScriptsView in workbench.view.debug
2023-08-03 20:45:36.147 [info] Removed views:workbench.debug.loadedScriptsView,workbench.debug.callStackView,workbench.debug.watchExpressionsView,workbench.debug.variablesView from workbench.view.debug
2023-08-03 20:45:36.161 [info] Added views:workbench.debug.welcome in workbench.view.debug
2023-08-03 20:46:00.371 [info] Removed views:workbench.debug.welcome from workbench.view.debug
2023-08-03 20:46:00.428 [info] Added views:workbench.debug.variablesView,workbench.debug.watchExpressionsView,workbench.debug.callStackView,workbench.debug.loadedScriptsView in workbench.view.debug
2023-08-03 20:46:00.975 [info] Removed views:workbench.debug.loadedScriptsView,workbench.debug.callStackView,workbench.debug.watchExpressionsView,workbench.debug.variablesView from workbench.view.debug
2023-08-03 20:46:00.991 [info] Added views:workbench.debug.welcome in workbench.view.debug
2023-08-03 20:46:01.003 [info] Removed views:workbench.debug.welcome from workbench.view.debug
2023-08-03 20:46:01.055 [info] Added views:workbench.debug.variablesView,workbench.debug.watchExpressionsView,workbench.debug.callStackView,workbench.debug.loadedScriptsView in workbench.view.debug
2023-08-03 20:46:01.128 [info] Removed views:workbench.debug.loadedScriptsView,workbench.debug.callStackView,workbench.debug.watchExpressionsView,workbench.debug.variablesView from workbench.view.debug
2023-08-03 20:46:01.141 [info] Added views:workbench.debug.welcome in workbench.view.debug
2023-08-03 20:46:09.321 [info] Removed views:workbench.debug.welcome from workbench.view.debug
2023-08-03 20:46:09.386 [info] Added views:workbench.debug.variablesView,workbench.debug.watchExpressionsView,workbench.debug.callStackView,workbench.debug.loadedScriptsView in workbench.view.debug
2023-08-03 20:46:09.884 [info] Removed views:workbench.debug.loadedScriptsView,workbench.debug.callStackView,workbench.debug.watchExpressionsView,workbench.debug.variablesView from workbench.view.debug
2023-08-03 20:46:09.897 [info] Added views:workbench.debug.welcome in workbench.view.debug
2023-08-03 20:46:09.906 [info] Removed views:workbench.debug.welcome from workbench.view.debug
2023-08-03 20:46:09.952 [info] Added views:workbench.debug.variablesView,workbench.debug.watchExpressionsView,workbench.debug.callStackView,workbench.debug.loadedScriptsView in workbench.view.debug
2023-08-03 20:46:09.997 [info] Removed views:workbench.debug.loadedScriptsView,workbench.debug.callStackView,workbench.debug.watchExpressionsView,workbench.debug.variablesView from workbench.view.debug
2023-08-03 20:46:10.012 [info] Added views:workbench.debug.welcome in workbench.view.debug
2023-08-03 20:53:36.288 [info] Removed views:workbench.debug.welcome from workbench.view.debug
2023-08-03 20:53:36.341 [info] Added views:workbench.debug.variablesView,workbench.debug.watchExpressionsView,workbench.debug.callStackView,workbench.debug.loadedScriptsView in workbench.view.debug
2023-08-03 20:53:36.873 [info] Removed views:workbench.debug.loadedScriptsView,workbench.debug.callStackView,workbench.debug.watchExpressionsView,workbench.debug.variablesView from workbench.view.debug
2023-08-03 20:53:36.892 [info] Added views:workbench.debug.welcome in workbench.view.debug
2023-08-03 20:53:36.914 [info] Removed views:workbench.debug.welcome from workbench.view.debug
2023-08-03 20:53:36.957 [info] Added views:workbench.debug.variablesView,workbench.debug.watchExpressionsView,workbench.debug.callStackView,workbench.debug.loadedScriptsView in workbench.view.debug
2023-08-03 20:53:37.012 [info] Removed views:workbench.debug.loadedScriptsView,workbench.debug.callStackView,workbench.debug.watchExpressionsView,workbench.debug.variablesView from workbench.view.debug
2023-08-03 20:53:37.028 [info] Added views:workbench.debug.welcome in workbench.view.debug
2023-08-03 20:53:52.099 [info] Removed views:workbench.debug.welcome from workbench.view.debug
2023-08-03 20:53:52.155 [info] Added views:workbench.debug.variablesView,workbench.debug.watchExpressionsView,workbench.debug.callStackView,workbench.debug.loadedScriptsView in workbench.view.debug
2023-08-03 20:53:52.655 [info] Removed views:workbench.debug.loadedScriptsView,workbench.debug.callStackView,workbench.debug.watchExpressionsView,workbench.debug.variablesView from workbench.view.debug
2023-08-03 20:53:52.670 [info] Added views:workbench.debug.welcome in workbench.view.debug
2023-08-03 20:53:52.684 [info] Removed views:workbench.debug.welcome from workbench.view.debug
2023-08-03 20:53:52.736 [info] Added views:workbench.debug.variablesView,workbench.debug.watchExpressionsView,workbench.debug.callStackView,workbench.debug.loadedScriptsView in workbench.view.debug
2023-08-03 20:53:52.783 [info] Removed views:workbench.debug.loadedScriptsView,workbench.debug.callStackView,workbench.debug.watchExpressionsView,workbench.debug.variablesView from workbench.view.debug
2023-08-03 20:53:52.798 [info] Added views:workbench.debug.welcome in workbench.view.debug
2023-08-03 20:54:18.227 [info] Removed views:workbench.debug.welcome from workbench.view.debug
2023-08-03 20:54:18.276 [info] Added views:workbench.debug.variablesView,workbench.debug.watchExpressionsView,workbench.debug.callStackView,workbench.debug.loadedScriptsView in workbench.view.debug
2023-08-03 21:46:47.865 [info] Removed views:workbench.debug.loadedScriptsView,workbench.debug.callStackView,workbench.debug.watchExpressionsView,workbench.debug.variablesView from workbench.view.debug
2023-08-03 21:46:47.879 [info] Added views:workbench.debug.welcome in workbench.view.debug
2023-08-03 21:46:47.893 [info] Removed views:workbench.debug.welcome from workbench.view.debug
2023-08-03 21:46:47.942 [info] Added views:workbench.debug.variablesView,workbench.debug.watchExpressionsView,workbench.debug.callStackView,workbench.debug.loadedScriptsView in workbench.view.debug
2023-08-03 21:46:48.014 [info] Removed views:workbench.debug.loadedScriptsView,workbench.debug.callStackView,workbench.debug.watchExpressionsView,workbench.debug.variablesView from workbench.view.debug
2023-08-03 21:46:48.029 [info] Added views:workbench.debug.welcome in workbench.view.debug
2023-08-03 21:47:17.167 [info] Removed views:workbench.debug.welcome from workbench.view.debug
2023-08-03 21:47:17.223 [info] Added views:workbench.debug.variablesView,workbench.debug.watchExpressionsView,workbench.debug.callStackView,workbench.debug.loadedScriptsView in workbench.view.debug
2023-08-03 21:47:17.830 [info] Removed views:workbench.debug.loadedScriptsView,workbench.debug.callStackView,workbench.debug.watchExpressionsView,workbench.debug.variablesView from workbench.view.debug
2023-08-03 21:47:17.844 [info] Added views:workbench.debug.welcome in workbench.view.debug
2023-08-03 21:47:32.336 [info] Removed views:workbench.debug.welcome from workbench.view.debug
2023-08-03 21:47:32.386 [info] Added views:workbench.debug.variablesView,workbench.debug.watchExpressionsView,workbench.debug.callStackView,workbench.debug.loadedScriptsView in workbench.view.debug
2023-08-03 21:47:53.753 [info] Removed views:workbench.debug.loadedScriptsView,workbench.debug.callStackView,workbench.debug.watchExpressionsView,workbench.debug.variablesView from workbench.view.debug
2023-08-03 21:47:53.774 [info] Added views:workbench.debug.welcome in workbench.view.debug
2023-08-03 21:47:53.786 [info] Removed views:workbench.debug.welcome from workbench.view.debug
2023-08-03 21:47:53.847 [info] Added views:workbench.debug.variablesView,workbench.debug.watchExpressionsView,workbench.debug.callStackView,workbench.debug.loadedScriptsView in workbench.view.debug
2023-08-03 21:47:53.910 [info] Removed views:workbench.debug.loadedScriptsView,workbench.debug.callStackView,workbench.debug.watchExpressionsView,workbench.debug.variablesView from workbench.view.debug
2023-08-03 21:47:53.926 [info] Added views:workbench.debug.welcome in workbench.view.debug
2023-08-03 21:48:18.631 [info] Removed views:workbench.debug.welcome from workbench.view.debug
2023-08-03 21:48:18.683 [info] Added views:workbench.debug.variablesView,workbench.debug.watchExpressionsView,workbench.debug.callStackView,workbench.debug.loadedScriptsView in workbench.view.debug
2023-08-03 21:48:19.947 [info] Removed views:workbench.debug.loadedScriptsView,workbench.debug.callStackView,workbench.debug.watchExpressionsView,workbench.debug.variablesView from workbench.view.debug
2023-08-03 21:48:19.968 [info] Added views:workbench.debug.welcome in workbench.view.debug
2023-08-03 21:48:19.980 [info] Removed views:workbench.debug.welcome from workbench.view.debug
2023-08-03 21:48:20.037 [info] Added views:workbench.debug.variablesView,workbench.debug.watchExpressionsView,workbench.debug.callStackView,workbench.debug.loadedScriptsView in workbench.view.debug
2023-08-03 21:48:20.133 [info] Removed views:workbench.debug.loadedScriptsView,workbench.debug.callStackView,workbench.debug.watchExpressionsView,workbench.debug.variablesView from workbench.view.debug
2023-08-03 21:48:20.151 [info] Added views:workbench.debug.welcome in workbench.view.debug
2023-08-03 21:48:32.016 [info] Removed views:workbench.debug.welcome from workbench.view.debug
2023-08-03 21:48:32.075 [info] Added views:workbench.debug.variablesView,workbench.debug.watchExpressionsView,workbench.debug.callStackView,workbench.debug.loadedScriptsView in workbench.view.debug
2023-08-03 21:48:41.337 [info] Removed views:workbench.debug.loadedScriptsView,workbench.debug.callStackView,workbench.debug.watchExpressionsView,workbench.debug.variablesView from workbench.view.debug
2023-08-03 21:48:41.354 [info] Added views:workbench.debug.welcome in workbench.view.debug
2023-08-03 21:48:41.368 [info] Removed views:workbench.debug.welcome from workbench.view.debug
2023-08-03 21:48:41.413 [info] Added views:workbench.debug.variablesView,workbench.debug.watchExpressionsView,workbench.debug.callStackView,workbench.debug.loadedScriptsView in workbench.view.debug
2023-08-03 21:48:41.472 [info] Removed views:workbench.debug.loadedScriptsView,workbench.debug.callStackView,workbench.debug.watchExpressionsView,workbench.debug.variablesView from workbench.view.debug
2023-08-03 21:48:41.489 [info] Added views:workbench.debug.welcome in workbench.view.debug
2023-08-03 21:48:43.458 [info] Removed views:workbench.debug.welcome from workbench.view.debug
2023-08-03 21:48:43.515 [info] Added views:workbench.debug.variablesView,workbench.debug.watchExpressionsView,workbench.debug.callStackView,workbench.debug.loadedScriptsView in workbench.view.debug
2023-08-03 21:48:50.409 [info] Removed views:workbench.debug.loadedScriptsView,workbench.debug.callStackView,workbench.debug.watchExpressionsView,workbench.debug.variablesView from workbench.view.debug
2023-08-03 21:48:50.433 [info] Added views:workbench.debug.welcome in workbench.view.debug
2023-08-03 21:48:50.448 [info] Removed views:workbench.debug.welcome from workbench.view.debug
2023-08-03 21:48:50.501 [info] Added views:workbench.debug.variablesView,workbench.debug.watchExpressionsView,workbench.debug.callStackView,workbench.debug.loadedScriptsView in workbench.view.debug
2023-08-03 21:48:50.606 [info] Removed views:workbench.debug.loadedScriptsView,workbench.debug.callStackView,workbench.debug.watchExpressionsView,workbench.debug.variablesView from workbench.view.debug
2023-08-03 21:48:50.626 [info] Added views:workbench.debug.welcome in workbench.view.debug
2023-08-03 21:48:53.939 [info] Removed views:workbench.debug.welcome from workbench.view.debug
2023-08-03 21:48:53.989 [info] Added views:workbench.debug.variablesView,workbench.debug.watchExpressionsView,workbench.debug.callStackView,workbench.debug.loadedScriptsView in workbench.view.debug
2023-08-03 21:49:31.408 [info] Removed views:workbench.debug.loadedScriptsView,workbench.debug.callStackView,workbench.debug.watchExpressionsView,workbench.debug.variablesView from workbench.view.debug
2023-08-03 21:49:31.424 [info] Added views:workbench.debug.welcome in workbench.view.debug
2023-08-03 21:49:31.437 [info] Removed views:workbench.debug.welcome from workbench.view.debug
2023-08-03 21:49:31.492 [info] Added views:workbench.debug.variablesView,workbench.debug.watchExpressionsView,workbench.debug.callStackView,workbench.debug.loadedScriptsView in workbench.view.debug
2023-08-03 21:49:31.573 [info] Removed views:workbench.debug.loadedScriptsView,workbench.debug.callStackView,workbench.debug.watchExpressionsView,workbench.debug.variablesView from workbench.view.debug
2023-08-03 21:49:31.606 [info] Added views:workbench.debug.welcome in workbench.view.debug
2023-08-03 21:50:31.309 [info] Removed views:workbench.debug.welcome from workbench.view.debug
2023-08-03 21:50:31.380 [info] Added views:workbench.debug.variablesView,workbench.debug.watchExpressionsView,workbench.debug.callStackView,workbench.debug.loadedScriptsView in workbench.view.debug
2023-08-03 21:50:40.032 [info] Removed views:workbench.debug.loadedScriptsView,workbench.debug.callStackView,workbench.debug.watchExpressionsView,workbench.debug.variablesView from workbench.view.debug
2023-08-03 21:50:40.063 [info] Added views:workbench.debug.welcome in workbench.view.debug
2023-08-03 21:50:40.077 [info] Removed views:workbench.debug.welcome from workbench.view.debug
2023-08-03 21:50:40.120 [info] Added views:workbench.debug.variablesView,workbench.debug.watchExpressionsView,workbench.debug.callStackView,workbench.debug.loadedScriptsView in workbench.view.debug
2023-08-03 21:50:40.172 [info] Removed views:workbench.debug.loadedScriptsView,workbench.debug.callStackView,workbench.debug.watchExpressionsView,workbench.debug.variablesView from workbench.view.debug
2023-08-03 21:50:40.189 [info] Added views:workbench.debug.welcome in workbench.view.debug
2023-08-03 21:51:02.300 [info] Removed views:workbench.debug.welcome from workbench.view.debug
2023-08-03 21:51:02.379 [info] Added views:workbench.debug.variablesView,workbench.debug.watchExpressionsView,workbench.debug.callStackView,workbench.debug.loadedScriptsView in workbench.view.debug
2023-08-03 21:51:02.893 [info] Removed views:workbench.debug.loadedScriptsView,workbench.debug.callStackView,workbench.debug.watchExpressionsView,workbench.debug.variablesView from workbench.view.debug
2023-08-03 21:51:02.914 [info] Added views:workbench.debug.welcome in workbench.view.debug
2023-08-03 21:51:02.927 [info] Removed views:workbench.debug.welcome from workbench.view.debug
2023-08-03 21:51:02.972 [info] Added views:workbench.debug.variablesView,workbench.debug.watchExpressionsView,workbench.debug.callStackView,workbench.debug.loadedScriptsView in workbench.view.debug
2023-08-03 21:51:03.037 [info] Removed views:workbench.debug.loadedScriptsView,workbench.debug.callStackView,workbench.debug.watchExpressionsView,workbench.debug.variablesView from workbench.view.debug
2023-08-03 21:51:03.058 [info] Added views:workbench.debug.welcome in workbench.view.debug
2023-08-03 21:51:13.833 [info] Removed views:workbench.debug.welcome from workbench.view.debug
2023-08-03 21:51:13.892 [info] Added views:workbench.debug.variablesView,workbench.debug.watchExpressionsView,workbench.debug.callStackView,workbench.debug.loadedScriptsView in workbench.view.debug
2023-08-03 21:51:14.900 [info] Removed views:workbench.debug.loadedScriptsView,workbench.debug.callStackView,workbench.debug.watchExpressionsView,workbench.debug.variablesView from workbench.view.debug
2023-08-03 21:51:14.916 [info] Added views:workbench.debug.welcome in workbench.view.debug
2023-08-03 21:51:39.320 [info] Removed views:workbench.debug.welcome from workbench.view.debug
2023-08-03 21:51:39.379 [info] Added views:workbench.debug.variablesView,workbench.debug.watchExpressionsView,workbench.debug.callStackView,workbench.debug.loadedScriptsView in workbench.view.debug
2023-08-03 21:51:39.892 [info] Removed views:workbench.debug.loadedScriptsView,workbench.debug.callStackView,workbench.debug.watchExpressionsView,workbench.debug.variablesView from workbench.view.debug
2023-08-03 21:51:39.911 [info] Added views:workbench.debug.welcome in workbench.view.debug
2023-08-03 21:52:05.810 [info] Removed views:workbench.debug.welcome from workbench.view.debug
2023-08-03 21:52:05.870 [info] Added views:workbench.debug.variablesView,workbench.debug.watchExpressionsView,workbench.debug.callStackView,workbench.debug.loadedScriptsView in workbench.view.debug
2023-08-03 21:52:06.376 [info] Removed views:workbench.debug.loadedScriptsView,workbench.debug.callStackView,workbench.debug.watchExpressionsView,workbench.debug.variablesView from workbench.view.debug
2023-08-03 21:52:06.394 [info] Added views:workbench.debug.welcome in workbench.view.debug
2023-08-03 21:52:06.405 [info] Removed views:workbench.debug.welcome from workbench.view.debug
2023-08-03 21:52:06.464 [info] Added views:workbench.debug.variablesView,workbench.debug.watchExpressionsView,workbench.debug.callStackView,workbench.debug.loadedScriptsView in workbench.view.debug
2023-08-03 21:52:06.550 [info] Removed views:workbench.debug.loadedScriptsView,workbench.debug.callStackView,workbench.debug.watchExpressionsView,workbench.debug.variablesView from workbench.view.debug
2023-08-03 21:52:06.569 [info] Added views:workbench.debug.welcome in workbench.view.debug
2023-08-03 21:52:17.617 [info] Removed views:workbench.debug.welcome from workbench.view.debug
2023-08-03 21:52:17.676 [info] Added views:workbench.debug.variablesView,workbench.debug.watchExpressionsView,workbench.debug.callStackView,workbench.debug.loadedScriptsView in workbench.view.debug
2023-08-03 21:52:18.157 [info] Removed views:workbench.debug.loadedScriptsView,workbench.debug.callStackView,workbench.debug.watchExpressionsView,workbench.debug.variablesView from workbench.view.debug
2023-08-03 21:52:18.174 [info] Added views:workbench.debug.welcome in workbench.view.debug
2023-08-03 22:00:40.441 [info] Removed views:workbench.debug.welcome from workbench.view.debug
2023-08-03 22:00:40.509 [info] Added views:workbench.debug.variablesView,workbench.debug.watchExpressionsView,workbench.debug.callStackView,workbench.debug.loadedScriptsView in workbench.view.debug
2023-08-03 22:00:40.956 [info] Removed views:workbench.debug.loadedScriptsView,workbench.debug.callStackView,workbench.debug.watchExpressionsView,workbench.debug.variablesView from workbench.view.debug
2023-08-03 22:00:40.974 [info] Added views:workbench.debug.welcome in workbench.view.debug
2023-08-03 22:02:22.786 [info] Removed views:workbench.debug.welcome from workbench.view.debug
2023-08-03 22:02:22.837 [info] Added views:workbench.debug.variablesView,workbench.debug.watchExpressionsView,workbench.debug.callStackView,workbench.debug.loadedScriptsView in workbench.view.debug
2023-08-03 22:02:23.359 [info] Removed views:workbench.debug.loadedScriptsView,workbench.debug.callStackView,workbench.debug.watchExpressionsView,workbench.debug.variablesView from workbench.view.debug
2023-08-03 22:02:23.387 [info] Added views:workbench.debug.welcome in workbench.view.debug
2023-08-03 22:02:23.401 [info] Removed views:workbench.debug.welcome from workbench.view.debug
2023-08-03 22:02:23.448 [info] Added views:workbench.debug.variablesView,workbench.debug.watchExpressionsView,workbench.debug.callStackView,workbench.debug.loadedScriptsView in workbench.view.debug
2023-08-03 22:02:23.504 [info] Removed views:workbench.debug.loadedScriptsView,workbench.debug.callStackView,workbench.debug.watchExpressionsView,workbench.debug.variablesView from workbench.view.debug
2023-08-03 22:02:23.523 [info] Added views:workbench.debug.welcome in workbench.view.debug
2023-08-03 22:02:35.310 [info] Removed views:workbench.debug.welcome from workbench.view.debug
2023-08-03 22:02:35.373 [info] Added views:workbench.debug.variablesView,workbench.debug.watchExpressionsView,workbench.debug.callStackView,workbench.debug.loadedScriptsView in workbench.view.debug
2023-08-03 22:04:49.343 [info] Removed views:workbench.debug.loadedScriptsView,workbench.debug.callStackView,workbench.debug.watchExpressionsView,workbench.debug.variablesView from workbench.view.debug
2023-08-03 22:04:49.361 [info] Added views:workbench.debug.welcome in workbench.view.debug
2023-08-03 22:04:55.515 [info] Removed views:workbench.debug.welcome from workbench.view.debug
2023-08-03 22:04:55.573 [info] Added views:workbench.debug.variablesView,workbench.debug.watchExpressionsView,workbench.debug.callStackView,workbench.debug.loadedScriptsView in workbench.view.debug
2023-08-03 22:04:56.079 [info] Removed views:workbench.debug.loadedScriptsView,workbench.debug.callStackView,workbench.debug.watchExpressionsView,workbench.debug.variablesView from workbench.view.debug
2023-08-03 22:04:56.097 [info] Added views:workbench.debug.welcome in workbench.view.debug
2023-08-03 22:04:56.107 [info] Removed views:workbench.debug.welcome from workbench.view.debug
2023-08-03 22:04:56.147 [info] Added views:workbench.debug.variablesView,workbench.debug.watchExpressionsView,workbench.debug.callStackView,workbench.debug.loadedScriptsView in workbench.view.debug
2023-08-03 22:04:56.194 [info] Removed views:workbench.debug.loadedScriptsView,workbench.debug.callStackView,workbench.debug.watchExpressionsView,workbench.debug.variablesView from workbench.view.debug
2023-08-03 22:04:56.213 [info] Added views:workbench.debug.welcome in workbench.view.debug
2023-08-03 22:05:08.176 [info] Removed views:workbench.debug.welcome from workbench.view.debug
2023-08-03 22:05:08.227 [info] Added views:workbench.debug.variablesView,workbench.debug.watchExpressionsView,workbench.debug.callStackView,workbench.debug.loadedScriptsView in workbench.view.debug
2023-08-03 22:19:58.238 [info] Removed views:workbench.debug.loadedScriptsView,workbench.debug.callStackView,workbench.debug.watchExpressionsView,workbench.debug.variablesView from workbench.view.debug
2023-08-03 22:19:58.258 [info] Added views:workbench.debug.welcome in workbench.view.debug
2023-08-03 22:19:58.271 [info] Removed views:workbench.debug.welcome from workbench.view.debug
2023-08-03 22:19:58.321 [info] Added views:workbench.debug.variablesView,workbench.debug.watchExpressionsView,workbench.debug.callStackView,workbench.debug.loadedScriptsView in workbench.view.debug
2023-08-03 22:19:58.389 [info] Removed views:workbench.debug.loadedScriptsView,workbench.debug.callStackView,workbench.debug.watchExpressionsView,workbench.debug.variablesView from workbench.view.debug
2023-08-03 22:19:58.405 [info] Added views:workbench.debug.welcome in workbench.view.debug
2023-08-03 22:24:51.571 [info] Removed views:workbench.debug.welcome from workbench.view.debug
2023-08-03 22:24:51.621 [info] Added views:workbench.debug.variablesView,workbench.debug.watchExpressionsView,workbench.debug.callStackView,workbench.debug.loadedScriptsView in workbench.view.debug
2023-08-03 22:25:17.723 [info] Removed views:workbench.debug.loadedScriptsView,workbench.debug.callStackView,workbench.debug.watchExpressionsView,workbench.debug.variablesView from workbench.view.debug
2023-08-03 22:25:17.758 [info] Added views:workbench.debug.welcome in workbench.view.debug
2023-08-03 22:25:17.769 [info] Removed views:workbench.debug.welcome from workbench.view.debug
2023-08-03 22:25:17.813 [info] Added views:workbench.debug.variablesView,workbench.debug.watchExpressionsView,workbench.debug.callStackView,workbench.debug.loadedScriptsView in workbench.view.debug
2023-08-03 22:25:17.886 [info] Removed views:workbench.debug.loadedScriptsView,workbench.debug.callStackView,workbench.debug.watchExpressionsView,workbench.debug.variablesView from workbench.view.debug
2023-08-03 22:25:17.909 [info] Added views:workbench.debug.welcome in workbench.view.debug
2023-08-03 22:25:19.206 [info] Removed views:workbench.debug.welcome from workbench.view.debug
2023-08-03 22:25:19.300 [info] Added views:workbench.debug.variablesView,workbench.debug.watchExpressionsView,workbench.debug.callStackView,workbench.debug.loadedScriptsView in workbench.view.debug
2023-08-03 22:25:19.738 [info] Removed views:workbench.debug.loadedScriptsView,workbench.debug.callStackView,workbench.debug.watchExpressionsView,workbench.debug.variablesView from workbench.view.debug
2023-08-03 22:25:19.758 [info] Added views:workbench.debug.welcome in workbench.view.debug
2023-08-03 22:25:48.774 [info] Removed views:workbench.debug.welcome from workbench.view.debug
2023-08-03 22:25:48.838 [info] Added views:workbench.debug.variablesView,workbench.debug.watchExpressionsView,workbench.debug.callStackView,workbench.debug.loadedScriptsView in workbench.view.debug
2023-08-03 22:25:49.339 [info] Removed views:workbench.debug.loadedScriptsView,workbench.debug.callStackView,workbench.debug.watchExpressionsView,workbench.debug.variablesView from workbench.view.debug
2023-08-03 22:25:49.357 [info] Added views:workbench.debug.welcome in workbench.view.debug
2023-08-03 22:25:57.954 [info] Removed views:workbench.debug.welcome from workbench.view.debug
2023-08-03 22:25:58.018 [info] Added views:workbench.debug.variablesView,workbench.debug.watchExpressionsView,workbench.debug.callStackView,workbench.debug.loadedScriptsView in workbench.view.debug
2023-08-03 22:25:58.522 [info] Removed views:workbench.debug.loadedScriptsView,workbench.debug.callStackView,workbench.debug.watchExpressionsView,workbench.debug.variablesView from workbench.view.debug
2023-08-03 22:25:58.546 [info] Added views:workbench.debug.welcome in workbench.view.debug
2023-08-03 22:33:31.475 [info] Removed views:workbench.debug.welcome from workbench.view.debug
2023-08-03 22:33:31.532 [info] Added views:workbench.debug.variablesView,workbench.debug.watchExpressionsView,workbench.debug.callStackView,workbench.debug.loadedScriptsView in workbench.view.debug
2023-08-03 22:33:32.035 [info] Removed views:workbench.debug.loadedScriptsView,workbench.debug.callStackView,workbench.debug.watchExpressionsView,workbench.debug.variablesView from workbench.view.debug
2023-08-03 22:33:32.058 [info] Added views:workbench.debug.welcome in workbench.view.debug
2023-08-03 22:33:32.073 [info] Removed views:workbench.debug.welcome from workbench.view.debug
2023-08-03 22:33:32.117 [info] Added views:workbench.debug.variablesView,workbench.debug.watchExpressionsView,workbench.debug.callStackView,workbench.debug.loadedScriptsView in workbench.view.debug
2023-08-03 22:33:32.166 [info] Removed views:workbench.debug.loadedScriptsView,workbench.debug.callStackView,workbench.debug.watchExpressionsView,workbench.debug.variablesView from workbench.view.debug
2023-08-03 22:33:32.186 [info] Added views:workbench.debug.welcome in workbench.view.debug
2023-08-03 22:33:49.644 [info] Removed views:workbench.debug.welcome from workbench.view.debug
2023-08-03 22:33:49.698 [info] Added views:workbench.debug.variablesView,workbench.debug.watchExpressionsView,workbench.debug.callStackView,workbench.debug.loadedScriptsView in workbench.view.debug
2023-08-03 22:33:50.163 [info] Removed views:workbench.debug.loadedScriptsView,workbench.debug.callStackView,workbench.debug.watchExpressionsView,workbench.debug.variablesView from workbench.view.debug
2023-08-03 22:33:50.186 [info] Added views:workbench.debug.welcome in workbench.view.debug
2023-08-03 22:33:50.202 [info] Removed views:workbench.debug.welcome from workbench.view.debug
2023-08-03 22:33:50.242 [info] Added views:workbench.debug.variablesView,workbench.debug.watchExpressionsView,workbench.debug.callStackView,workbench.debug.loadedScriptsView in workbench.view.debug
2023-08-03 22:33:50.288 [info] Removed views:workbench.debug.loadedScriptsView,workbench.debug.callStackView,workbench.debug.watchExpressionsView,workbench.debug.variablesView from workbench.view.debug
2023-08-03 22:33:50.304 [info] Added views:workbench.debug.welcome in workbench.view.debug
2023-08-03 22:34:39.782 [info] Removed views:workbench.debug.welcome from workbench.view.debug
2023-08-03 22:34:39.825 [info] Added views:workbench.debug.variablesView,workbench.debug.watchExpressionsView,workbench.debug.callStackView,workbench.debug.loadedScriptsView in workbench.view.debug
2023-08-03 22:34:40.330 [info] Removed views:workbench.debug.loadedScriptsView,workbench.debug.callStackView,workbench.debug.watchExpressionsView,workbench.debug.variablesView from workbench.view.debug
2023-08-03 22:34:40.349 [info] Added views:workbench.debug.welcome in workbench.view.debug
2023-08-03 22:34:40.361 [info] Removed views:workbench.debug.welcome from workbench.view.debug
2023-08-03 22:34:40.396 [info] Added views:workbench.debug.variablesView,workbench.debug.watchExpressionsView,workbench.debug.callStackView,workbench.debug.loadedScriptsView in workbench.view.debug
2023-08-03 22:34:40.438 [info] Removed views:workbench.debug.loadedScriptsView,workbench.debug.callStackView,workbench.debug.watchExpressionsView,workbench.debug.variablesView from workbench.view.debug
2023-08-03 22:34:40.459 [info] Added views:workbench.debug.welcome in workbench.view.debug
2023-08-03 22:34:55.091 [info] Removed views:workbench.debug.welcome from workbench.view.debug
2023-08-03 22:34:55.138 [info] Added views:workbench.debug.variablesView,workbench.debug.watchExpressionsView,workbench.debug.callStackView,workbench.debug.loadedScriptsView in workbench.view.debug
2023-08-03 22:38:04.577 [info] Removed views:workbench.debug.loadedScriptsView,workbench.debug.callStackView,workbench.debug.watchExpressionsView,workbench.debug.variablesView from workbench.view.debug
2023-08-03 22:38:04.595 [info] Added views:workbench.debug.welcome in workbench.view.debug
2023-08-03 22:38:04.606 [info] Removed views:workbench.debug.welcome from workbench.view.debug
2023-08-03 22:38:04.654 [info] Added views:workbench.debug.variablesView,workbench.debug.watchExpressionsView,workbench.debug.callStackView,workbench.debug.loadedScriptsView in workbench.view.debug
2023-08-03 22:38:04.742 [info] Removed views:workbench.debug.loadedScriptsView,workbench.debug.callStackView,workbench.debug.watchExpressionsView,workbench.debug.variablesView from workbench.view.debug
2023-08-03 22:38:04.774 [info] Added views:workbench.debug.welcome in workbench.view.debug
2023-08-03 22:38:22.548 [info] Removed views:workbench.debug.welcome from workbench.view.debug
2023-08-03 22:38:22.594 [info] Added views:workbench.debug.variablesView,workbench.debug.watchExpressionsView,workbench.debug.callStackView,workbench.debug.loadedScriptsView in workbench.view.debug
2023-08-07 17:16:56.731 [info] Removed views:workbench.debug.loadedScriptsView,workbench.debug.callStackView,workbench.debug.watchExpressionsView,workbench.debug.variablesView from workbench.view.debug
2023-08-07 17:16:56.751 [info] Added views:workbench.debug.welcome in workbench.view.debug
2023-08-07 17:16:56.763 [info] Removed views:workbench.debug.welcome from workbench.view.debug
2023-08-07 17:16:56.811 [info] Added views:workbench.debug.variablesView,workbench.debug.watchExpressionsView,workbench.debug.callStackView,workbench.debug.loadedScriptsView in workbench.view.debug
2023-08-07 17:16:56.859 [info] Removed views:workbench.debug.loadedScriptsView,workbench.debug.callStackView,workbench.debug.watchExpressionsView,workbench.debug.variablesView from workbench.view.debug
2023-08-07 17:16:56.881 [info] Added views:workbench.debug.welcome in workbench.view.debug
2023-08-07 17:16:58.768 [info] Removed views:workbench.debug.welcome from workbench.view.debug
2023-08-07 17:16:58.817 [info] Added views:workbench.debug.variablesView,workbench.debug.watchExpressionsView,workbench.debug.callStackView,workbench.debug.loadedScriptsView in workbench.view.debug
2023-08-07 17:17:05.032 [info] Removed views:workbench.debug.loadedScriptsView,workbench.debug.callStackView,workbench.debug.watchExpressionsView,workbench.debug.variablesView from workbench.view.debug
2023-08-07 17:17:05.049 [info] Added views:workbench.debug.welcome in workbench.view.debug
2023-08-07 17:17:05.061 [info] Removed views:workbench.debug.welcome from workbench.view.debug
2023-08-07 17:17:05.101 [info] Added views:workbench.debug.variablesView,workbench.debug.watchExpressionsView,workbench.debug.callStackView,workbench.debug.loadedScriptsView in workbench.view.debug
2023-08-07 17:17:05.164 [info] Removed views:workbench.debug.loadedScriptsView,workbench.debug.callStackView,workbench.debug.watchExpressionsView,workbench.debug.variablesView from workbench.view.debug
2023-08-07 17:17:05.202 [info] Added views:workbench.debug.welcome in workbench.view.debug
2023-08-07 17:17:12.412 [info] Removed views:workbench.debug.welcome from workbench.view.debug
2023-08-07 17:17:12.450 [info] Added views:workbench.debug.variablesView,workbench.debug.watchExpressionsView,workbench.debug.callStackView,workbench.debug.loadedScriptsView in workbench.view.debug
2023-08-07 17:19:07.888 [info] Removed views:workbench.debug.loadedScriptsView,workbench.debug.callStackView,workbench.debug.watchExpressionsView,workbench.debug.variablesView from workbench.view.debug
2023-08-07 17:19:07.909 [info] Added views:workbench.debug.welcome in workbench.view.debug
2023-08-07 17:19:07.926 [info] Removed views:workbench.debug.welcome from workbench.view.debug
2023-08-07 17:19:07.971 [info] Added views:workbench.debug.variablesView,workbench.debug.watchExpressionsView,workbench.debug.callStackView,workbench.debug.loadedScriptsView in workbench.view.debug
2023-08-07 17:19:08.025 [info] Removed views:workbench.debug.loadedScriptsView,workbench.debug.callStackView,workbench.debug.watchExpressionsView,workbench.debug.variablesView from workbench.view.debug
2023-08-07 17:19:08.041 [info] Added views:workbench.debug.welcome in workbench.view.debug
2023-08-07 17:19:09.365 [info] Removed views:workbench.debug.welcome from workbench.view.debug
2023-08-07 17:19:09.407 [info] Added views:workbench.debug.variablesView,workbench.debug.watchExpressionsView,workbench.debug.callStackView,workbench.debug.loadedScriptsView in workbench.view.debug
2023-08-07 17:20:18.604 [info] Removed views:workbench.debug.loadedScriptsView,workbench.debug.callStackView,workbench.debug.watchExpressionsView,workbench.debug.variablesView from workbench.view.debug
2023-08-07 17:20:18.626 [info] Added views:workbench.debug.welcome in workbench.view.debug
2023-08-07 17:20:18.640 [info] Removed views:workbench.debug.welcome from workbench.view.debug
2023-08-07 17:20:18.687 [info] Added views:workbench.debug.variablesView,workbench.debug.watchExpressionsView,workbench.debug.callStackView,workbench.debug.loadedScriptsView in workbench.view.debug
2023-08-07 17:20:18.780 [info] Removed views:workbench.debug.loadedScriptsView,workbench.debug.callStackView,workbench.debug.watchExpressionsView,workbench.debug.variablesView from workbench.view.debug
2023-08-07 17:20:18.802 [info] Added views:workbench.debug.welcome in workbench.view.debug
2023-08-07 17:20:55.100 [info] Removed views:workbench.debug.welcome from workbench.view.debug
2023-08-07 17:20:55.147 [info] Added views:workbench.debug.variablesView,workbench.debug.watchExpressionsView,workbench.debug.callStackView,workbench.debug.loadedScriptsView in workbench.view.debug
2023-08-07 17:21:18.930 [info] Removed views:workbench.debug.loadedScriptsView,workbench.debug.callStackView,workbench.debug.watchExpressionsView,workbench.debug.variablesView from workbench.view.debug
2023-08-07 17:21:18.950 [info] Added views:workbench.debug.welcome in workbench.view.debug
2023-08-07 17:21:18.963 [info] Removed views:workbench.debug.welcome from workbench.view.debug
2023-08-07 17:21:19.015 [info] Added views:workbench.debug.variablesView,workbench.debug.watchExpressionsView,workbench.debug.callStackView,workbench.debug.loadedScriptsView in workbench.view.debug
2023-08-07 17:21:19.077 [info] Removed views:workbench.debug.loadedScriptsView,workbench.debug.callStackView,workbench.debug.watchExpressionsView,workbench.debug.variablesView from workbench.view.debug
2023-08-07 17:21:19.096 [info] Added views:workbench.debug.welcome in workbench.view.debug
2023-08-07 17:21:32.998 [info] Removed views:workbench.debug.welcome from workbench.view.debug
2023-08-07 17:21:33.053 [info] Added views:workbench.debug.variablesView,workbench.debug.watchExpressionsView,workbench.debug.callStackView,workbench.debug.loadedScriptsView in workbench.view.debug
2023-08-07 17:21:33.556 [info] Removed views:workbench.debug.loadedScriptsView,workbench.debug.callStackView,workbench.debug.watchExpressionsView,workbench.debug.variablesView from workbench.view.debug
2023-08-07 17:21:33.579 [info] Added views:workbench.debug.welcome in workbench.view.debug
2023-08-07 17:21:33.590 [info] Removed views:workbench.debug.welcome from workbench.view.debug
2023-08-07 17:21:33.631 [info] Added views:workbench.debug.variablesView,workbench.debug.watchExpressionsView,workbench.debug.callStackView,workbench.debug.loadedScriptsView in workbench.view.debug
2023-08-07 17:21:33.685 [info] Removed views:workbench.debug.loadedScriptsView,workbench.debug.callStackView,workbench.debug.watchExpressionsView,workbench.debug.variablesView from workbench.view.debug
2023-08-07 17:21:33.706 [info] Added views:workbench.debug.welcome in workbench.view.debug
2023-08-07 17:22:06.957 [info] Removed views:workbench.debug.welcome from workbench.view.debug
2023-08-07 17:22:07.016 [info] Added views:workbench.debug.variablesView,workbench.debug.watchExpressionsView,workbench.debug.callStackView,workbench.debug.loadedScriptsView in workbench.view.debug
2023-08-07 17:25:47.923 [info] Removed views:workbench.debug.loadedScriptsView,workbench.debug.callStackView,workbench.debug.watchExpressionsView,workbench.debug.variablesView from workbench.view.debug
2023-08-07 17:25:47.938 [info] Added views:workbench.debug.welcome in workbench.view.debug
2023-08-07 17:25:47.951 [info] Removed views:workbench.debug.welcome from workbench.view.debug
2023-08-07 17:25:47.994 [info] Added views:workbench.debug.variablesView,workbench.debug.watchExpressionsView,workbench.debug.callStackView,workbench.debug.loadedScriptsView in workbench.view.debug
2023-08-07 17:25:48.055 [info] Removed views:workbench.debug.loadedScriptsView,workbench.debug.callStackView,workbench.debug.watchExpressionsView,workbench.debug.variablesView from workbench.view.debug
2023-08-07 17:25:48.071 [info] Added views:workbench.debug.welcome in workbench.view.debug
2023-08-07 17:25:58.796 [info] Removed views:workbench.debug.welcome from workbench.view.debug
2023-08-07 17:25:58.860 [info] Added views:workbench.debug.variablesView,workbench.debug.watchExpressionsView,workbench.debug.callStackView,workbench.debug.loadedScriptsView in workbench.view.debug
2023-08-07 17:28:49.738 [info] Removed views:workbench.debug.loadedScriptsView,workbench.debug.callStackView,workbench.debug.watchExpressionsView,workbench.debug.variablesView from workbench.view.debug
2023-08-07 17:28:49.755 [info] Added views:workbench.debug.welcome in workbench.view.debug
2023-08-07 17:29:14.474 [info] Removed views:workbench.debug.welcome from workbench.view.debug
2023-08-07 17:29:14.519 [info] Added views:workbench.debug.variablesView,workbench.debug.watchExpressionsView,workbench.debug.callStackView,workbench.debug.loadedScriptsView in workbench.view.debug
2023-08-07 17:29:42.333 [info] Removed views:workbench.debug.loadedScriptsView,workbench.debug.callStackView,workbench.debug.watchExpressionsView,workbench.debug.variablesView from workbench.view.debug
2023-08-07 17:29:42.349 [info] Added views:workbench.debug.welcome in workbench.view.debug
2023-08-07 17:29:43.463 [info] Removed views:workbench.debug.welcome from workbench.view.debug
2023-08-07 17:29:43.507 [info] Added views:workbench.debug.variablesView,workbench.debug.watchExpressionsView,workbench.debug.callStackView,workbench.debug.loadedScriptsView in workbench.view.debug
2023-08-07 17:42:03.366 [info] Removed views:workbench.debug.loadedScriptsView,workbench.debug.callStackView,workbench.debug.watchExpressionsView,workbench.debug.variablesView from workbench.view.debug
2023-08-07 17:42:03.383 [info] Added views:workbench.debug.welcome in workbench.view.debug
2023-08-07 17:42:03.395 [info] Removed views:workbench.debug.welcome from workbench.view.debug
2023-08-07 17:42:03.443 [info] Added views:workbench.debug.variablesView,workbench.debug.watchExpressionsView,workbench.debug.callStackView,workbench.debug.loadedScriptsView in workbench.view.debug
2023-08-07 17:42:03.517 [info] Removed views:workbench.debug.loadedScriptsView,workbench.debug.callStackView,workbench.debug.watchExpressionsView,workbench.debug.variablesView from workbench.view.debug
2023-08-07 17:42:03.534 [info] Added views:workbench.debug.welcome in workbench.view.debug
2023-08-07 17:42:04.826 [info] Removed views:workbench.debug.welcome from workbench.view.debug
2023-08-07 17:42:04.891 [info] Added views:workbench.debug.variablesView,workbench.debug.watchExpressionsView,workbench.debug.callStackView,workbench.debug.loadedScriptsView in workbench.view.debug
2023-08-07 17:42:08.460 [info] Removed views:workbench.debug.loadedScriptsView,workbench.debug.callStackView,workbench.debug.watchExpressionsView,workbench.debug.variablesView from workbench.view.debug
2023-08-07 17:42:08.478 [info] Added views:workbench.debug.welcome in workbench.view.debug
2023-08-07 17:42:08.492 [info] Removed views:workbench.debug.welcome from workbench.view.debug
2023-08-07 17:42:08.534 [info] Added views:workbench.debug.variablesView,workbench.debug.watchExpressionsView,workbench.debug.callStackView,workbench.debug.loadedScriptsView in workbench.view.debug
2023-08-07 17:42:08.588 [info] Removed views:workbench.debug.loadedScriptsView,workbench.debug.callStackView,workbench.debug.watchExpressionsView,workbench.debug.variablesView from workbench.view.debug
2023-08-07 17:42:08.603 [info] Added views:workbench.debug.welcome in workbench.view.debug
2023-08-07 17:42:43.820 [info] Removed views:workbench.debug.welcome from workbench.view.debug
2023-08-07 17:42:43.866 [info] Added views:workbench.debug.variablesView,workbench.debug.watchExpressionsView,workbench.debug.callStackView,workbench.debug.loadedScriptsView in workbench.view.debug
2023-08-07 17:42:44.371 [info] Removed views:workbench.debug.loadedScriptsView,workbench.debug.callStackView,workbench.debug.watchExpressionsView,workbench.debug.variablesView from workbench.view.debug
2023-08-07 17:42:44.418 [info] Added views:workbench.debug.welcome in workbench.view.debug
2023-08-07 17:42:44.430 [info] Removed views:workbench.debug.welcome from workbench.view.debug
2023-08-07 17:42:44.469 [info] Added views:workbench.debug.variablesView,workbench.debug.watchExpressionsView,workbench.debug.callStackView,workbench.debug.loadedScriptsView in workbench.view.debug
2023-08-07 17:42:44.524 [info] Removed views:workbench.debug.loadedScriptsView,workbench.debug.callStackView,workbench.debug.watchExpressionsView,workbench.debug.variablesView from workbench.view.debug
2023-08-07 17:42:44.545 [info] Added views:workbench.debug.welcome in workbench.view.debug
2023-08-07 17:42:46.038 [info] Removed views:workbench.debug.welcome from workbench.view.debug
2023-08-07 17:42:46.087 [info] Added views:workbench.debug.variablesView,workbench.debug.watchExpressionsView,workbench.debug.callStackView,workbench.debug.loadedScriptsView in workbench.view.debug
2023-08-07 17:42:46.555 [info] Removed views:workbench.debug.loadedScriptsView,workbench.debug.callStackView,workbench.debug.watchExpressionsView,workbench.debug.variablesView from workbench.view.debug
2023-08-07 17:42:46.570 [info] Added views:workbench.debug.welcome in workbench.view.debug
2023-08-07 17:42:46.583 [info] Removed views:workbench.debug.welcome from workbench.view.debug
2023-08-07 17:42:46.623 [info] Added views:workbench.debug.variablesView,workbench.debug.watchExpressionsView,workbench.debug.callStackView,workbench.debug.loadedScriptsView in workbench.view.debug
2023-08-07 17:42:46.684 [info] Removed views:workbench.debug.loadedScriptsView,workbench.debug.callStackView,workbench.debug.watchExpressionsView,workbench.debug.variablesView from workbench.view.debug
2023-08-07 17:42:46.726 [info] Added views:workbench.debug.welcome in workbench.view.debug
2023-08-07 17:43:36.498 [info] Removed views:workbench.debug.welcome from workbench.view.debug
2023-08-07 17:43:36.548 [info] Added views:workbench.debug.variablesView,workbench.debug.watchExpressionsView,workbench.debug.callStackView,workbench.debug.loadedScriptsView in workbench.view.debug
2023-08-07 17:43:37.041 [info] Removed views:workbench.debug.loadedScriptsView,workbench.debug.callStackView,workbench.debug.watchExpressionsView,workbench.debug.variablesView from workbench.view.debug
2023-08-07 17:43:37.060 [info] Added views:workbench.debug.welcome in workbench.view.debug
2023-08-07 17:43:37.073 [info] Removed views:workbench.debug.welcome from workbench.view.debug
2023-08-07 17:43:37.111 [info] Added views:workbench.debug.variablesView,workbench.debug.watchExpressionsView,workbench.debug.callStackView,workbench.debug.loadedScriptsView in workbench.view.debug
2023-08-07 17:43:37.152 [info] Removed views:workbench.debug.loadedScriptsView,workbench.debug.callStackView,workbench.debug.watchExpressionsView,workbench.debug.variablesView from workbench.view.debug
2023-08-07 17:43:37.168 [info] Added views:workbench.debug.welcome in workbench.view.debug
2023-08-07 17:44:24.409 [info] Added views:workbench.panel.markers.view in workbench.panel.markers
2023-08-07 17:44:24.409 [info] Added views:workbench.panel.output in workbench.panel.output
2023-08-07 17:44:24.409 [info] Added views:terminal in terminal
2023-08-07 17:44:24.409 [info] Added views:outline in workbench.view.explorer
2023-08-07 17:44:24.409 [info] Added views:workbench.scm in workbench.view.scm
2023-08-07 17:44:24.409 [info] Added views:workbench.view.search in workbench.view.search
2023-08-07 17:44:24.409 [info] Added views:timeline in workbench.view.explorer
2023-08-07 17:44:24.409 [info] Added views:workbench.explorer.fileView in workbench.view.explorer
2023-08-07 17:44:24.603 [info] Added views:workbench.debug.variablesView,workbench.debug.watchExpressionsView,workbench.debug.callStackView,workbench.debug.breakPointsView in workbench.view.debug
2023-08-07 17:44:24.772 [info] Added views:workbench.panel.repl.view in workbench.panel.repl
2023-08-07 17:44:24.773 [info] Removed views:workbench.debug.breakPointsView,workbench.debug.callStackView,workbench.debug.watchExpressionsView,workbench.debug.variablesView from workbench.view.debug
2023-08-07 17:44:24.773 [info] Added views:workbench.debug.welcome in workbench.view.debug
2023-08-07 17:47:16.011 [info] Added views:workbench.debug.breakPointsView in workbench.view.debug
2023-08-07 17:47:19.358 [info] Removed views:workbench.debug.welcome from workbench.view.debug
2023-08-07 17:47:19.413 [info] Added views:workbench.debug.variablesView,workbench.debug.watchExpressionsView,workbench.debug.callStackView,workbench.debug.loadedScriptsView in workbench.view.debug
2023-08-07 17:47:19.941 [info] Removed views:workbench.debug.loadedScriptsView,workbench.debug.callStackView,workbench.debug.watchExpressionsView,workbench.debug.variablesView from workbench.view.debug
2023-08-07 17:47:19.963 [info] Added views:workbench.debug.welcome in workbench.view.debug
2023-08-07 17:47:19.977 [info] Removed views:workbench.debug.welcome from workbench.view.debug
2023-08-07 17:47:20.026 [info] Added views:workbench.debug.variablesView,workbench.debug.watchExpressionsView,workbench.debug.callStackView,workbench.debug.loadedScriptsView in workbench.view.debug
2023-08-07 17:47:20.102 [info] Removed views:workbench.debug.loadedScriptsView,workbench.debug.callStackView,workbench.debug.watchExpressionsView,workbench.debug.variablesView from workbench.view.debug
2023-08-07 17:47:20.120 [info] Added views:workbench.debug.welcome in workbench.view.debug
2023-08-07 17:49:14.923 [info] Removed views:workbench.debug.welcome from workbench.view.debug
2023-08-07 17:49:14.998 [info] Added views:workbench.debug.variablesView,workbench.debug.watchExpressionsView,workbench.debug.callStackView,workbench.debug.loadedScriptsView in workbench.view.debug
2023-08-07 17:49:16.024 [info] Removed views:workbench.debug.loadedScriptsView,workbench.debug.callStackView,workbench.debug.watchExpressionsView,workbench.debug.variablesView from workbench.view.debug
2023-08-07 17:49:16.041 [info] Added views:workbench.debug.welcome in workbench.view.debug
2023-08-07 17:50:09.577 [info] Removed views:workbench.debug.welcome from workbench.view.debug
2023-08-07 17:50:09.632 [info] Added views:workbench.debug.variablesView,workbench.debug.watchExpressionsView,workbench.debug.callStackView,workbench.debug.loadedScriptsView in workbench.view.debug
2023-08-07 17:50:10.152 [info] Removed views:workbench.debug.loadedScriptsView,workbench.debug.callStackView,workbench.debug.watchExpressionsView,workbench.debug.variablesView from workbench.view.debug
2023-08-07 17:50:10.168 [info] Added views:workbench.debug.welcome in workbench.view.debug
2023-08-07 17:50:16.267 [info] Removed views:workbench.debug.welcome from workbench.view.debug
2023-08-07 17:50:16.324 [info] Added views:workbench.debug.variablesView,workbench.debug.watchExpressionsView,workbench.debug.callStackView,workbench.debug.loadedScriptsView in workbench.view.debug
2023-08-07 17:50:16.893 [info] Removed views:workbench.debug.loadedScriptsView,workbench.debug.callStackView,workbench.debug.watchExpressionsView,workbench.debug.variablesView from workbench.view.debug
2023-08-07 17:50:16.910 [info] Added views:workbench.debug.welcome in workbench.view.debug
2023-08-07 17:50:16.925 [info] Removed views:workbench.debug.welcome from workbench.view.debug
2023-08-07 17:50:16.972 [info] Added views:workbench.debug.variablesView,workbench.debug.watchExpressionsView,workbench.debug.callStackView,workbench.debug.loadedScriptsView in workbench.view.debug
2023-08-07 17:50:17.032 [info] Removed views:workbench.debug.loadedScriptsView,workbench.debug.callStackView,workbench.debug.watchExpressionsView,workbench.debug.variablesView from workbench.view.debug
2023-08-07 17:50:17.047 [info] Added views:workbench.debug.welcome in workbench.view.debug
2023-08-07 17:50:22.029 [info] Removed views:workbench.debug.welcome from workbench.view.debug
2023-08-07 17:50:22.084 [info] Added views:workbench.debug.variablesView,workbench.debug.watchExpressionsView,workbench.debug.callStackView,workbench.debug.loadedScriptsView in workbench.view.debug
2023-08-07 17:50:22.659 [info] Removed views:workbench.debug.loadedScriptsView,workbench.debug.callStackView,workbench.debug.watchExpressionsView,workbench.debug.variablesView from workbench.view.debug
2023-08-07 17:50:22.687 [info] Added views:workbench.debug.welcome in workbench.view.debug
2023-08-07 17:50:22.700 [info] Removed views:workbench.debug.welcome from workbench.view.debug
2023-08-07 17:50:22.740 [info] Added views:workbench.debug.variablesView,workbench.debug.watchExpressionsView,workbench.debug.callStackView,workbench.debug.loadedScriptsView in workbench.view.debug
2023-08-07 17:50:22.805 [info] Removed views:workbench.debug.loadedScriptsView,workbench.debug.callStackView,workbench.debug.watchExpressionsView,workbench.debug.variablesView from workbench.view.debug
2023-08-07 17:50:22.826 [info] Added views:workbench.debug.welcome in workbench.view.debug
2023-08-07 17:50:39.564 [info] Removed views:workbench.debug.welcome from workbench.view.debug
2023-08-07 17:50:39.622 [info] Added views:workbench.debug.variablesView,workbench.debug.watchExpressionsView,workbench.debug.callStackView,workbench.debug.loadedScriptsView in workbench.view.debug
2023-08-07 17:53:21.918 [info] Removed views:workbench.debug.loadedScriptsView,workbench.debug.callStackView,workbench.debug.watchExpressionsView,workbench.debug.variablesView from workbench.view.debug
2023-08-07 17:53:21.937 [info] Added views:workbench.debug.welcome in workbench.view.debug
2023-08-07 17:53:44.542 [info] Removed views:workbench.debug.welcome from workbench.view.debug
2023-08-07 17:53:44.594 [info] Added views:workbench.debug.variablesView,workbench.debug.watchExpressionsView,workbench.debug.callStackView,workbench.debug.loadedScriptsView in workbench.view.debug
2023-08-07 17:53:45.172 [info] Removed views:workbench.debug.loadedScriptsView,workbench.debug.callStackView,workbench.debug.watchExpressionsView,workbench.debug.variablesView from workbench.view.debug
2023-08-07 17:53:45.192 [info] Added views:workbench.debug.welcome in workbench.view.debug
2023-08-07 17:53:51.754 [info] Removed views:workbench.debug.welcome from workbench.view.debug
2023-08-07 17:53:51.819 [info] Added views:workbench.debug.variablesView,workbench.debug.watchExpressionsView,workbench.debug.callStackView,workbench.debug.loadedScriptsView in workbench.view.debug
2023-08-07 17:53:52.370 [info] Removed views:workbench.debug.loadedScriptsView,workbench.debug.callStackView,workbench.debug.watchExpressionsView,workbench.debug.variablesView from workbench.view.debug
2023-08-07 17:53:52.388 [info] Added views:workbench.debug.welcome in workbench.view.debug
2023-08-07 17:53:52.412 [info] Removed views:workbench.debug.welcome from workbench.view.debug
2023-08-07 17:53:52.456 [info] Added views:workbench.debug.variablesView,workbench.debug.watchExpressionsView,workbench.debug.callStackView,workbench.debug.loadedScriptsView in workbench.view.debug
2023-08-07 17:53:52.514 [info] Removed views:workbench.debug.loadedScriptsView,workbench.debug.callStackView,workbench.debug.watchExpressionsView,workbench.debug.variablesView from workbench.view.debug
2023-08-07 17:53:52.534 [info] Added views:workbench.debug.welcome in workbench.view.debug
2023-08-07 17:54:18.492 [info] Removed views:workbench.debug.welcome from workbench.view.debug
2023-08-07 17:54:18.552 [info] Added views:workbench.debug.variablesView,workbench.debug.watchExpressionsView,workbench.debug.callStackView,workbench.debug.loadedScriptsView in workbench.view.debug
2023-08-07 17:54:19.149 [info] Removed views:workbench.debug.loadedScriptsView,workbench.debug.callStackView,workbench.debug.watchExpressionsView,workbench.debug.variablesView from workbench.view.debug
2023-08-07 17:54:19.168 [info] Added views:workbench.debug.welcome in workbench.view.debug
2023-08-07 17:54:39.397 [info] Removed views:workbench.debug.welcome from workbench.view.debug
2023-08-07 17:54:39.471 [info] Added views:workbench.debug.variablesView,workbench.debug.watchExpressionsView,workbench.debug.callStackView,workbench.debug.loadedScriptsView in workbench.view.debug
2023-08-07 17:55:38.256 [info] Removed views:workbench.debug.loadedScriptsView,workbench.debug.callStackView,workbench.debug.watchExpressionsView,workbench.debug.variablesView from workbench.view.debug
2023-08-07 17:55:38.272 [info] Added views:workbench.debug.welcome in workbench.view.debug
2023-08-07 17:55:40.629 [info] Removed views:workbench.debug.welcome from workbench.view.debug
2023-08-07 17:55:40.686 [info] Added views:workbench.debug.variablesView,workbench.debug.watchExpressionsView,workbench.debug.callStackView,workbench.debug.loadedScriptsView in workbench.view.debug
2023-08-07 17:55:55.359 [info] Removed views:workbench.debug.loadedScriptsView,workbench.debug.callStackView,workbench.debug.watchExpressionsView,workbench.debug.variablesView from workbench.view.debug
2023-08-07 17:55:55.384 [info] Added views:workbench.debug.welcome in workbench.view.debug
2023-08-07 17:55:57.185 [info] Removed views:workbench.debug.welcome from workbench.view.debug
2023-08-07 17:55:57.247 [info] Added views:workbench.debug.variablesView,workbench.debug.watchExpressionsView,workbench.debug.callStackView,workbench.debug.loadedScriptsView in workbench.view.debug
2023-08-07 18:01:25.820 [info] Removed views:workbench.debug.loadedScriptsView,workbench.debug.callStackView,workbench.debug.watchExpressionsView,workbench.debug.variablesView from workbench.view.debug
2023-08-07 18:01:25.840 [info] Added views:workbench.debug.welcome in workbench.view.debug
2023-08-07 18:01:32.108 [info] Removed views:workbench.debug.welcome from workbench.view.debug
2023-08-07 18:01:32.162 [info] Added views:workbench.debug.variablesView,workbench.debug.watchExpressionsView,workbench.debug.callStackView,workbench.debug.loadedScriptsView in workbench.view.debug
2023-08-07 18:01:53.535 [info] Removed views:workbench.debug.loadedScriptsView,workbench.debug.callStackView,workbench.debug.watchExpressionsView,workbench.debug.variablesView from workbench.view.debug
2023-08-07 18:01:53.556 [info] Added views:workbench.debug.welcome in workbench.view.debug
2023-08-07 18:01:55.618 [info] Removed views:workbench.debug.welcome from workbench.view.debug
2023-08-07 18:01:55.672 [info] Added views:workbench.debug.variablesView,workbench.debug.watchExpressionsView,workbench.debug.callStackView,workbench.debug.loadedScriptsView in workbench.view.debug
2023-08-07 18:05:37.652 [info] Removed views:workbench.debug.loadedScriptsView,workbench.debug.callStackView,workbench.debug.watchExpressionsView,workbench.debug.variablesView from workbench.view.debug
2023-08-07 18:05:37.673 [info] Added views:workbench.debug.welcome in workbench.view.debug
2023-08-07 18:05:42.576 [info] Removed views:workbench.debug.welcome from workbench.view.debug
2023-08-07 18:05:42.633 [info] Added views:workbench.debug.variablesView,workbench.debug.watchExpressionsView,workbench.debug.callStackView,workbench.debug.loadedScriptsView in workbench.view.debug
2023-08-07 18:09:09.235 [info] Removed views:workbench.debug.loadedScriptsView,workbench.debug.callStackView,workbench.debug.watchExpressionsView,workbench.debug.variablesView from workbench.view.debug
2023-08-07 18:09:09.253 [info] Added views:workbench.debug.welcome in workbench.view.debug
2023-08-07 18:09:12.484 [info] Removed views:workbench.debug.welcome from workbench.view.debug
2023-08-07 18:09:12.543 [info] Added views:workbench.debug.variablesView,workbench.debug.watchExpressionsView,workbench.debug.callStackView,workbench.debug.loadedScriptsView in workbench.view.debug
2023-08-07 18:09:13.089 [info] Removed views:workbench.debug.loadedScriptsView,workbench.debug.callStackView,workbench.debug.watchExpressionsView,workbench.debug.variablesView from workbench.view.debug
2023-08-07 18:09:13.109 [info] Added views:workbench.debug.welcome in workbench.view.debug
2023-08-07 18:09:13.126 [info] Removed views:workbench.debug.welcome from workbench.view.debug
2023-08-07 18:09:13.174 [info] Added views:workbench.debug.variablesView,workbench.debug.watchExpressionsView,workbench.debug.callStackView,workbench.debug.loadedScriptsView in workbench.view.debug
2023-08-07 18:09:13.230 [info] Removed views:workbench.debug.loadedScriptsView,workbench.debug.callStackView,workbench.debug.watchExpressionsView,workbench.debug.variablesView from workbench.view.debug
2023-08-07 18:09:13.247 [info] Added views:workbench.debug.welcome in workbench.view.debug
2023-08-07 18:09:59.919 [info] Removed views:workbench.debug.welcome from workbench.view.debug
2023-08-07 18:09:59.979 [info] Added views:workbench.debug.variablesView,workbench.debug.watchExpressionsView,workbench.debug.callStackView,workbench.debug.loadedScriptsView in workbench.view.debug
2023-08-07 18:10:57.060 [info] Removed views:workbench.debug.loadedScriptsView,workbench.debug.callStackView,workbench.debug.watchExpressionsView,workbench.debug.variablesView from workbench.view.debug
2023-08-07 18:10:57.080 [info] Added views:workbench.debug.welcome in workbench.view.debug
2023-08-07 18:10:57.759 [info] Removed views:workbench.debug.welcome from workbench.view.debug
2023-08-07 18:10:57.814 [info] Added views:workbench.debug.variablesView,workbench.debug.watchExpressionsView,workbench.debug.callStackView,workbench.debug.loadedScriptsView in workbench.view.debug
2023-08-07 18:14:06.999 [info] Removed views:workbench.debug.loadedScriptsView,workbench.debug.callStackView,workbench.debug.watchExpressionsView,workbench.debug.variablesView from workbench.view.debug
2023-08-07 18:14:07.020 [info] Added views:workbench.debug.welcome in workbench.view.debug
2023-08-07 18:15:11.676 [info] Removed views:workbench.debug.welcome from workbench.view.debug
2023-08-07 18:15:11.737 [info] Added views:workbench.debug.variablesView,workbench.debug.watchExpressionsView,workbench.debug.callStackView,workbench.debug.loadedScriptsView in workbench.view.debug
2023-08-07 18:15:12.223 [info] Removed views:workbench.debug.loadedScriptsView,workbench.debug.callStackView,workbench.debug.watchExpressionsView,workbench.debug.variablesView from workbench.view.debug
2023-08-07 18:15:12.240 [info] Added views:workbench.debug.welcome in workbench.view.debug
2023-08-07 18:15:12.253 [info] Removed views:workbench.debug.welcome from workbench.view.debug
2023-08-07 18:15:12.305 [info] Added views:workbench.debug.variablesView,workbench.debug.watchExpressionsView,workbench.debug.callStackView,workbench.debug.loadedScriptsView in workbench.view.debug
2023-08-07 18:15:12.362 [info] Removed views:workbench.debug.loadedScriptsView,workbench.debug.callStackView,workbench.debug.watchExpressionsView,workbench.debug.variablesView from workbench.view.debug
2023-08-07 18:15:12.378 [info] Added views:workbench.debug.welcome in workbench.view.debug
2023-08-07 18:15:46.635 [info] Removed views:workbench.debug.welcome from workbench.view.debug
2023-08-07 18:15:46.694 [info] Added views:workbench.debug.variablesView,workbench.debug.watchExpressionsView,workbench.debug.callStackView,workbench.debug.loadedScriptsView in workbench.view.debug
2023-08-07 18:15:47.705 [info] Removed views:workbench.debug.loadedScriptsView,workbench.debug.callStackView,workbench.debug.watchExpressionsView,workbench.debug.variablesView from workbench.view.debug
2023-08-07 18:15:47.728 [info] Added views:workbench.debug.welcome in workbench.view.debug
2023-08-07 18:16:55.997 [info] Removed views:workbench.debug.welcome from workbench.view.debug
2023-08-07 18:16:56.056 [info] Added views:workbench.debug.variablesView,workbench.debug.watchExpressionsView,workbench.debug.callStackView,workbench.debug.loadedScriptsView in workbench.view.debug
2023-08-07 18:29:04.570 [info] Removed views:workbench.debug.loadedScriptsView,workbench.debug.callStackView,workbench.debug.watchExpressionsView,workbench.debug.variablesView from workbench.view.debug
2023-08-07 18:29:04.589 [info] Added views:workbench.debug.welcome in workbench.view.debug
2023-08-07 18:29:05.640 [info] Removed views:workbench.debug.welcome from workbench.view.debug
2023-08-07 18:29:05.699 [info] Added views:workbench.debug.variablesView,workbench.debug.watchExpressionsView,workbench.debug.callStackView,workbench.debug.loadedScriptsView in workbench.view.debug
2023-08-07 18:29:30.252 [info] Removed views:workbench.debug.loadedScriptsView,workbench.debug.callStackView,workbench.debug.watchExpressionsView,workbench.debug.variablesView from workbench.view.debug
2023-08-07 18:29:30.274 [info] Added views:workbench.debug.welcome in workbench.view.debug
2023-08-07 18:29:31.381 [info] Removed views:workbench.debug.welcome from workbench.view.debug
2023-08-07 18:29:31.435 [info] Added views:workbench.debug.variablesView,workbench.debug.watchExpressionsView,workbench.debug.callStackView,workbench.debug.loadedScriptsView in workbench.view.debug
2023-08-07 18:29:44.527 [info] Removed views:workbench.debug.loadedScriptsView,workbench.debug.callStackView,workbench.debug.watchExpressionsView,workbench.debug.variablesView from workbench.view.debug
2023-08-07 18:29:44.547 [info] Added views:workbench.debug.welcome in workbench.view.debug
2023-08-07 18:29:50.842 [info] Removed views:workbench.debug.welcome from workbench.view.debug
2023-08-07 18:29:50.897 [info] Added views:workbench.debug.variablesView,workbench.debug.watchExpressionsView,workbench.debug.callStackView,workbench.debug.loadedScriptsView in workbench.view.debug
2023-08-07 18:30:30.516 [info] Removed views:workbench.debug.loadedScriptsView,workbench.debug.callStackView,workbench.debug.watchExpressionsView,workbench.debug.variablesView from workbench.view.debug
2023-08-07 18:30:30.537 [info] Added views:workbench.debug.welcome in workbench.view.debug
2023-08-07 18:30:32.081 [info] Removed views:workbench.debug.welcome from workbench.view.debug
2023-08-07 18:30:32.139 [info] Added views:workbench.debug.variablesView,workbench.debug.watchExpressionsView,workbench.debug.callStackView,workbench.debug.loadedScriptsView in workbench.view.debug
2023-08-07 18:31:21.137 [info] Removed views:workbench.debug.loadedScriptsView,workbench.debug.callStackView,workbench.debug.watchExpressionsView,workbench.debug.variablesView from workbench.view.debug
2023-08-07 18:31:21.163 [info] Added views:workbench.debug.welcome in workbench.view.debug
2023-08-07 18:31:23.843 [info] Removed views:workbench.debug.welcome from workbench.view.debug
2023-08-07 18:31:23.900 [info] Added views:workbench.debug.variablesView,workbench.debug.watchExpressionsView,workbench.debug.callStackView,workbench.debug.loadedScriptsView in workbench.view.debug
2023-08-07 18:31:24.494 [info] Removed views:workbench.debug.loadedScriptsView,workbench.debug.callStackView,workbench.debug.watchExpressionsView,workbench.debug.variablesView from workbench.view.debug
2023-08-07 18:31:24.517 [info] Added views:workbench.debug.welcome in workbench.view.debug
2023-08-07 18:31:24.540 [info] Removed views:workbench.debug.welcome from workbench.view.debug
2023-08-07 18:31:24.607 [info] Added views:workbench.debug.variablesView,workbench.debug.watchExpressionsView,workbench.debug.callStackView,workbench.debug.loadedScriptsView in workbench.view.debug
2023-08-07 18:31:24.668 [info] Removed views:workbench.debug.loadedScriptsView,workbench.debug.callStackView,workbench.debug.watchExpressionsView,workbench.debug.variablesView from workbench.view.debug
2023-08-07 18:31:24.691 [info] Added views:workbench.debug.welcome in workbench.view.debug
2023-08-07 18:31:28.999 [info] Removed views:workbench.debug.welcome from workbench.view.debug
2023-08-07 18:31:29.054 [info] Added views:workbench.debug.variablesView,workbench.debug.watchExpressionsView,workbench.debug.callStackView,workbench.debug.loadedScriptsView in workbench.view.debug
2023-08-07 18:31:29.605 [info] Removed views:workbench.debug.loadedScriptsView,workbench.debug.callStackView,workbench.debug.watchExpressionsView,workbench.debug.variablesView from workbench.view.debug
2023-08-07 18:31:29.622 [info] Added views:workbench.debug.welcome in workbench.view.debug
2023-08-07 18:31:29.637 [info] Removed views:workbench.debug.welcome from workbench.view.debug
2023-08-07 18:31:29.689 [info] Added views:workbench.debug.variablesView,workbench.debug.watchExpressionsView,workbench.debug.callStackView,workbench.debug.loadedScriptsView in workbench.view.debug
2023-08-07 18:31:29.746 [info] Removed views:workbench.debug.loadedScriptsView,workbench.debug.callStackView,workbench.debug.watchExpressionsView,workbench.debug.variablesView from workbench.view.debug
2023-08-07 18:31:29.767 [info] Added views:workbench.debug.welcome in workbench.view.debug
2023-08-07 18:31:49.006 [info] Removed views:workbench.debug.welcome from workbench.view.debug
2023-08-07 18:31:49.079 [info] Added views:workbench.debug.variablesView,workbench.debug.watchExpressionsView,workbench.debug.callStackView,workbench.debug.loadedScriptsView in workbench.view.debug
2023-08-07 18:31:49.662 [info] Removed views:workbench.debug.loadedScriptsView,workbench.debug.callStackView,workbench.debug.watchExpressionsView,workbench.debug.variablesView from workbench.view.debug
2023-08-07 18:31:49.682 [info] Added views:workbench.debug.welcome in workbench.view.debug
2023-08-07 18:31:49.699 [info] Removed views:workbench.debug.welcome from workbench.view.debug
2023-08-07 18:31:49.751 [info] Added views:workbench.debug.variablesView,workbench.debug.watchExpressionsView,workbench.debug.callStackView,workbench.debug.loadedScriptsView in workbench.view.debug
2023-08-07 18:31:49.821 [info] Removed views:workbench.debug.loadedScriptsView,workbench.debug.callStackView,workbench.debug.watchExpressionsView,workbench.debug.variablesView from workbench.view.debug
2023-08-07 18:31:49.841 [info] Added views:workbench.debug.welcome in workbench.view.debug
2023-08-07 18:31:59.856 [info] Removed views:workbench.debug.welcome from workbench.view.debug
2023-08-07 18:31:59.914 [info] Added views:workbench.debug.variablesView,workbench.debug.watchExpressionsView,workbench.debug.callStackView,workbench.debug.loadedScriptsView in workbench.view.debug
2023-08-07 18:35:58.618 [info] Removed views:workbench.debug.loadedScriptsView,workbench.debug.callStackView,workbench.debug.watchExpressionsView,workbench.debug.variablesView from workbench.view.debug
2023-08-07 18:35:58.638 [info] Added views:workbench.debug.welcome in workbench.view.debug
2023-08-07 18:36:00.409 [info] Removed views:workbench.debug.welcome from workbench.view.debug
2023-08-07 18:36:00.465 [info] Added views:workbench.debug.variablesView,workbench.debug.watchExpressionsView,workbench.debug.callStackView,workbench.debug.loadedScriptsView in workbench.view.debug
2023-08-07 18:36:07.223 [info] Removed views:workbench.debug.loadedScriptsView,workbench.debug.callStackView,workbench.debug.watchExpressionsView,workbench.debug.variablesView from workbench.view.debug
2023-08-07 18:36:07.243 [info] Added views:workbench.debug.welcome in workbench.view.debug
2023-08-07 18:36:20.889 [info] Removed views:workbench.debug.welcome from workbench.view.debug
2023-08-07 18:36:20.948 [info] Added views:workbench.debug.variablesView,workbench.debug.watchExpressionsView,workbench.debug.callStackView,workbench.debug.loadedScriptsView in workbench.view.debug
2023-08-07 19:01:29.571 [info] Removed views:workbench.debug.loadedScriptsView,workbench.debug.callStackView,workbench.debug.watchExpressionsView,workbench.debug.variablesView from workbench.view.debug
2023-08-07 19:01:29.593 [info] Added views:workbench.debug.welcome in workbench.view.debug
2023-08-07 19:01:29.611 [info] Removed views:workbench.debug.welcome from workbench.view.debug
2023-08-07 19:01:29.668 [info] Added views:workbench.debug.variablesView,workbench.debug.watchExpressionsView,workbench.debug.callStackView,workbench.debug.loadedScriptsView in workbench.view.debug
2023-08-07 19:01:29.738 [info] Removed views:workbench.debug.loadedScriptsView,workbench.debug.callStackView,workbench.debug.watchExpressionsView,workbench.debug.variablesView from workbench.view.debug
2023-08-07 19:01:29.760 [info] Added views:workbench.debug.welcome in workbench.view.debug
2023-08-07 19:01:31.198 [info] Removed views:workbench.debug.welcome from workbench.view.debug
2023-08-07 19:01:31.251 [info] Added views:workbench.debug.variablesView,workbench.debug.watchExpressionsView,workbench.debug.callStackView,workbench.debug.loadedScriptsView in workbench.view.debug
2023-08-07 19:01:31.767 [info] Removed views:workbench.debug.loadedScriptsView,workbench.debug.callStackView,workbench.debug.watchExpressionsView,workbench.debug.variablesView from workbench.view.debug
2023-08-07 19:01:31.791 [info] Added views:workbench.debug.welcome in workbench.view.debug
2023-08-07 19:01:31.807 [info] Removed views:workbench.debug.welcome from workbench.view.debug
2023-08-07 19:01:31.859 [info] Added views:workbench.debug.variablesView,workbench.debug.watchExpressionsView,workbench.debug.callStackView,workbench.debug.loadedScriptsView in workbench.view.debug
2023-08-07 19:01:31.913 [info] Removed views:workbench.debug.loadedScriptsView,workbench.debug.callStackView,workbench.debug.watchExpressionsView,workbench.debug.variablesView from workbench.view.debug
2023-08-07 19:01:31.929 [info] Added views:workbench.debug.welcome in workbench.view.debug
2023-08-07 19:01:38.208 [info] Removed views:workbench.debug.welcome from workbench.view.debug
2023-08-07 19:01:38.259 [info] Added views:workbench.debug.variablesView,workbench.debug.watchExpressionsView,workbench.debug.callStackView,workbench.debug.loadedScriptsView in workbench.view.debug
2023-08-07 19:08:47.662 [info] Removed views:workbench.debug.loadedScriptsView,workbench.debug.callStackView,workbench.debug.watchExpressionsView,workbench.debug.variablesView from workbench.view.debug
2023-08-07 19:08:47.681 [info] Added views:workbench.debug.welcome in workbench.view.debug
2023-08-07 19:08:58.927 [info] Removed views:workbench.debug.welcome from workbench.view.debug
2023-08-07 19:08:58.998 [info] Added views:workbench.debug.variablesView,workbench.debug.watchExpressionsView,workbench.debug.callStackView,workbench.debug.loadedScriptsView in workbench.view.debug
2023-08-07 19:13:18.294 [info] Removed views:workbench.debug.loadedScriptsView,workbench.debug.callStackView,workbench.debug.watchExpressionsView,workbench.debug.variablesView from workbench.view.debug
2023-08-07 19:13:18.316 [info] Added views:workbench.debug.welcome in workbench.view.debug
2023-08-07 19:14:32.966 [info] Removed views:workbench.debug.welcome from workbench.view.debug
2023-08-07 19:14:33.011 [info] Added views:workbench.debug.variablesView,workbench.debug.watchExpressionsView,workbench.debug.callStackView,workbench.debug.loadedScriptsView in workbench.view.debug
2023-08-07 19:14:37.667 [info] Removed views:workbench.debug.loadedScriptsView,workbench.debug.callStackView,workbench.debug.watchExpressionsView,workbench.debug.variablesView from workbench.view.debug
2023-08-07 19:14:37.693 [info] Added views:workbench.debug.welcome in workbench.view.debug
2023-08-07 19:15:05.345 [info] Removed views:workbench.debug.welcome from workbench.view.debug
2023-08-07 19:15:05.398 [info] Added views:workbench.debug.variablesView,workbench.debug.watchExpressionsView,workbench.debug.callStackView,workbench.debug.loadedScriptsView in workbench.view.debug
2023-08-07 19:15:05.915 [info] Removed views:workbench.debug.loadedScriptsView,workbench.debug.callStackView,workbench.debug.watchExpressionsView,workbench.debug.variablesView from workbench.view.debug
2023-08-07 19:15:05.938 [info] Added views:workbench.debug.welcome in workbench.view.debug
2023-08-07 19:15:05.953 [info] Removed views:workbench.debug.welcome from workbench.view.debug
2023-08-07 19:15:05.997 [info] Added views:workbench.debug.variablesView,workbench.debug.watchExpressionsView,workbench.debug.callStackView,workbench.debug.loadedScriptsView in workbench.view.debug
2023-08-07 19:15:06.042 [info] Removed views:workbench.debug.loadedScriptsView,workbench.debug.callStackView,workbench.debug.watchExpressionsView,workbench.debug.variablesView from workbench.view.debug
2023-08-07 19:15:06.064 [info] Added views:workbench.debug.welcome in workbench.view.debug
2023-08-07 19:19:57.023 [info] Removed views:workbench.debug.welcome from workbench.view.debug
2023-08-07 19:19:57.071 [info] Added views:workbench.debug.variablesView,workbench.debug.watchExpressionsView,workbench.debug.callStackView,workbench.debug.loadedScriptsView in workbench.view.debug
2023-08-07 19:19:57.589 [info] Removed views:workbench.debug.loadedScriptsView,workbench.debug.callStackView,workbench.debug.watchExpressionsView,workbench.debug.variablesView from workbench.view.debug
2023-08-07 19:19:57.609 [info] Added views:workbench.debug.welcome in workbench.view.debug
2023-08-07 19:19:57.623 [info] Removed views:workbench.debug.welcome from workbench.view.debug
2023-08-07 19:19:57.666 [info] Added views:workbench.debug.variablesView,workbench.debug.watchExpressionsView,workbench.debug.callStackView,workbench.debug.loadedScriptsView in workbench.view.debug
2023-08-07 19:19:57.715 [info] Removed views:workbench.debug.loadedScriptsView,workbench.debug.callStackView,workbench.debug.watchExpressionsView,workbench.debug.variablesView from workbench.view.debug
2023-08-07 19:19:57.737 [info] Added views:workbench.debug.welcome in workbench.view.debug
2023-08-07 19:20:14.518 [info] Removed views:workbench.debug.welcome from workbench.view.debug
2023-08-07 19:20:14.564 [info] Added views:workbench.debug.variablesView,workbench.debug.watchExpressionsView,workbench.debug.callStackView,workbench.debug.loadedScriptsView in workbench.view.debug
2023-08-07 19:20:15.087 [info] Removed views:workbench.debug.loadedScriptsView,workbench.debug.callStackView,workbench.debug.watchExpressionsView,workbench.debug.variablesView from workbench.view.debug
2023-08-07 19:20:15.108 [info] Added views:workbench.debug.welcome in workbench.view.debug
2023-08-07 19:20:15.127 [info] Removed views:workbench.debug.welcome from workbench.view.debug
2023-08-07 19:20:15.178 [info] Added views:workbench.debug.variablesView,workbench.debug.watchExpressionsView,workbench.debug.callStackView,workbench.debug.loadedScriptsView in workbench.view.debug
2023-08-07 19:20:15.238 [info] Removed views:workbench.debug.loadedScriptsView,workbench.debug.callStackView,workbench.debug.watchExpressionsView,workbench.debug.variablesView from workbench.view.debug
2023-08-07 19:20:15.257 [info] Added views:workbench.debug.welcome in workbench.view.debug
2023-08-07 19:24:44.658 [info] Removed views:workbench.debug.welcome from workbench.view.debug
2023-08-07 19:24:44.710 [info] Added views:workbench.debug.variablesView,workbench.debug.watchExpressionsView,workbench.debug.callStackView,workbench.debug.loadedScriptsView in workbench.view.debug
2023-08-07 19:24:45.252 [info] Removed views:workbench.debug.loadedScriptsView,workbench.debug.callStackView,workbench.debug.watchExpressionsView,workbench.debug.variablesView from workbench.view.debug
2023-08-07 19:24:45.274 [info] Added views:workbench.debug.welcome in workbench.view.debug
2023-08-07 19:24:45.291 [info] Removed views:workbench.debug.welcome from workbench.view.debug
2023-08-07 19:24:45.332 [info] Added views:workbench.debug.variablesView,workbench.debug.watchExpressionsView,workbench.debug.callStackView,workbench.debug.loadedScriptsView in workbench.view.debug
2023-08-07 19:24:45.382 [info] Removed views:workbench.debug.loadedScriptsView,workbench.debug.callStackView,workbench.debug.watchExpressionsView,workbench.debug.variablesView from workbench.view.debug
2023-08-07 19:24:45.402 [info] Added views:workbench.debug.welcome in workbench.view.debug
2023-08-07 19:25:38.059 [info] Removed views:workbench.debug.welcome from workbench.view.debug
2023-08-07 19:25:38.114 [info] Added views:workbench.debug.variablesView,workbench.debug.watchExpressionsView,workbench.debug.callStackView,workbench.debug.loadedScriptsView in workbench.view.debug
2023-08-07 19:25:38.618 [info] Removed views:workbench.debug.loadedScriptsView,workbench.debug.callStackView,workbench.debug.watchExpressionsView,workbench.debug.variablesView from workbench.view.debug
2023-08-07 19:25:38.639 [info] Added views:workbench.debug.welcome in workbench.view.debug
2023-08-07 19:25:38.657 [info] Removed views:workbench.debug.welcome from workbench.view.debug
2023-08-07 19:25:38.705 [info] Added views:workbench.debug.variablesView,workbench.debug.watchExpressionsView,workbench.debug.callStackView,workbench.debug.loadedScriptsView in workbench.view.debug
2023-08-07 19:25:38.776 [info] Removed views:workbench.debug.loadedScriptsView,workbench.debug.callStackView,workbench.debug.watchExpressionsView,workbench.debug.variablesView from workbench.view.debug
2023-08-07 19:25:38.802 [info] Added views:workbench.debug.welcome in workbench.view.debug
2023-08-07 19:42:53.544 [info] Removed views:workbench.debug.welcome from workbench.view.debug
2023-08-07 19:42:53.606 [info] Added views:workbench.debug.variablesView,workbench.debug.watchExpressionsView,workbench.debug.callStackView,workbench.debug.loadedScriptsView in workbench.view.debug
2023-08-07 19:42:54.090 [info] Removed views:workbench.debug.loadedScriptsView,workbench.debug.callStackView,workbench.debug.watchExpressionsView,workbench.debug.variablesView from workbench.view.debug
2023-08-07 19:42:54.110 [info] Added views:workbench.debug.welcome in workbench.view.debug
2023-08-07 19:42:54.123 [info] Removed views:workbench.debug.welcome from workbench.view.debug
2023-08-07 19:42:54.173 [info] Added views:workbench.debug.variablesView,workbench.debug.watchExpressionsView,workbench.debug.callStackView,workbench.debug.loadedScriptsView in workbench.view.debug
2023-08-07 19:42:54.222 [info] Removed views:workbench.debug.loadedScriptsView,workbench.debug.callStackView,workbench.debug.watchExpressionsView,workbench.debug.variablesView from workbench.view.debug
2023-08-07 19:42:54.244 [info] Added views:workbench.debug.welcome in workbench.view.debug
2023-08-07 19:43:03.330 [info] Removed views:workbench.debug.welcome from workbench.view.debug
2023-08-07 19:43:03.383 [info] Added views:workbench.debug.variablesView,workbench.debug.watchExpressionsView,workbench.debug.callStackView,workbench.debug.loadedScriptsView in workbench.view.debug
2023-08-07 19:43:03.869 [info] Removed views:workbench.debug.loadedScriptsView,workbench.debug.callStackView,workbench.debug.watchExpressionsView,workbench.debug.variablesView from workbench.view.debug
2023-08-07 19:43:03.890 [info] Added views:workbench.debug.welcome in workbench.view.debug
2023-08-07 19:43:03.904 [info] Removed views:workbench.debug.welcome from workbench.view.debug
2023-08-07 19:43:03.949 [info] Added views:workbench.debug.variablesView,workbench.debug.watchExpressionsView,workbench.debug.callStackView,workbench.debug.loadedScriptsView in workbench.view.debug
2023-08-07 19:43:04.001 [info] Removed views:workbench.debug.loadedScriptsView,workbench.debug.callStackView,workbench.debug.watchExpressionsView,workbench.debug.variablesView from workbench.view.debug
2023-08-07 19:43:04.024 [info] Added views:workbench.debug.welcome in workbench.view.debug
2023-08-07 19:43:13.235 [info] Removed views:workbench.debug.welcome from workbench.view.debug
2023-08-07 19:43:13.278 [info] Added views:workbench.debug.variablesView,workbench.debug.watchExpressionsView,workbench.debug.callStackView,workbench.debug.loadedScriptsView in workbench.view.debug
2023-08-07 19:43:13.761 [info] Removed views:workbench.debug.loadedScriptsView,workbench.debug.callStackView,workbench.debug.watchExpressionsView,workbench.debug.variablesView from workbench.view.debug
2023-08-07 19:43:13.780 [info] Added views:workbench.debug.welcome in workbench.view.debug
2023-08-07 19:43:13.801 [info] Removed views:workbench.debug.welcome from workbench.view.debug
2023-08-07 19:43:13.844 [info] Added views:workbench.debug.variablesView,workbench.debug.watchExpressionsView,workbench.debug.callStackView,workbench.debug.loadedScriptsView in workbench.view.debug
2023-08-07 19:43:13.897 [info] Removed views:workbench.debug.loadedScriptsView,workbench.debug.callStackView,workbench.debug.watchExpressionsView,workbench.debug.variablesView from workbench.view.debug
2023-08-07 19:43:13.917 [info] Added views:workbench.debug.welcome in workbench.view.debug
2023-08-07 19:48:51.643 [info] Removed views:workbench.debug.welcome from workbench.view.debug
2023-08-07 19:48:51.696 [info] Added views:workbench.debug.variablesView,workbench.debug.watchExpressionsView,workbench.debug.callStackView,workbench.debug.loadedScriptsView in workbench.view.debug
2023-08-07 19:48:52.159 [info] Removed views:workbench.debug.loadedScriptsView,workbench.debug.callStackView,workbench.debug.watchExpressionsView,workbench.debug.variablesView from workbench.view.debug
2023-08-07 19:48:52.178 [info] Added views:workbench.debug.welcome in workbench.view.debug
2023-08-07 19:48:52.194 [info] Removed views:workbench.debug.welcome from workbench.view.debug
2023-08-07 19:48:52.236 [info] Added views:workbench.debug.variablesView,workbench.debug.watchExpressionsView,workbench.debug.callStackView,workbench.debug.loadedScriptsView in workbench.view.debug
2023-08-07 19:48:52.284 [info] Removed views:workbench.debug.loadedScriptsView,workbench.debug.callStackView,workbench.debug.watchExpressionsView,workbench.debug.variablesView from workbench.view.debug
2023-08-07 19:48:52.304 [info] Added views:workbench.debug.welcome in workbench.view.debug
2023-08-07 19:51:06.264 [info] Removed views:workbench.debug.welcome from workbench.view.debug
2023-08-07 19:51:06.322 [info] Added views:workbench.debug.variablesView,workbench.debug.watchExpressionsView,workbench.debug.callStackView,workbench.debug.loadedScriptsView in workbench.view.debug
2023-08-07 19:51:06.827 [info] Removed views:workbench.debug.loadedScriptsView,workbench.debug.callStackView,workbench.debug.watchExpressionsView,workbench.debug.variablesView from workbench.view.debug
2023-08-07 19:51:06.848 [info] Added views:workbench.debug.welcome in workbench.view.debug
2023-08-07 19:51:06.863 [info] Removed views:workbench.debug.welcome from workbench.view.debug
2023-08-07 19:51:06.905 [info] Added views:workbench.debug.variablesView,workbench.debug.watchExpressionsView,workbench.debug.callStackView,workbench.debug.loadedScriptsView in workbench.view.debug
2023-08-07 19:51:06.955 [info] Removed views:workbench.debug.loadedScriptsView,workbench.debug.callStackView,workbench.debug.watchExpressionsView,workbench.debug.variablesView from workbench.view.debug
2023-08-07 19:51:06.975 [info] Added views:workbench.debug.welcome in workbench.view.debug
2023-08-07 19:51:16.992 [info] Removed views:workbench.debug.welcome from workbench.view.debug
2023-08-07 19:51:17.043 [info] Added views:workbench.debug.variablesView,workbench.debug.watchExpressionsView,workbench.debug.callStackView,workbench.debug.loadedScriptsView in workbench.view.debug
2023-08-07 19:51:17.539 [info] Removed views:workbench.debug.loadedScriptsView,workbench.debug.callStackView,workbench.debug.watchExpressionsView,workbench.debug.variablesView from workbench.view.debug
2023-08-07 19:51:17.560 [info] Added views:workbench.debug.welcome in workbench.view.debug
2023-08-07 19:51:17.573 [info] Removed views:workbench.debug.welcome from workbench.view.debug
2023-08-07 19:51:17.618 [info] Added views:workbench.debug.variablesView,workbench.debug.watchExpressionsView,workbench.debug.callStackView,workbench.debug.loadedScriptsView in workbench.view.debug
2023-08-07 19:51:17.692 [info] Removed views:workbench.debug.loadedScriptsView,workbench.debug.callStackView,workbench.debug.watchExpressionsView,workbench.debug.variablesView from workbench.view.debug
2023-08-07 19:51:17.711 [info] Added views:workbench.debug.welcome in workbench.view.debug
2023-08-07 19:51:51.761 [info] Removed views:workbench.debug.welcome from workbench.view.debug
2023-08-07 19:51:51.819 [info] Added views:workbench.debug.variablesView,workbench.debug.watchExpressionsView,workbench.debug.callStackView,workbench.debug.loadedScriptsView in workbench.view.debug
2023-08-07 19:51:52.327 [info] Removed views:workbench.debug.loadedScriptsView,workbench.debug.callStackView,workbench.debug.watchExpressionsView,workbench.debug.variablesView from workbench.view.debug
2023-08-07 19:51:52.345 [info] Added views:workbench.debug.welcome in workbench.view.debug
2023-08-07 19:51:52.363 [info] Removed views:workbench.debug.welcome from workbench.view.debug
2023-08-07 19:51:52.409 [info] Added views:workbench.debug.variablesView,workbench.debug.watchExpressionsView,workbench.debug.callStackView,workbench.debug.loadedScriptsView in workbench.view.debug
2023-08-07 19:51:52.463 [info] Removed views:workbench.debug.loadedScriptsView,workbench.debug.callStackView,workbench.debug.watchExpressionsView,workbench.debug.variablesView from workbench.view.debug
2023-08-07 19:51:52.485 [info] Added views:workbench.debug.welcome in workbench.view.debug
2023-08-07 19:51:59.760 [info] Removed views:workbench.debug.welcome from workbench.view.debug
2023-08-07 19:51:59.811 [info] Added views:workbench.debug.variablesView,workbench.debug.watchExpressionsView,workbench.debug.callStackView,workbench.debug.loadedScriptsView in workbench.view.debug
2023-08-07 19:52:00.285 [info] Removed views:workbench.debug.loadedScriptsView,workbench.debug.callStackView,workbench.debug.watchExpressionsView,workbench.debug.variablesView from workbench.view.debug
2023-08-07 19:52:00.309 [info] Added views:workbench.debug.welcome in workbench.view.debug
2023-08-07 19:52:00.325 [info] Removed views:workbench.debug.welcome from workbench.view.debug
2023-08-07 19:52:00.379 [info] Added views:workbench.debug.variablesView,workbench.debug.watchExpressionsView,workbench.debug.callStackView,workbench.debug.loadedScriptsView in workbench.view.debug
2023-08-07 19:52:00.479 [info] Removed views:workbench.debug.loadedScriptsView,workbench.debug.callStackView,workbench.debug.watchExpressionsView,workbench.debug.variablesView from workbench.view.debug
2023-08-07 19:52:00.510 [info] Added views:workbench.debug.welcome in workbench.view.debug
2023-08-07 19:52:43.501 [info] Removed views:workbench.debug.welcome from workbench.view.debug
2023-08-07 19:52:43.553 [info] Added views:workbench.debug.variablesView,workbench.debug.watchExpressionsView,workbench.debug.callStackView,workbench.debug.loadedScriptsView in workbench.view.debug
2023-08-07 19:52:44.022 [info] Removed views:workbench.debug.loadedScriptsView,workbench.debug.callStackView,workbench.debug.watchExpressionsView,workbench.debug.variablesView from workbench.view.debug
2023-08-07 19:52:44.049 [info] Added views:workbench.debug.welcome in workbench.view.debug
2023-08-07 19:52:44.066 [info] Removed views:workbench.debug.welcome from workbench.view.debug
2023-08-07 19:52:44.114 [info] Added views:workbench.debug.variablesView,workbench.debug.watchExpressionsView,workbench.debug.callStackView,workbench.debug.loadedScriptsView in workbench.view.debug
2023-08-07 19:52:44.169 [info] Removed views:workbench.debug.loadedScriptsView,workbench.debug.callStackView,workbench.debug.watchExpressionsView,workbench.debug.variablesView from workbench.view.debug
2023-08-07 19:52:44.188 [info] Added views:workbench.debug.welcome in workbench.view.debug
