2023-08-09 18:47:28.120 [info] Log level: Info
2023-08-09 18:47:28.120 [info] Validating found git in: "git"
2023-08-09 18:47:28.120 [info] Using git "2.40.1" from "git"
2023-08-09 18:47:28.120 [info] > git rev-parse --show-toplevel [8ms]
2023-08-09 18:47:28.120 [info] > git rev-parse --git-dir --git-common-dir [4ms]
2023-08-09 18:47:28.120 [info] Open repository: /home/gomer/GitHub/OScripty
2023-08-09 18:47:28.120 [info] > git config --get commit.template [20ms]
2023-08-09 18:47:28.133 [info] > git for-each-ref --format=%(refname)%00%(upstream:short)%00%(objectname)%00%(upstream:track)%00%(upstream:remotename)%00%(upstream:remoteref) refs/heads/master refs/remotes/master [7ms]
2023-08-09 18:47:28.141 [info] > git status -z -uall [4ms]
2023-08-09 18:47:28.155 [info] > git config --get commit.template [2ms]
2023-08-09 18:47:28.160 [info] > git for-each-ref --format=%(refname)%00%(upstream:short)%00%(objectname)%00%(upstream:track)%00%(upstream:remotename)%00%(upstream:remoteref) refs/heads/master refs/remotes/master [1ms]
2023-08-09 18:47:28.177 [info] > git status -z -uall [10ms]
2023-08-09 18:47:28.598 [info] > git check-ignore -v -z --stdin [2ms]
2023-08-09 18:48:48.361 [info] > git show --textconv :web100/web100_12.2.5.py [8ms]
2023-08-09 18:48:48.361 [info] > git ls-files --stage -- /home/gomer/GitHub/OScripty/web100/web100_12.2.5.py [4ms]
2023-08-09 18:48:48.695 [info] > git check-ignore -v -z --stdin [6ms]
2023-08-09 18:48:49.032 [info] > git config --get commit.template [1ms]
2023-08-09 18:48:49.037 [info] > git for-each-ref --format=%(refname)%00%(upstream:short)%00%(objectname)%00%(upstream:track)%00%(upstream:remotename)%00%(upstream:remoteref) refs/heads/master refs/remotes/master [1ms]
2023-08-09 18:48:49.042 [info] > git status -z -uall [1ms]
2023-08-09 18:53:39.086 [info] > git config --get commit.template [2ms]
2023-08-09 18:53:39.094 [info] > git for-each-ref --format=%(refname)%00%(upstream:short)%00%(objectname)%00%(upstream:track)%00%(upstream:remotename)%00%(upstream:remoteref) refs/heads/master refs/remotes/master [2ms]
2023-08-09 18:53:39.100 [info] > git status -z -uall [1ms]
2023-08-09 18:53:48.035 [info] > git config --get commit.template [1ms]
2023-08-09 18:53:48.040 [info] > git for-each-ref --format=%(refname)%00%(upstream:short)%00%(objectname)%00%(upstream:track)%00%(upstream:remotename)%00%(upstream:remoteref) refs/heads/master refs/remotes/master [1ms]
2023-08-09 18:53:48.046 [info] > git status -z -uall [2ms]
2023-08-09 18:54:25.260 [info] > git config --get commit.template [7ms]
2023-08-09 18:54:25.262 [info] > git for-each-ref --format=%(refname)%00%(upstream:short)%00%(objectname)%00%(upstream:track)%00%(upstream:remotename)%00%(upstream:remoteref) refs/heads/master refs/remotes/master [2ms]
2023-08-09 18:54:25.269 [info] > git status -z -uall [2ms]
2023-08-09 19:00:20.549 [info] > git config --get commit.template [1ms]
2023-08-09 19:00:20.554 [info] > git for-each-ref --format=%(refname)%00%(upstream:short)%00%(objectname)%00%(upstream:track)%00%(upstream:remotename)%00%(upstream:remoteref) refs/heads/master refs/remotes/master [1ms]
2023-08-09 19:00:20.561 [info] > git status -z -uall [1ms]
2023-08-09 19:03:17.715 [info] > git config --get commit.template [8ms]
2023-08-09 19:03:17.715 [info] > git for-each-ref --format=%(refname)%00%(upstream:short)%00%(objectname)%00%(upstream:track)%00%(upstream:remotename)%00%(upstream:remoteref) refs/heads/master refs/remotes/master [1ms]
2023-08-09 19:03:17.722 [info] > git status -z -uall [1ms]
2023-08-09 19:03:46.918 [info] > git config --get commit.template [9ms]
2023-08-09 19:03:46.918 [info] > git for-each-ref --format=%(refname)%00%(upstream:short)%00%(objectname)%00%(upstream:track)%00%(upstream:remotename)%00%(upstream:remoteref) refs/heads/master refs/remotes/master [1ms]
2023-08-09 19:03:46.926 [info] > git status -z -uall [2ms]
2023-08-09 19:04:51.911 [info] > git config --get commit.template [1ms]
2023-08-09 19:04:51.918 [info] > git for-each-ref --format=%(refname)%00%(upstream:short)%00%(objectname)%00%(upstream:track)%00%(upstream:remotename)%00%(upstream:remoteref) refs/heads/master refs/remotes/master [2ms]
2023-08-09 19:04:51.925 [info] > git status -z -uall [2ms]
2023-08-09 19:05:10.546 [info] > git config --get commit.template [1ms]
2023-08-09 19:05:10.554 [info] > git for-each-ref --format=%(refname)%00%(upstream:short)%00%(objectname)%00%(upstream:track)%00%(upstream:remotename)%00%(upstream:remoteref) refs/heads/master refs/remotes/master [1ms]
2023-08-09 19:05:10.561 [info] > git status -z -uall [1ms]
2023-08-09 19:05:34.511 [info] > git config --get commit.template [6ms]
2023-08-09 19:05:34.511 [info] > git for-each-ref --format=%(refname)%00%(upstream:short)%00%(objectname)%00%(upstream:track)%00%(upstream:remotename)%00%(upstream:remoteref) refs/heads/master refs/remotes/master [1ms]
2023-08-09 19:05:34.517 [info] > git status -z -uall [1ms]
2023-08-09 19:06:16.464 [info] > git config --get commit.template [7ms]
2023-08-09 19:06:16.464 [info] > git for-each-ref --format=%(refname)%00%(upstream:short)%00%(objectname)%00%(upstream:track)%00%(upstream:remotename)%00%(upstream:remoteref) refs/heads/master refs/remotes/master [1ms]
2023-08-09 19:06:16.471 [info] > git status -z -uall [1ms]
2023-08-09 19:07:07.005 [info] > git config --get commit.template [1ms]
2023-08-09 19:07:07.012 [info] > git for-each-ref --format=%(refname)%00%(upstream:short)%00%(objectname)%00%(upstream:track)%00%(upstream:remotename)%00%(upstream:remoteref) refs/heads/master refs/remotes/master [1ms]
2023-08-09 19:07:07.019 [info] > git status -z -uall [2ms]
2023-08-09 19:07:35.505 [info] > git config --get commit.template [6ms]
2023-08-09 19:07:35.506 [info] > git for-each-ref --format=%(refname)%00%(upstream:short)%00%(objectname)%00%(upstream:track)%00%(upstream:remotename)%00%(upstream:remoteref) refs/heads/master refs/remotes/master [0ms]
2023-08-09 19:07:35.512 [info] > git status -z -uall [2ms]
2023-08-09 19:08:26.587 [info] > git config --get commit.template [1ms]
2023-08-09 19:08:26.595 [info] > git for-each-ref --format=%(refname)%00%(upstream:short)%00%(objectname)%00%(upstream:track)%00%(upstream:remotename)%00%(upstream:remoteref) refs/heads/master refs/remotes/master [2ms]
2023-08-09 19:08:26.602 [info] > git status -z -uall [1ms]
2023-08-09 19:08:41.401 [info] > git config --get commit.template [6ms]
2023-08-09 19:08:41.402 [info] > git for-each-ref --format=%(refname)%00%(upstream:short)%00%(objectname)%00%(upstream:track)%00%(upstream:remotename)%00%(upstream:remoteref) refs/heads/master refs/remotes/master [1ms]
2023-08-09 19:08:41.407 [info] > git status -z -uall [1ms]
2023-08-09 19:09:01.502 [info] > git config --get commit.template [1ms]
2023-08-09 19:09:01.509 [info] > git for-each-ref --format=%(refname)%00%(upstream:short)%00%(objectname)%00%(upstream:track)%00%(upstream:remotename)%00%(upstream:remoteref) refs/heads/master refs/remotes/master [1ms]
2023-08-09 19:09:01.516 [info] > git status -z -uall [1ms]
2023-08-09 19:09:12.467 [info] > git config --get commit.template [0ms]
2023-08-09 19:09:12.476 [info] > git for-each-ref --format=%(refname)%00%(upstream:short)%00%(objectname)%00%(upstream:track)%00%(upstream:remotename)%00%(upstream:remoteref) refs/heads/master refs/remotes/master [1ms]
2023-08-09 19:09:12.483 [info] > git status -z -uall [1ms]
2023-08-09 19:09:27.208 [info] > git config --get commit.template [6ms]
2023-08-09 19:09:27.209 [info] > git for-each-ref --format=%(refname)%00%(upstream:short)%00%(objectname)%00%(upstream:track)%00%(upstream:remotename)%00%(upstream:remoteref) refs/heads/master refs/remotes/master [1ms]
2023-08-09 19:09:27.218 [info] > git status -z -uall [2ms]
2023-08-09 19:09:44.112 [info] > git config --get commit.template [7ms]
2023-08-09 19:09:44.113 [info] > git for-each-ref --format=%(refname)%00%(upstream:short)%00%(objectname)%00%(upstream:track)%00%(upstream:remotename)%00%(upstream:remoteref) refs/heads/master refs/remotes/master [2ms]
2023-08-09 19:09:44.120 [info] > git status -z -uall [1ms]
2023-08-09 19:09:56.349 [info] > git config --get commit.template [6ms]
2023-08-09 19:09:56.350 [info] > git for-each-ref --format=%(refname)%00%(upstream:short)%00%(objectname)%00%(upstream:track)%00%(upstream:remotename)%00%(upstream:remoteref) refs/heads/master refs/remotes/master [1ms]
2023-08-09 19:09:56.358 [info] > git status -z -uall [1ms]
2023-08-09 19:10:46.903 [info] > git config --get commit.template [1ms]
2023-08-09 19:10:46.909 [info] > git for-each-ref --format=%(refname)%00%(upstream:short)%00%(objectname)%00%(upstream:track)%00%(upstream:remotename)%00%(upstream:remoteref) refs/heads/master refs/remotes/master [1ms]
2023-08-09 19:10:46.918 [info] > git status -z -uall [2ms]
2023-08-09 19:12:21.917 [info] > git config --get commit.template [9ms]
2023-08-09 19:12:21.929 [info] > git for-each-ref --format=%(refname)%00%(upstream:short)%00%(objectname)%00%(upstream:track)%00%(upstream:remotename)%00%(upstream:remoteref) refs/heads/master refs/remotes/master [13ms]
2023-08-09 19:12:21.943 [info] > git status -z -uall [1ms]
2023-08-09 19:12:55.847 [info] > git config --get commit.template [6ms]
2023-08-09 19:12:55.847 [info] > git for-each-ref --format=%(refname)%00%(upstream:short)%00%(objectname)%00%(upstream:track)%00%(upstream:remotename)%00%(upstream:remoteref) refs/heads/master refs/remotes/master [1ms]
2023-08-09 19:12:55.857 [info] > git status -z -uall [2ms]
2023-08-09 19:13:10.110 [info] > git config --get commit.template [6ms]
2023-08-09 19:13:10.111 [info] > git for-each-ref --format=%(refname)%00%(upstream:short)%00%(objectname)%00%(upstream:track)%00%(upstream:remotename)%00%(upstream:remoteref) refs/heads/master refs/remotes/master [1ms]
2023-08-09 19:13:10.118 [info] > git status -z -uall [1ms]
2023-08-09 19:17:19.861 [info] > git config --get commit.template [1ms]
2023-08-09 19:17:19.868 [info] > git for-each-ref --format=%(refname)%00%(upstream:short)%00%(objectname)%00%(upstream:track)%00%(upstream:remotename)%00%(upstream:remoteref) refs/heads/master refs/remotes/master [1ms]
2023-08-09 19:17:19.875 [info] > git status -z -uall [1ms]
2023-08-09 19:17:47.096 [info] > git show --textconv :web100/web100_12.3.1.py [7ms]
2023-08-09 19:17:47.097 [info] > git ls-files --stage -- /home/gomer/GitHub/OScripty/web100/web100_12.3.1.py [2ms]
2023-08-09 19:17:47.345 [info] > git check-ignore -v -z --stdin [1ms]
2023-08-09 19:17:47.917 [info] > git config --get commit.template [1ms]
2023-08-09 19:17:47.924 [info] > git for-each-ref --format=%(refname)%00%(upstream:short)%00%(objectname)%00%(upstream:track)%00%(upstream:remotename)%00%(upstream:remoteref) refs/heads/master refs/remotes/master [1ms]
2023-08-09 19:17:47.932 [info] > git status -z -uall [2ms]
2023-08-09 19:20:27.107 [info] > git config --get commit.template [10ms]
2023-08-09 19:20:27.108 [info] > git for-each-ref --format=%(refname)%00%(upstream:short)%00%(objectname)%00%(upstream:track)%00%(upstream:remotename)%00%(upstream:remoteref) refs/heads/master refs/remotes/master [1ms]
2023-08-09 19:20:27.115 [info] > git status -z -uall [2ms]
2023-08-09 19:23:53.608 [info] > git config --get commit.template [2ms]
2023-08-09 19:23:53.616 [info] > git for-each-ref --format=%(refname)%00%(upstream:short)%00%(objectname)%00%(upstream:track)%00%(upstream:remotename)%00%(upstream:remoteref) refs/heads/master refs/remotes/master [1ms]
2023-08-09 19:23:53.623 [info] > git status -z -uall [1ms]
2023-08-09 19:23:54.253 [info] > git check-ignore -v -z --stdin [1ms]
2023-08-09 21:04:34.740 [info] > git config --get commit.template [1ms]
2023-08-09 21:04:34.750 [info] > git for-each-ref --format=%(refname)%00%(upstream:short)%00%(objectname)%00%(upstream:track)%00%(upstream:remotename)%00%(upstream:remoteref) refs/heads/master refs/remotes/master [2ms]
2023-08-09 21:04:34.758 [info] > git status -z -uall [1ms]
2023-08-09 21:05:28.262 [info] > git show --textconv :web100/web100_12.3.1_encoded_flag.json [7ms]
2023-08-09 21:05:28.264 [info] > git ls-files --stage -- /home/gomer/GitHub/OScripty/web100/web100_12.3.1_encoded_flag.json [2ms]
2023-08-09 21:20:12.992 [info] > git config --get commit.template [2ms]
2023-08-09 21:20:13.000 [info] > git for-each-ref --format=%(refname)%00%(upstream:short)%00%(objectname)%00%(upstream:track)%00%(upstream:remotename)%00%(upstream:remoteref) refs/heads/master refs/remotes/master [1ms]
2023-08-09 21:20:13.007 [info] > git status -z -uall [2ms]
2023-08-09 21:20:41.274 [info] > git config --get commit.template [7ms]
2023-08-09 21:20:41.275 [info] > git for-each-ref --format=%(refname)%00%(upstream:short)%00%(objectname)%00%(upstream:track)%00%(upstream:remotename)%00%(upstream:remoteref) refs/heads/master refs/remotes/master [1ms]
2023-08-09 21:20:41.284 [info] > git status -z -uall [2ms]
2023-08-09 21:21:30.125 [info] > git config --get commit.template [1ms]
2023-08-09 21:21:30.134 [info] > git for-each-ref --format=%(refname)%00%(upstream:short)%00%(objectname)%00%(upstream:track)%00%(upstream:remotename)%00%(upstream:remoteref) refs/heads/master refs/remotes/master [2ms]
2023-08-09 21:21:30.144 [info] > git status -z -uall [3ms]
2023-08-09 21:21:47.084 [info] > git config --get commit.template [2ms]
2023-08-09 21:21:47.093 [info] > git for-each-ref --format=%(refname)%00%(upstream:short)%00%(objectname)%00%(upstream:track)%00%(upstream:remotename)%00%(upstream:remoteref) refs/heads/master refs/remotes/master [2ms]
2023-08-09 21:21:47.100 [info] > git status -z -uall [1ms]
2023-08-09 21:27:23.678 [info] > git config --get commit.template [36ms]
2023-08-09 21:27:23.680 [info] > git for-each-ref --format=%(refname)%00%(upstream:short)%00%(objectname)%00%(upstream:track)%00%(upstream:remotename)%00%(upstream:remoteref) refs/heads/master refs/remotes/master [3ms]
2023-08-09 21:27:23.690 [info] > git status -z -uall [1ms]
2023-08-09 21:28:12.932 [info] > git config --get commit.template [7ms]
2023-08-09 21:28:12.932 [info] > git for-each-ref --format=%(refname)%00%(upstream:short)%00%(objectname)%00%(upstream:track)%00%(upstream:remotename)%00%(upstream:remoteref) refs/heads/master refs/remotes/master [1ms]
2023-08-09 21:28:12.939 [info] > git status -z -uall [2ms]
2023-08-09 21:31:08.009 [info] > git config --get commit.template [20ms]
2023-08-09 21:31:08.009 [info] > git for-each-ref --format=%(refname)%00%(upstream:short)%00%(objectname)%00%(upstream:track)%00%(upstream:remotename)%00%(upstream:remoteref) refs/heads/master refs/remotes/master [2ms]
2023-08-09 21:31:08.025 [info] > git status -z -uall [7ms]
2023-08-09 21:35:38.452 [info] > git config --get commit.template [1ms]
2023-08-09 21:35:38.460 [info] > git for-each-ref --format=%(refname)%00%(upstream:short)%00%(objectname)%00%(upstream:track)%00%(upstream:remotename)%00%(upstream:remoteref) refs/heads/master refs/remotes/master [1ms]
2023-08-09 21:35:38.468 [info] > git status -z -uall [1ms]
2023-08-09 21:37:03.364 [info] > git config --get commit.template [8ms]
2023-08-09 21:37:03.364 [info] > git for-each-ref --format=%(refname)%00%(upstream:short)%00%(objectname)%00%(upstream:track)%00%(upstream:remotename)%00%(upstream:remoteref) refs/heads/master refs/remotes/master [1ms]
2023-08-09 21:37:03.374 [info] > git status -z -uall [1ms]
2023-08-09 21:39:56.249 [info] > git show --textconv :web100/web100_12.4.2.py [10ms]
2023-08-09 21:39:56.250 [info] > git ls-files --stage -- /home/gomer/GitHub/OScripty/web100/web100_12.4.2.py [1ms]
2023-08-09 21:39:56.503 [info] > git check-ignore -v -z --stdin [3ms]
2023-08-09 21:39:57.085 [info] > git config --get commit.template [7ms]
2023-08-09 21:39:57.086 [info] > git for-each-ref --format=%(refname)%00%(upstream:short)%00%(objectname)%00%(upstream:track)%00%(upstream:remotename)%00%(upstream:remoteref) refs/heads/master refs/remotes/master [1ms]
2023-08-09 21:39:57.092 [info] > git status -z -uall [1ms]
2023-08-09 21:41:33.856 [info] > git config --get commit.template [1ms]
2023-08-09 21:41:33.864 [info] > git for-each-ref --format=%(refname)%00%(upstream:short)%00%(objectname)%00%(upstream:track)%00%(upstream:remotename)%00%(upstream:remoteref) refs/heads/master refs/remotes/master [2ms]
2023-08-09 21:41:33.874 [info] > git status -z -uall [1ms]
2023-08-09 21:51:06.102 [info] > git show --textconv :web100/tst.js [9ms]
2023-08-09 21:51:06.103 [info] > git ls-files --stage -- /home/gomer/GitHub/OScripty/web100/tst.js [3ms]
2023-08-09 23:51:29.465 [info] > git config --get commit.template [1ms]
2023-08-09 23:51:29.475 [info] > git for-each-ref --format=%(refname)%00%(upstream:short)%00%(objectname)%00%(upstream:track)%00%(upstream:remotename)%00%(upstream:remoteref) refs/heads/master refs/remotes/master [1ms]
2023-08-09 23:51:29.491 [info] > git status -z -uall [8ms]
2023-08-09 23:51:29.496 [info] > git ls-files --stage -- /home/gomer/GitHub/OScripty/web100/tst.js [6ms]
2023-08-09 23:51:29.505 [info] > git cat-file -s 76f73ed89cef122a292e3ca7759e8eb0d768a8eb [2ms]
2023-08-09 23:51:29.514 [info] > git show --textconv :web100/tst.js [1ms]
