2023-08-01 21:12:52.465 [info] Getting Manifest... ms-python.python
2023-08-01 21:12:52.466 [info] Getting Manifest... ms-python.vscode-pylance
2023-08-01 21:12:52.503 [info] Installing extension: ms-python.vscode-pylance
2023-08-01 21:12:52.515 [info] Installing extension: ms-python.python
2023-08-01 21:12:52.872 [info] Getting Manifest... ms-python.python
2023-08-01 21:12:52.942 [info] Waiting for already requested installing extension ms-python.python ms-python.vscode-pylance
2023-08-01 21:12:55.048 [info] Extension signature is verified: ms-python.python
2023-08-01 21:12:55.102 [info] Extension signature is verified: ms-python.vscode-pylance
2023-08-01 21:12:59.756 [info] Extracted extension to /home/gomer/.vscode/extensions/.be18c10f-2ef8-42a3-8b2f-b27c85b6912b: ms-python.python
2023-08-01 21:12:59.775 [info] Renamed to /home/gomer/.vscode/extensions/ms-python.python-2023.12.0
2023-08-01 21:12:59.780 [info] Extracting extension completed. ms-python.python
2023-08-01 21:12:59.796 [info] Extension installed successfully: ms-python.python
2023-08-01 21:12:59.796 [info] Finished waiting for already requested installing extension ms-python.python ms-python.vscode-pylance
2023-08-01 21:12:59.801 [info] Marked extension as uninstalled ms-python.python-2023.10.0
2023-08-01 21:13:02.311 [info] Extracted extension to /home/gomer/.vscode/extensions/.4ff22319-0b9d-482a-8d7d-b71aa88a5f94: ms-python.vscode-pylance
2023-08-01 21:13:02.330 [info] Renamed to /home/gomer/.vscode/extensions/ms-python.vscode-pylance-2023.7.40
2023-08-01 21:13:02.332 [info] Extracting extension completed. ms-python.vscode-pylance
2023-08-01 21:13:02.343 [info] Extension installed successfully: ms-python.vscode-pylance
2023-08-01 21:13:02.347 [info] Marked extension as uninstalled ms-python.vscode-pylance-2023.6.10
2023-08-01 21:13:56.050 [error] [uncaught exception in sharedProcess]: Cannot read properties of undefined (reading 'then'): TypeError: Cannot read properties of undefined (reading 'then')
    at y.s (/usr/share/code/resources/app/out/vs/code/node/sharedProcess/sharedProcessMain.js:23:4754)
    at y.q (/usr/share/code/resources/app/out/vs/code/node/sharedProcess/sharedProcessMain.js:23:4177)
    at a.value (/usr/share/code/resources/app/out/vs/code/node/sharedProcess/sharedProcessMain.js:23:3577)
    at p.w (/usr/share/code/resources/app/out/vs/code/node/sharedProcess/sharedProcessMain.js:18:1902)
    at p.x (/usr/share/code/resources/app/out/vs/code/node/sharedProcess/sharedProcessMain.js:18:1972)
    at p.fire (/usr/share/code/resources/app/out/vs/code/node/sharedProcess/sharedProcessMain.js:18:2188)
    at MessagePortMain.oe (/usr/share/code/resources/app/out/vs/code/node/sharedProcess/sharedProcessMain.js:16:40476)
    at MessagePortMain.emit (node:events:513:28)
    at MessagePortMain._internalPort.emit (node:electron/js2c/utility_init:2:367)
2023-08-01 21:14:26.601 [error] [uncaught exception in sharedProcess]: Cannot read properties of undefined (reading 'then'): TypeError: Cannot read properties of undefined (reading 'then')
    at y.s (/usr/share/code/resources/app/out/vs/code/node/sharedProcess/sharedProcessMain.js:23:4754)
    at y.q (/usr/share/code/resources/app/out/vs/code/node/sharedProcess/sharedProcessMain.js:23:4177)
    at a.value (/usr/share/code/resources/app/out/vs/code/node/sharedProcess/sharedProcessMain.js:23:3577)
    at p.w (/usr/share/code/resources/app/out/vs/code/node/sharedProcess/sharedProcessMain.js:18:1902)
    at p.x (/usr/share/code/resources/app/out/vs/code/node/sharedProcess/sharedProcessMain.js:18:1972)
    at p.fire (/usr/share/code/resources/app/out/vs/code/node/sharedProcess/sharedProcessMain.js:18:2188)
    at MessagePortMain.oe (/usr/share/code/resources/app/out/vs/code/node/sharedProcess/sharedProcessMain.js:16:40476)
    at MessagePortMain.emit (node:events:513:28)
    at MessagePortMain._internalPort.emit (node:electron/js2c/utility_init:2:367)
2023-08-01 21:16:15.731 [error] [uncaught exception in sharedProcess]: Cannot read properties of undefined (reading 'then'): TypeError: Cannot read properties of undefined (reading 'then')
    at y.s (/usr/share/code/resources/app/out/vs/code/node/sharedProcess/sharedProcessMain.js:23:4754)
    at y.q (/usr/share/code/resources/app/out/vs/code/node/sharedProcess/sharedProcessMain.js:23:4177)
    at a.value (/usr/share/code/resources/app/out/vs/code/node/sharedProcess/sharedProcessMain.js:23:3577)
    at p.w (/usr/share/code/resources/app/out/vs/code/node/sharedProcess/sharedProcessMain.js:18:1902)
    at p.x (/usr/share/code/resources/app/out/vs/code/node/sharedProcess/sharedProcessMain.js:18:1972)
    at p.fire (/usr/share/code/resources/app/out/vs/code/node/sharedProcess/sharedProcessMain.js:18:2188)
    at MessagePortMain.oe (/usr/share/code/resources/app/out/vs/code/node/sharedProcess/sharedProcessMain.js:16:40476)
    at MessagePortMain.emit (node:events:513:28)
    at MessagePortMain._internalPort.emit (node:electron/js2c/utility_init:2:367)
2023-08-01 21:20:14.477 [error] [uncaught exception in sharedProcess]: Cannot read properties of undefined (reading 'then'): TypeError: Cannot read properties of undefined (reading 'then')
    at y.s (/usr/share/code/resources/app/out/vs/code/node/sharedProcess/sharedProcessMain.js:23:4754)
    at y.q (/usr/share/code/resources/app/out/vs/code/node/sharedProcess/sharedProcessMain.js:23:4177)
    at a.value (/usr/share/code/resources/app/out/vs/code/node/sharedProcess/sharedProcessMain.js:23:3577)
    at p.w (/usr/share/code/resources/app/out/vs/code/node/sharedProcess/sharedProcessMain.js:18:1902)
    at p.x (/usr/share/code/resources/app/out/vs/code/node/sharedProcess/sharedProcessMain.js:18:1972)
    at p.fire (/usr/share/code/resources/app/out/vs/code/node/sharedProcess/sharedProcessMain.js:18:2188)
    at MessagePortMain.oe (/usr/share/code/resources/app/out/vs/code/node/sharedProcess/sharedProcessMain.js:16:40476)
    at MessagePortMain.emit (node:events:513:28)
    at MessagePortMain._internalPort.emit (node:electron/js2c/utility_init:2:367)
2023-08-01 21:20:31.731 [error] [uncaught exception in sharedProcess]: Cannot read properties of undefined (reading 'then'): TypeError: Cannot read properties of undefined (reading 'then')
    at y.s (/usr/share/code/resources/app/out/vs/code/node/sharedProcess/sharedProcessMain.js:23:4754)
    at y.q (/usr/share/code/resources/app/out/vs/code/node/sharedProcess/sharedProcessMain.js:23:4177)
    at a.value (/usr/share/code/resources/app/out/vs/code/node/sharedProcess/sharedProcessMain.js:23:3577)
    at p.w (/usr/share/code/resources/app/out/vs/code/node/sharedProcess/sharedProcessMain.js:18:1902)
    at p.x (/usr/share/code/resources/app/out/vs/code/node/sharedProcess/sharedProcessMain.js:18:1972)
    at p.fire (/usr/share/code/resources/app/out/vs/code/node/sharedProcess/sharedProcessMain.js:18:2188)
    at MessagePortMain.oe (/usr/share/code/resources/app/out/vs/code/node/sharedProcess/sharedProcessMain.js:16:40476)
    at MessagePortMain.emit (node:events:513:28)
    at MessagePortMain._internalPort.emit (node:electron/js2c/utility_init:2:367)
2023-08-01 21:21:41.908 [error] [uncaught exception in sharedProcess]: Cannot read properties of undefined (reading 'then'): TypeError: Cannot read properties of undefined (reading 'then')
    at y.s (/usr/share/code/resources/app/out/vs/code/node/sharedProcess/sharedProcessMain.js:23:4754)
    at y.q (/usr/share/code/resources/app/out/vs/code/node/sharedProcess/sharedProcessMain.js:23:4177)
    at a.value (/usr/share/code/resources/app/out/vs/code/node/sharedProcess/sharedProcessMain.js:23:3577)
    at p.w (/usr/share/code/resources/app/out/vs/code/node/sharedProcess/sharedProcessMain.js:18:1902)
    at p.x (/usr/share/code/resources/app/out/vs/code/node/sharedProcess/sharedProcessMain.js:18:1972)
    at p.fire (/usr/share/code/resources/app/out/vs/code/node/sharedProcess/sharedProcessMain.js:18:2188)
    at MessagePortMain.oe (/usr/share/code/resources/app/out/vs/code/node/sharedProcess/sharedProcessMain.js:16:40476)
    at MessagePortMain.emit (node:events:513:28)
    at MessagePortMain._internalPort.emit (node:electron/js2c/utility_init:2:367)
2023-08-01 21:21:54.086 [error] [uncaught exception in sharedProcess]: Cannot read properties of undefined (reading 'then'): TypeError: Cannot read properties of undefined (reading 'then')
    at y.s (/usr/share/code/resources/app/out/vs/code/node/sharedProcess/sharedProcessMain.js:23:4754)
    at y.q (/usr/share/code/resources/app/out/vs/code/node/sharedProcess/sharedProcessMain.js:23:4177)
    at a.value (/usr/share/code/resources/app/out/vs/code/node/sharedProcess/sharedProcessMain.js:23:3577)
    at p.w (/usr/share/code/resources/app/out/vs/code/node/sharedProcess/sharedProcessMain.js:18:1902)
    at p.x (/usr/share/code/resources/app/out/vs/code/node/sharedProcess/sharedProcessMain.js:18:1972)
    at p.fire (/usr/share/code/resources/app/out/vs/code/node/sharedProcess/sharedProcessMain.js:18:2188)
    at MessagePortMain.oe (/usr/share/code/resources/app/out/vs/code/node/sharedProcess/sharedProcessMain.js:16:40476)
    at MessagePortMain.emit (node:events:513:28)
    at MessagePortMain._internalPort.emit (node:electron/js2c/utility_init:2:367)
2023-08-01 21:23:24.465 [error] [uncaught exception in sharedProcess]: Cannot read properties of undefined (reading 'then'): TypeError: Cannot read properties of undefined (reading 'then')
    at y.s (/usr/share/code/resources/app/out/vs/code/node/sharedProcess/sharedProcessMain.js:23:4754)
    at y.q (/usr/share/code/resources/app/out/vs/code/node/sharedProcess/sharedProcessMain.js:23:4177)
    at a.value (/usr/share/code/resources/app/out/vs/code/node/sharedProcess/sharedProcessMain.js:23:3577)
    at p.w (/usr/share/code/resources/app/out/vs/code/node/sharedProcess/sharedProcessMain.js:18:1902)
    at p.x (/usr/share/code/resources/app/out/vs/code/node/sharedProcess/sharedProcessMain.js:18:1972)
    at p.fire (/usr/share/code/resources/app/out/vs/code/node/sharedProcess/sharedProcessMain.js:18:2188)
    at MessagePortMain.oe (/usr/share/code/resources/app/out/vs/code/node/sharedProcess/sharedProcessMain.js:16:40476)
    at MessagePortMain.emit (node:events:513:28)
    at MessagePortMain._internalPort.emit (node:electron/js2c/utility_init:2:367)
2023-08-01 21:24:09.783 [error] [uncaught exception in sharedProcess]: Cannot read properties of undefined (reading 'then'): TypeError: Cannot read properties of undefined (reading 'then')
    at y.s (/usr/share/code/resources/app/out/vs/code/node/sharedProcess/sharedProcessMain.js:23:4754)
    at y.q (/usr/share/code/resources/app/out/vs/code/node/sharedProcess/sharedProcessMain.js:23:4177)
    at a.value (/usr/share/code/resources/app/out/vs/code/node/sharedProcess/sharedProcessMain.js:23:3577)
    at p.w (/usr/share/code/resources/app/out/vs/code/node/sharedProcess/sharedProcessMain.js:18:1902)
    at p.x (/usr/share/code/resources/app/out/vs/code/node/sharedProcess/sharedProcessMain.js:18:1972)
    at p.fire (/usr/share/code/resources/app/out/vs/code/node/sharedProcess/sharedProcessMain.js:18:2188)
    at MessagePortMain.oe (/usr/share/code/resources/app/out/vs/code/node/sharedProcess/sharedProcessMain.js:16:40476)
    at MessagePortMain.emit (node:events:513:28)
    at MessagePortMain._internalPort.emit (node:electron/js2c/utility_init:2:367)
2023-08-01 21:25:02.264 [error] [uncaught exception in sharedProcess]: Cannot read properties of undefined (reading 'then'): TypeError: Cannot read properties of undefined (reading 'then')
    at y.s (/usr/share/code/resources/app/out/vs/code/node/sharedProcess/sharedProcessMain.js:23:4754)
    at y.q (/usr/share/code/resources/app/out/vs/code/node/sharedProcess/sharedProcessMain.js:23:4177)
    at a.value (/usr/share/code/resources/app/out/vs/code/node/sharedProcess/sharedProcessMain.js:23:3577)
    at p.w (/usr/share/code/resources/app/out/vs/code/node/sharedProcess/sharedProcessMain.js:18:1902)
    at p.x (/usr/share/code/resources/app/out/vs/code/node/sharedProcess/sharedProcessMain.js:18:1972)
    at p.fire (/usr/share/code/resources/app/out/vs/code/node/sharedProcess/sharedProcessMain.js:18:2188)
    at MessagePortMain.oe (/usr/share/code/resources/app/out/vs/code/node/sharedProcess/sharedProcessMain.js:16:40476)
    at MessagePortMain.emit (node:events:513:28)
    at MessagePortMain._internalPort.emit (node:electron/js2c/utility_init:2:367)
2023-08-01 21:25:21.384 [error] [uncaught exception in sharedProcess]: Cannot read properties of undefined (reading 'then'): TypeError: Cannot read properties of undefined (reading 'then')
    at y.s (/usr/share/code/resources/app/out/vs/code/node/sharedProcess/sharedProcessMain.js:23:4754)
    at y.q (/usr/share/code/resources/app/out/vs/code/node/sharedProcess/sharedProcessMain.js:23:4177)
    at a.value (/usr/share/code/resources/app/out/vs/code/node/sharedProcess/sharedProcessMain.js:23:3577)
    at p.w (/usr/share/code/resources/app/out/vs/code/node/sharedProcess/sharedProcessMain.js:18:1902)
    at p.x (/usr/share/code/resources/app/out/vs/code/node/sharedProcess/sharedProcessMain.js:18:1972)
    at p.fire (/usr/share/code/resources/app/out/vs/code/node/sharedProcess/sharedProcessMain.js:18:2188)
    at MessagePortMain.oe (/usr/share/code/resources/app/out/vs/code/node/sharedProcess/sharedProcessMain.js:16:40476)
    at MessagePortMain.emit (node:events:513:28)
    at MessagePortMain._internalPort.emit (node:electron/js2c/utility_init:2:367)
2023-08-01 21:25:42.471 [error] [uncaught exception in sharedProcess]: Cannot read properties of undefined (reading 'then'): TypeError: Cannot read properties of undefined (reading 'then')
    at y.s (/usr/share/code/resources/app/out/vs/code/node/sharedProcess/sharedProcessMain.js:23:4754)
    at y.q (/usr/share/code/resources/app/out/vs/code/node/sharedProcess/sharedProcessMain.js:23:4177)
    at a.value (/usr/share/code/resources/app/out/vs/code/node/sharedProcess/sharedProcessMain.js:23:3577)
    at p.w (/usr/share/code/resources/app/out/vs/code/node/sharedProcess/sharedProcessMain.js:18:1902)
    at p.x (/usr/share/code/resources/app/out/vs/code/node/sharedProcess/sharedProcessMain.js:18:1972)
    at p.fire (/usr/share/code/resources/app/out/vs/code/node/sharedProcess/sharedProcessMain.js:18:2188)
    at MessagePortMain.oe (/usr/share/code/resources/app/out/vs/code/node/sharedProcess/sharedProcessMain.js:16:40476)
    at MessagePortMain.emit (node:events:513:28)
    at MessagePortMain._internalPort.emit (node:electron/js2c/utility_init:2:367)
2023-08-01 21:26:06.341 [error] [uncaught exception in sharedProcess]: Cannot read properties of undefined (reading 'then'): TypeError: Cannot read properties of undefined (reading 'then')
    at y.s (/usr/share/code/resources/app/out/vs/code/node/sharedProcess/sharedProcessMain.js:23:4754)
    at y.q (/usr/share/code/resources/app/out/vs/code/node/sharedProcess/sharedProcessMain.js:23:4177)
    at a.value (/usr/share/code/resources/app/out/vs/code/node/sharedProcess/sharedProcessMain.js:23:3577)
    at p.w (/usr/share/code/resources/app/out/vs/code/node/sharedProcess/sharedProcessMain.js:18:1902)
    at p.x (/usr/share/code/resources/app/out/vs/code/node/sharedProcess/sharedProcessMain.js:18:1972)
    at p.fire (/usr/share/code/resources/app/out/vs/code/node/sharedProcess/sharedProcessMain.js:18:2188)
    at MessagePortMain.oe (/usr/share/code/resources/app/out/vs/code/node/sharedProcess/sharedProcessMain.js:16:40476)
    at MessagePortMain.emit (node:events:513:28)
    at MessagePortMain._internalPort.emit (node:electron/js2c/utility_init:2:367)
2023-08-01 21:29:00.264 [error] [uncaught exception in sharedProcess]: Cannot read properties of undefined (reading 'then'): TypeError: Cannot read properties of undefined (reading 'then')
    at y.s (/usr/share/code/resources/app/out/vs/code/node/sharedProcess/sharedProcessMain.js:23:4754)
    at y.q (/usr/share/code/resources/app/out/vs/code/node/sharedProcess/sharedProcessMain.js:23:4177)
    at a.value (/usr/share/code/resources/app/out/vs/code/node/sharedProcess/sharedProcessMain.js:23:3577)
    at p.w (/usr/share/code/resources/app/out/vs/code/node/sharedProcess/sharedProcessMain.js:18:1902)
    at p.x (/usr/share/code/resources/app/out/vs/code/node/sharedProcess/sharedProcessMain.js:18:1972)
    at p.fire (/usr/share/code/resources/app/out/vs/code/node/sharedProcess/sharedProcessMain.js:18:2188)
    at MessagePortMain.oe (/usr/share/code/resources/app/out/vs/code/node/sharedProcess/sharedProcessMain.js:16:40476)
    at MessagePortMain.emit (node:events:513:28)
    at MessagePortMain._internalPort.emit (node:electron/js2c/utility_init:2:367)
2023-08-01 21:29:25.037 [error] [uncaught exception in sharedProcess]: Cannot read properties of undefined (reading 'then'): TypeError: Cannot read properties of undefined (reading 'then')
    at y.s (/usr/share/code/resources/app/out/vs/code/node/sharedProcess/sharedProcessMain.js:23:4754)
    at y.q (/usr/share/code/resources/app/out/vs/code/node/sharedProcess/sharedProcessMain.js:23:4177)
    at a.value (/usr/share/code/resources/app/out/vs/code/node/sharedProcess/sharedProcessMain.js:23:3577)
    at p.w (/usr/share/code/resources/app/out/vs/code/node/sharedProcess/sharedProcessMain.js:18:1902)
    at p.x (/usr/share/code/resources/app/out/vs/code/node/sharedProcess/sharedProcessMain.js:18:1972)
    at p.fire (/usr/share/code/resources/app/out/vs/code/node/sharedProcess/sharedProcessMain.js:18:2188)
    at MessagePortMain.oe (/usr/share/code/resources/app/out/vs/code/node/sharedProcess/sharedProcessMain.js:16:40476)
    at MessagePortMain.emit (node:events:513:28)
    at MessagePortMain._internalPort.emit (node:electron/js2c/utility_init:2:367)
2023-08-01 21:29:34.048 [error] [uncaught exception in sharedProcess]: Cannot read properties of undefined (reading 'then'): TypeError: Cannot read properties of undefined (reading 'then')
    at y.s (/usr/share/code/resources/app/out/vs/code/node/sharedProcess/sharedProcessMain.js:23:4754)
    at y.q (/usr/share/code/resources/app/out/vs/code/node/sharedProcess/sharedProcessMain.js:23:4177)
    at a.value (/usr/share/code/resources/app/out/vs/code/node/sharedProcess/sharedProcessMain.js:23:3577)
    at p.w (/usr/share/code/resources/app/out/vs/code/node/sharedProcess/sharedProcessMain.js:18:1902)
    at p.x (/usr/share/code/resources/app/out/vs/code/node/sharedProcess/sharedProcessMain.js:18:1972)
    at p.fire (/usr/share/code/resources/app/out/vs/code/node/sharedProcess/sharedProcessMain.js:18:2188)
    at MessagePortMain.oe (/usr/share/code/resources/app/out/vs/code/node/sharedProcess/sharedProcessMain.js:16:40476)
    at MessagePortMain.emit (node:events:513:28)
    at MessagePortMain._internalPort.emit (node:electron/js2c/utility_init:2:367)
2023-08-01 21:29:44.990 [error] [uncaught exception in sharedProcess]: Cannot read properties of undefined (reading 'then'): TypeError: Cannot read properties of undefined (reading 'then')
    at y.s (/usr/share/code/resources/app/out/vs/code/node/sharedProcess/sharedProcessMain.js:23:4754)
    at y.q (/usr/share/code/resources/app/out/vs/code/node/sharedProcess/sharedProcessMain.js:23:4177)
    at a.value (/usr/share/code/resources/app/out/vs/code/node/sharedProcess/sharedProcessMain.js:23:3577)
    at p.w (/usr/share/code/resources/app/out/vs/code/node/sharedProcess/sharedProcessMain.js:18:1902)
    at p.x (/usr/share/code/resources/app/out/vs/code/node/sharedProcess/sharedProcessMain.js:18:1972)
    at p.fire (/usr/share/code/resources/app/out/vs/code/node/sharedProcess/sharedProcessMain.js:18:2188)
    at MessagePortMain.oe (/usr/share/code/resources/app/out/vs/code/node/sharedProcess/sharedProcessMain.js:16:40476)
    at MessagePortMain.emit (node:events:513:28)
    at MessagePortMain._internalPort.emit (node:electron/js2c/utility_init:2:367)
2023-08-01 21:35:25.975 [error] [uncaught exception in sharedProcess]: Cannot read properties of undefined (reading 'then'): TypeError: Cannot read properties of undefined (reading 'then')
    at y.s (/usr/share/code/resources/app/out/vs/code/node/sharedProcess/sharedProcessMain.js:23:4754)
    at y.q (/usr/share/code/resources/app/out/vs/code/node/sharedProcess/sharedProcessMain.js:23:4177)
    at a.value (/usr/share/code/resources/app/out/vs/code/node/sharedProcess/sharedProcessMain.js:23:3577)
    at p.w (/usr/share/code/resources/app/out/vs/code/node/sharedProcess/sharedProcessMain.js:18:1902)
    at p.x (/usr/share/code/resources/app/out/vs/code/node/sharedProcess/sharedProcessMain.js:18:1972)
    at p.fire (/usr/share/code/resources/app/out/vs/code/node/sharedProcess/sharedProcessMain.js:18:2188)
    at MessagePortMain.oe (/usr/share/code/resources/app/out/vs/code/node/sharedProcess/sharedProcessMain.js:16:40476)
    at MessagePortMain.emit (node:events:513:28)
    at MessagePortMain._internalPort.emit (node:electron/js2c/utility_init:2:367)
