2023-08-01 22:00:01.288 [info] Deleted from disk ms-python.python /home/gomer/.vscode/extensions/ms-python.python-2023.10.0
2023-08-01 22:00:01.299 [info] Deleted from disk ms-python.vscode-pylance /home/gomer/.vscode/extensions/ms-python.vscode-pylance-2023.6.10
2023-08-01 22:36:57.356 [error] [uncaught exception in sharedProcess]: Cannot read properties of undefined (reading 'then'): TypeError: Cannot read properties of undefined (reading 'then')
    at y.s (/usr/share/code/resources/app/out/vs/code/node/sharedProcess/sharedProcessMain.js:23:4754)
    at y.q (/usr/share/code/resources/app/out/vs/code/node/sharedProcess/sharedProcessMain.js:23:4177)
    at a.value (/usr/share/code/resources/app/out/vs/code/node/sharedProcess/sharedProcessMain.js:23:3577)
    at p.w (/usr/share/code/resources/app/out/vs/code/node/sharedProcess/sharedProcessMain.js:18:1902)
    at p.x (/usr/share/code/resources/app/out/vs/code/node/sharedProcess/sharedProcessMain.js:18:1972)
    at p.fire (/usr/share/code/resources/app/out/vs/code/node/sharedProcess/sharedProcessMain.js:18:2188)
    at MessagePortMain.oe (/usr/share/code/resources/app/out/vs/code/node/sharedProcess/sharedProcessMain.js:16:40476)
    at MessagePortMain.emit (node:events:513:28)
    at MessagePortMain._internalPort.emit (node:electron/js2c/utility_init:2:367)
2023-08-01 22:37:22.464 [error] [uncaught exception in sharedProcess]: Cannot read properties of undefined (reading 'then'): TypeError: Cannot read properties of undefined (reading 'then')
    at y.s (/usr/share/code/resources/app/out/vs/code/node/sharedProcess/sharedProcessMain.js:23:4754)
    at y.q (/usr/share/code/resources/app/out/vs/code/node/sharedProcess/sharedProcessMain.js:23:4177)
    at a.value (/usr/share/code/resources/app/out/vs/code/node/sharedProcess/sharedProcessMain.js:23:3577)
    at p.w (/usr/share/code/resources/app/out/vs/code/node/sharedProcess/sharedProcessMain.js:18:1902)
    at p.x (/usr/share/code/resources/app/out/vs/code/node/sharedProcess/sharedProcessMain.js:18:1972)
    at p.fire (/usr/share/code/resources/app/out/vs/code/node/sharedProcess/sharedProcessMain.js:18:2188)
    at MessagePortMain.oe (/usr/share/code/resources/app/out/vs/code/node/sharedProcess/sharedProcessMain.js:16:40476)
    at MessagePortMain.emit (node:events:513:28)
    at MessagePortMain._internalPort.emit (node:electron/js2c/utility_init:2:367)
2023-08-01 22:37:25.141 [error] [uncaught exception in sharedProcess]: A system error occurred (read ECONNRESET): Error: read ECONNRESET
    at TLSWrap.onStreamRead (node:internal/stream_base_commons:217:20)
2023-08-01 22:37:27.452 [error] [uncaught exception in sharedProcess]: Cannot read properties of undefined (reading 'then'): TypeError: Cannot read properties of undefined (reading 'then')
    at y.s (/usr/share/code/resources/app/out/vs/code/node/sharedProcess/sharedProcessMain.js:23:4754)
    at y.q (/usr/share/code/resources/app/out/vs/code/node/sharedProcess/sharedProcessMain.js:23:4177)
    at a.value (/usr/share/code/resources/app/out/vs/code/node/sharedProcess/sharedProcessMain.js:23:3577)
    at p.w (/usr/share/code/resources/app/out/vs/code/node/sharedProcess/sharedProcessMain.js:18:1902)
    at p.x (/usr/share/code/resources/app/out/vs/code/node/sharedProcess/sharedProcessMain.js:18:1972)
    at p.fire (/usr/share/code/resources/app/out/vs/code/node/sharedProcess/sharedProcessMain.js:18:2188)
    at MessagePortMain.oe (/usr/share/code/resources/app/out/vs/code/node/sharedProcess/sharedProcessMain.js:16:40476)
    at MessagePortMain.emit (node:events:513:28)
    at MessagePortMain._internalPort.emit (node:electron/js2c/utility_init:2:367)
2023-08-01 22:37:27.845 [error] [uncaught exception in sharedProcess]: Cannot read properties of undefined (reading 'then'): TypeError: Cannot read properties of undefined (reading 'then')
    at y.s (/usr/share/code/resources/app/out/vs/code/node/sharedProcess/sharedProcessMain.js:23:4754)
    at y.q (/usr/share/code/resources/app/out/vs/code/node/sharedProcess/sharedProcessMain.js:23:4177)
    at a.value (/usr/share/code/resources/app/out/vs/code/node/sharedProcess/sharedProcessMain.js:23:3577)
    at p.w (/usr/share/code/resources/app/out/vs/code/node/sharedProcess/sharedProcessMain.js:18:1902)
    at p.x (/usr/share/code/resources/app/out/vs/code/node/sharedProcess/sharedProcessMain.js:18:1972)
    at p.fire (/usr/share/code/resources/app/out/vs/code/node/sharedProcess/sharedProcessMain.js:18:2188)
    at MessagePortMain.oe (/usr/share/code/resources/app/out/vs/code/node/sharedProcess/sharedProcessMain.js:16:40476)
    at MessagePortMain.emit (node:events:513:28)
    at MessagePortMain._internalPort.emit (node:electron/js2c/utility_init:2:367)
2023-08-01 22:37:27.867 [error] [uncaught exception in sharedProcess]: Cannot read properties of undefined (reading 'then'): TypeError: Cannot read properties of undefined (reading 'then')
    at y.s (/usr/share/code/resources/app/out/vs/code/node/sharedProcess/sharedProcessMain.js:23:4754)
    at y.q (/usr/share/code/resources/app/out/vs/code/node/sharedProcess/sharedProcessMain.js:23:4177)
    at a.value (/usr/share/code/resources/app/out/vs/code/node/sharedProcess/sharedProcessMain.js:23:3577)
    at p.w (/usr/share/code/resources/app/out/vs/code/node/sharedProcess/sharedProcessMain.js:18:1902)
    at p.x (/usr/share/code/resources/app/out/vs/code/node/sharedProcess/sharedProcessMain.js:18:1972)
    at p.fire (/usr/share/code/resources/app/out/vs/code/node/sharedProcess/sharedProcessMain.js:18:2188)
    at MessagePortMain.oe (/usr/share/code/resources/app/out/vs/code/node/sharedProcess/sharedProcessMain.js:16:40476)
    at MessagePortMain.emit (node:events:513:28)
    at MessagePortMain._internalPort.emit (node:electron/js2c/utility_init:2:367)
2023-08-01 22:38:05.197 [error] [uncaught exception in sharedProcess]: Cannot read properties of undefined (reading 'then'): TypeError: Cannot read properties of undefined (reading 'then')
    at y.s (/usr/share/code/resources/app/out/vs/code/node/sharedProcess/sharedProcessMain.js:23:4754)
    at y.q (/usr/share/code/resources/app/out/vs/code/node/sharedProcess/sharedProcessMain.js:23:4177)
    at a.value (/usr/share/code/resources/app/out/vs/code/node/sharedProcess/sharedProcessMain.js:23:3577)
    at p.w (/usr/share/code/resources/app/out/vs/code/node/sharedProcess/sharedProcessMain.js:18:1902)
    at p.x (/usr/share/code/resources/app/out/vs/code/node/sharedProcess/sharedProcessMain.js:18:1972)
    at p.fire (/usr/share/code/resources/app/out/vs/code/node/sharedProcess/sharedProcessMain.js:18:2188)
    at MessagePortMain.oe (/usr/share/code/resources/app/out/vs/code/node/sharedProcess/sharedProcessMain.js:16:40476)
    at MessagePortMain.emit (node:events:513:28)
    at MessagePortMain._internalPort.emit (node:electron/js2c/utility_init:2:367)
2023-08-01 22:39:54.543 [error] [uncaught exception in sharedProcess]: Cannot read properties of undefined (reading 'then'): TypeError: Cannot read properties of undefined (reading 'then')
    at y.s (/usr/share/code/resources/app/out/vs/code/node/sharedProcess/sharedProcessMain.js:23:4754)
    at y.q (/usr/share/code/resources/app/out/vs/code/node/sharedProcess/sharedProcessMain.js:23:4177)
    at a.value (/usr/share/code/resources/app/out/vs/code/node/sharedProcess/sharedProcessMain.js:23:3577)
    at p.w (/usr/share/code/resources/app/out/vs/code/node/sharedProcess/sharedProcessMain.js:18:1902)
    at p.x (/usr/share/code/resources/app/out/vs/code/node/sharedProcess/sharedProcessMain.js:18:1972)
    at p.fire (/usr/share/code/resources/app/out/vs/code/node/sharedProcess/sharedProcessMain.js:18:2188)
    at MessagePortMain.oe (/usr/share/code/resources/app/out/vs/code/node/sharedProcess/sharedProcessMain.js:16:40476)
    at MessagePortMain.emit (node:events:513:28)
    at MessagePortMain._internalPort.emit (node:electron/js2c/utility_init:2:367)
2023-08-01 22:40:16.432 [error] [uncaught exception in sharedProcess]: Cannot read properties of undefined (reading 'then'): TypeError: Cannot read properties of undefined (reading 'then')
    at y.s (/usr/share/code/resources/app/out/vs/code/node/sharedProcess/sharedProcessMain.js:23:4754)
    at y.q (/usr/share/code/resources/app/out/vs/code/node/sharedProcess/sharedProcessMain.js:23:4177)
    at a.value (/usr/share/code/resources/app/out/vs/code/node/sharedProcess/sharedProcessMain.js:23:3577)
    at p.w (/usr/share/code/resources/app/out/vs/code/node/sharedProcess/sharedProcessMain.js:18:1902)
    at p.x (/usr/share/code/resources/app/out/vs/code/node/sharedProcess/sharedProcessMain.js:18:1972)
    at p.fire (/usr/share/code/resources/app/out/vs/code/node/sharedProcess/sharedProcessMain.js:18:2188)
    at MessagePortMain.oe (/usr/share/code/resources/app/out/vs/code/node/sharedProcess/sharedProcessMain.js:16:40476)
    at MessagePortMain.emit (node:events:513:28)
    at MessagePortMain._internalPort.emit (node:electron/js2c/utility_init:2:367)
2023-08-01 22:40:21.429 [error] [uncaught exception in sharedProcess]: Cannot read properties of undefined (reading 'then'): TypeError: Cannot read properties of undefined (reading 'then')
    at y.s (/usr/share/code/resources/app/out/vs/code/node/sharedProcess/sharedProcessMain.js:23:4754)
    at y.q (/usr/share/code/resources/app/out/vs/code/node/sharedProcess/sharedProcessMain.js:23:4177)
    at a.value (/usr/share/code/resources/app/out/vs/code/node/sharedProcess/sharedProcessMain.js:23:3577)
    at p.w (/usr/share/code/resources/app/out/vs/code/node/sharedProcess/sharedProcessMain.js:18:1902)
    at p.x (/usr/share/code/resources/app/out/vs/code/node/sharedProcess/sharedProcessMain.js:18:1972)
    at p.fire (/usr/share/code/resources/app/out/vs/code/node/sharedProcess/sharedProcessMain.js:18:2188)
    at MessagePortMain.oe (/usr/share/code/resources/app/out/vs/code/node/sharedProcess/sharedProcessMain.js:16:40476)
    at MessagePortMain.emit (node:events:513:28)
    at MessagePortMain._internalPort.emit (node:electron/js2c/utility_init:2:367)
2023-08-01 22:40:21.811 [error] [uncaught exception in sharedProcess]: Cannot read properties of undefined (reading 'then'): TypeError: Cannot read properties of undefined (reading 'then')
    at y.s (/usr/share/code/resources/app/out/vs/code/node/sharedProcess/sharedProcessMain.js:23:4754)
    at y.q (/usr/share/code/resources/app/out/vs/code/node/sharedProcess/sharedProcessMain.js:23:4177)
    at a.value (/usr/share/code/resources/app/out/vs/code/node/sharedProcess/sharedProcessMain.js:23:3577)
    at p.w (/usr/share/code/resources/app/out/vs/code/node/sharedProcess/sharedProcessMain.js:18:1902)
    at p.x (/usr/share/code/resources/app/out/vs/code/node/sharedProcess/sharedProcessMain.js:18:1972)
    at p.fire (/usr/share/code/resources/app/out/vs/code/node/sharedProcess/sharedProcessMain.js:18:2188)
    at MessagePortMain.oe (/usr/share/code/resources/app/out/vs/code/node/sharedProcess/sharedProcessMain.js:16:40476)
    at MessagePortMain.emit (node:events:513:28)
    at MessagePortMain._internalPort.emit (node:electron/js2c/utility_init:2:367)
2023-08-01 22:40:21.829 [error] [uncaught exception in sharedProcess]: Cannot read properties of undefined (reading 'then'): TypeError: Cannot read properties of undefined (reading 'then')
    at y.s (/usr/share/code/resources/app/out/vs/code/node/sharedProcess/sharedProcessMain.js:23:4754)
    at y.q (/usr/share/code/resources/app/out/vs/code/node/sharedProcess/sharedProcessMain.js:23:4177)
    at a.value (/usr/share/code/resources/app/out/vs/code/node/sharedProcess/sharedProcessMain.js:23:3577)
    at p.w (/usr/share/code/resources/app/out/vs/code/node/sharedProcess/sharedProcessMain.js:18:1902)
    at p.x (/usr/share/code/resources/app/out/vs/code/node/sharedProcess/sharedProcessMain.js:18:1972)
    at p.fire (/usr/share/code/resources/app/out/vs/code/node/sharedProcess/sharedProcessMain.js:18:2188)
    at MessagePortMain.oe (/usr/share/code/resources/app/out/vs/code/node/sharedProcess/sharedProcessMain.js:16:40476)
    at MessagePortMain.emit (node:events:513:28)
    at MessagePortMain._internalPort.emit (node:electron/js2c/utility_init:2:367)
2023-08-01 22:40:32.569 [error] [uncaught exception in sharedProcess]: Cannot read properties of undefined (reading 'then'): TypeError: Cannot read properties of undefined (reading 'then')
    at y.s (/usr/share/code/resources/app/out/vs/code/node/sharedProcess/sharedProcessMain.js:23:4754)
    at y.q (/usr/share/code/resources/app/out/vs/code/node/sharedProcess/sharedProcessMain.js:23:4177)
    at a.value (/usr/share/code/resources/app/out/vs/code/node/sharedProcess/sharedProcessMain.js:23:3577)
    at p.w (/usr/share/code/resources/app/out/vs/code/node/sharedProcess/sharedProcessMain.js:18:1902)
    at p.x (/usr/share/code/resources/app/out/vs/code/node/sharedProcess/sharedProcessMain.js:18:1972)
    at p.fire (/usr/share/code/resources/app/out/vs/code/node/sharedProcess/sharedProcessMain.js:18:2188)
    at MessagePortMain.oe (/usr/share/code/resources/app/out/vs/code/node/sharedProcess/sharedProcessMain.js:16:40476)
    at MessagePortMain.emit (node:events:513:28)
    at MessagePortMain._internalPort.emit (node:electron/js2c/utility_init:2:367)
2023-08-01 22:40:32.614 [error] [uncaught exception in sharedProcess]: Cannot read properties of undefined (reading 'then'): TypeError: Cannot read properties of undefined (reading 'then')
    at y.s (/usr/share/code/resources/app/out/vs/code/node/sharedProcess/sharedProcessMain.js:23:4754)
    at y.q (/usr/share/code/resources/app/out/vs/code/node/sharedProcess/sharedProcessMain.js:23:4177)
    at a.value (/usr/share/code/resources/app/out/vs/code/node/sharedProcess/sharedProcessMain.js:23:3577)
    at p.w (/usr/share/code/resources/app/out/vs/code/node/sharedProcess/sharedProcessMain.js:18:1902)
    at p.x (/usr/share/code/resources/app/out/vs/code/node/sharedProcess/sharedProcessMain.js:18:1972)
    at p.fire (/usr/share/code/resources/app/out/vs/code/node/sharedProcess/sharedProcessMain.js:18:2188)
    at MessagePortMain.oe (/usr/share/code/resources/app/out/vs/code/node/sharedProcess/sharedProcessMain.js:16:40476)
    at MessagePortMain.emit (node:events:513:28)
    at MessagePortMain._internalPort.emit (node:electron/js2c/utility_init:2:367)
2023-08-01 22:40:37.616 [error] [uncaught exception in sharedProcess]: Cannot read properties of undefined (reading 'then'): TypeError: Cannot read properties of undefined (reading 'then')
    at y.s (/usr/share/code/resources/app/out/vs/code/node/sharedProcess/sharedProcessMain.js:23:4754)
    at y.q (/usr/share/code/resources/app/out/vs/code/node/sharedProcess/sharedProcessMain.js:23:4177)
    at a.value (/usr/share/code/resources/app/out/vs/code/node/sharedProcess/sharedProcessMain.js:23:3577)
    at p.w (/usr/share/code/resources/app/out/vs/code/node/sharedProcess/sharedProcessMain.js:18:1902)
    at p.x (/usr/share/code/resources/app/out/vs/code/node/sharedProcess/sharedProcessMain.js:18:1972)
    at p.fire (/usr/share/code/resources/app/out/vs/code/node/sharedProcess/sharedProcessMain.js:18:2188)
    at MessagePortMain.oe (/usr/share/code/resources/app/out/vs/code/node/sharedProcess/sharedProcessMain.js:16:40476)
    at MessagePortMain.emit (node:events:513:28)
    at MessagePortMain._internalPort.emit (node:electron/js2c/utility_init:2:367)
2023-08-01 22:40:37.618 [error] [uncaught exception in sharedProcess]: Cannot read properties of undefined (reading 'then'): TypeError: Cannot read properties of undefined (reading 'then')
    at y.s (/usr/share/code/resources/app/out/vs/code/node/sharedProcess/sharedProcessMain.js:23:4754)
    at y.q (/usr/share/code/resources/app/out/vs/code/node/sharedProcess/sharedProcessMain.js:23:4177)
    at a.value (/usr/share/code/resources/app/out/vs/code/node/sharedProcess/sharedProcessMain.js:23:3577)
    at p.w (/usr/share/code/resources/app/out/vs/code/node/sharedProcess/sharedProcessMain.js:18:1902)
    at p.x (/usr/share/code/resources/app/out/vs/code/node/sharedProcess/sharedProcessMain.js:18:1972)
    at p.fire (/usr/share/code/resources/app/out/vs/code/node/sharedProcess/sharedProcessMain.js:18:2188)
    at MessagePortMain.oe (/usr/share/code/resources/app/out/vs/code/node/sharedProcess/sharedProcessMain.js:16:40476)
    at MessagePortMain.emit (node:events:513:28)
    at MessagePortMain._internalPort.emit (node:electron/js2c/utility_init:2:367)
2023-08-01 22:40:45.608 [error] [uncaught exception in sharedProcess]: Cannot read properties of undefined (reading 'then'): TypeError: Cannot read properties of undefined (reading 'then')
    at y.s (/usr/share/code/resources/app/out/vs/code/node/sharedProcess/sharedProcessMain.js:23:4754)
    at y.q (/usr/share/code/resources/app/out/vs/code/node/sharedProcess/sharedProcessMain.js:23:4177)
    at a.value (/usr/share/code/resources/app/out/vs/code/node/sharedProcess/sharedProcessMain.js:23:3577)
    at p.w (/usr/share/code/resources/app/out/vs/code/node/sharedProcess/sharedProcessMain.js:18:1902)
    at p.x (/usr/share/code/resources/app/out/vs/code/node/sharedProcess/sharedProcessMain.js:18:1972)
    at p.fire (/usr/share/code/resources/app/out/vs/code/node/sharedProcess/sharedProcessMain.js:18:2188)
    at MessagePortMain.oe (/usr/share/code/resources/app/out/vs/code/node/sharedProcess/sharedProcessMain.js:16:40476)
    at MessagePortMain.emit (node:events:513:28)
    at MessagePortMain._internalPort.emit (node:electron/js2c/utility_init:2:367)
2023-08-01 22:40:45.656 [error] [uncaught exception in sharedProcess]: Cannot read properties of undefined (reading 'then'): TypeError: Cannot read properties of undefined (reading 'then')
    at y.s (/usr/share/code/resources/app/out/vs/code/node/sharedProcess/sharedProcessMain.js:23:4754)
    at y.q (/usr/share/code/resources/app/out/vs/code/node/sharedProcess/sharedProcessMain.js:23:4177)
    at a.value (/usr/share/code/resources/app/out/vs/code/node/sharedProcess/sharedProcessMain.js:23:3577)
    at p.w (/usr/share/code/resources/app/out/vs/code/node/sharedProcess/sharedProcessMain.js:18:1902)
    at p.x (/usr/share/code/resources/app/out/vs/code/node/sharedProcess/sharedProcessMain.js:18:1972)
    at p.fire (/usr/share/code/resources/app/out/vs/code/node/sharedProcess/sharedProcessMain.js:18:2188)
    at MessagePortMain.oe (/usr/share/code/resources/app/out/vs/code/node/sharedProcess/sharedProcessMain.js:16:40476)
    at MessagePortMain.emit (node:events:513:28)
    at MessagePortMain._internalPort.emit (node:electron/js2c/utility_init:2:367)
2023-08-01 22:40:53.279 [error] [uncaught exception in sharedProcess]: Cannot read properties of undefined (reading 'then'): TypeError: Cannot read properties of undefined (reading 'then')
    at y.s (/usr/share/code/resources/app/out/vs/code/node/sharedProcess/sharedProcessMain.js:23:4754)
    at y.q (/usr/share/code/resources/app/out/vs/code/node/sharedProcess/sharedProcessMain.js:23:4177)
    at a.value (/usr/share/code/resources/app/out/vs/code/node/sharedProcess/sharedProcessMain.js:23:3577)
    at p.w (/usr/share/code/resources/app/out/vs/code/node/sharedProcess/sharedProcessMain.js:18:1902)
    at p.x (/usr/share/code/resources/app/out/vs/code/node/sharedProcess/sharedProcessMain.js:18:1972)
    at p.fire (/usr/share/code/resources/app/out/vs/code/node/sharedProcess/sharedProcessMain.js:18:2188)
    at MessagePortMain.oe (/usr/share/code/resources/app/out/vs/code/node/sharedProcess/sharedProcessMain.js:16:40476)
    at MessagePortMain.emit (node:events:513:28)
    at MessagePortMain._internalPort.emit (node:electron/js2c/utility_init:2:367)
2023-08-01 22:40:53.330 [error] [uncaught exception in sharedProcess]: Cannot read properties of undefined (reading 'then'): TypeError: Cannot read properties of undefined (reading 'then')
    at y.s (/usr/share/code/resources/app/out/vs/code/node/sharedProcess/sharedProcessMain.js:23:4754)
    at y.q (/usr/share/code/resources/app/out/vs/code/node/sharedProcess/sharedProcessMain.js:23:4177)
    at a.value (/usr/share/code/resources/app/out/vs/code/node/sharedProcess/sharedProcessMain.js:23:3577)
    at p.w (/usr/share/code/resources/app/out/vs/code/node/sharedProcess/sharedProcessMain.js:18:1902)
    at p.x (/usr/share/code/resources/app/out/vs/code/node/sharedProcess/sharedProcessMain.js:18:1972)
    at p.fire (/usr/share/code/resources/app/out/vs/code/node/sharedProcess/sharedProcessMain.js:18:2188)
    at MessagePortMain.oe (/usr/share/code/resources/app/out/vs/code/node/sharedProcess/sharedProcessMain.js:16:40476)
    at MessagePortMain.emit (node:events:513:28)
    at MessagePortMain._internalPort.emit (node:electron/js2c/utility_init:2:367)
2023-08-01 22:40:59.752 [error] [uncaught exception in sharedProcess]: Cannot read properties of undefined (reading 'then'): TypeError: Cannot read properties of undefined (reading 'then')
    at y.s (/usr/share/code/resources/app/out/vs/code/node/sharedProcess/sharedProcessMain.js:23:4754)
    at y.q (/usr/share/code/resources/app/out/vs/code/node/sharedProcess/sharedProcessMain.js:23:4177)
    at a.value (/usr/share/code/resources/app/out/vs/code/node/sharedProcess/sharedProcessMain.js:23:3577)
    at p.w (/usr/share/code/resources/app/out/vs/code/node/sharedProcess/sharedProcessMain.js:18:1902)
    at p.x (/usr/share/code/resources/app/out/vs/code/node/sharedProcess/sharedProcessMain.js:18:1972)
    at p.fire (/usr/share/code/resources/app/out/vs/code/node/sharedProcess/sharedProcessMain.js:18:2188)
    at MessagePortMain.oe (/usr/share/code/resources/app/out/vs/code/node/sharedProcess/sharedProcessMain.js:16:40476)
    at MessagePortMain.emit (node:events:513:28)
    at MessagePortMain._internalPort.emit (node:electron/js2c/utility_init:2:367)
2023-08-01 22:40:59.753 [error] [uncaught exception in sharedProcess]: Cannot read properties of undefined (reading 'then'): TypeError: Cannot read properties of undefined (reading 'then')
    at y.s (/usr/share/code/resources/app/out/vs/code/node/sharedProcess/sharedProcessMain.js:23:4754)
    at y.q (/usr/share/code/resources/app/out/vs/code/node/sharedProcess/sharedProcessMain.js:23:4177)
    at a.value (/usr/share/code/resources/app/out/vs/code/node/sharedProcess/sharedProcessMain.js:23:3577)
    at p.w (/usr/share/code/resources/app/out/vs/code/node/sharedProcess/sharedProcessMain.js:18:1902)
    at p.x (/usr/share/code/resources/app/out/vs/code/node/sharedProcess/sharedProcessMain.js:18:1972)
    at p.fire (/usr/share/code/resources/app/out/vs/code/node/sharedProcess/sharedProcessMain.js:18:2188)
    at MessagePortMain.oe (/usr/share/code/resources/app/out/vs/code/node/sharedProcess/sharedProcessMain.js:16:40476)
    at MessagePortMain.emit (node:events:513:28)
    at MessagePortMain._internalPort.emit (node:electron/js2c/utility_init:2:367)
2023-08-01 22:41:08.267 [error] [uncaught exception in sharedProcess]: Cannot read properties of undefined (reading 'then'): TypeError: Cannot read properties of undefined (reading 'then')
    at y.s (/usr/share/code/resources/app/out/vs/code/node/sharedProcess/sharedProcessMain.js:23:4754)
    at y.q (/usr/share/code/resources/app/out/vs/code/node/sharedProcess/sharedProcessMain.js:23:4177)
    at a.value (/usr/share/code/resources/app/out/vs/code/node/sharedProcess/sharedProcessMain.js:23:3577)
    at p.w (/usr/share/code/resources/app/out/vs/code/node/sharedProcess/sharedProcessMain.js:18:1902)
    at p.x (/usr/share/code/resources/app/out/vs/code/node/sharedProcess/sharedProcessMain.js:18:1972)
    at p.fire (/usr/share/code/resources/app/out/vs/code/node/sharedProcess/sharedProcessMain.js:18:2188)
    at MessagePortMain.oe (/usr/share/code/resources/app/out/vs/code/node/sharedProcess/sharedProcessMain.js:16:40476)
    at MessagePortMain.emit (node:events:513:28)
    at MessagePortMain._internalPort.emit (node:electron/js2c/utility_init:2:367)
2023-08-01 22:41:08.268 [error] [uncaught exception in sharedProcess]: Cannot read properties of undefined (reading 'then'): TypeError: Cannot read properties of undefined (reading 'then')
    at y.s (/usr/share/code/resources/app/out/vs/code/node/sharedProcess/sharedProcessMain.js:23:4754)
    at y.q (/usr/share/code/resources/app/out/vs/code/node/sharedProcess/sharedProcessMain.js:23:4177)
    at a.value (/usr/share/code/resources/app/out/vs/code/node/sharedProcess/sharedProcessMain.js:23:3577)
    at p.w (/usr/share/code/resources/app/out/vs/code/node/sharedProcess/sharedProcessMain.js:18:1902)
    at p.x (/usr/share/code/resources/app/out/vs/code/node/sharedProcess/sharedProcessMain.js:18:1972)
    at p.fire (/usr/share/code/resources/app/out/vs/code/node/sharedProcess/sharedProcessMain.js:18:2188)
    at MessagePortMain.oe (/usr/share/code/resources/app/out/vs/code/node/sharedProcess/sharedProcessMain.js:16:40476)
    at MessagePortMain.emit (node:events:513:28)
    at MessagePortMain._internalPort.emit (node:electron/js2c/utility_init:2:367)
2023-08-01 22:59:50.440 [error] [uncaught exception in sharedProcess]: Cannot read properties of undefined (reading 'then'): TypeError: Cannot read properties of undefined (reading 'then')
    at y.s (/usr/share/code/resources/app/out/vs/code/node/sharedProcess/sharedProcessMain.js:23:4754)
    at y.q (/usr/share/code/resources/app/out/vs/code/node/sharedProcess/sharedProcessMain.js:23:4177)
    at a.value (/usr/share/code/resources/app/out/vs/code/node/sharedProcess/sharedProcessMain.js:23:3577)
    at p.w (/usr/share/code/resources/app/out/vs/code/node/sharedProcess/sharedProcessMain.js:18:1902)
    at p.x (/usr/share/code/resources/app/out/vs/code/node/sharedProcess/sharedProcessMain.js:18:1972)
    at p.fire (/usr/share/code/resources/app/out/vs/code/node/sharedProcess/sharedProcessMain.js:18:2188)
    at MessagePortMain.oe (/usr/share/code/resources/app/out/vs/code/node/sharedProcess/sharedProcessMain.js:16:40476)
    at MessagePortMain.emit (node:events:513:28)
    at MessagePortMain._internalPort.emit (node:electron/js2c/utility_init:2:367)
2023-08-01 22:59:50.441 [error] [uncaught exception in sharedProcess]: Cannot read properties of undefined (reading 'then'): TypeError: Cannot read properties of undefined (reading 'then')
    at y.s (/usr/share/code/resources/app/out/vs/code/node/sharedProcess/sharedProcessMain.js:23:4754)
    at y.q (/usr/share/code/resources/app/out/vs/code/node/sharedProcess/sharedProcessMain.js:23:4177)
    at a.value (/usr/share/code/resources/app/out/vs/code/node/sharedProcess/sharedProcessMain.js:23:3577)
    at p.w (/usr/share/code/resources/app/out/vs/code/node/sharedProcess/sharedProcessMain.js:18:1902)
    at p.x (/usr/share/code/resources/app/out/vs/code/node/sharedProcess/sharedProcessMain.js:18:1972)
    at p.fire (/usr/share/code/resources/app/out/vs/code/node/sharedProcess/sharedProcessMain.js:18:2188)
    at MessagePortMain.oe (/usr/share/code/resources/app/out/vs/code/node/sharedProcess/sharedProcessMain.js:16:40476)
    at MessagePortMain.emit (node:events:513:28)
    at MessagePortMain._internalPort.emit (node:electron/js2c/utility_init:2:367)
2023-08-01 23:10:57.559 [error] [uncaught exception in sharedProcess]: Cannot read properties of undefined (reading 'then'): TypeError: Cannot read properties of undefined (reading 'then')
    at y.s (/usr/share/code/resources/app/out/vs/code/node/sharedProcess/sharedProcessMain.js:23:4754)
    at y.q (/usr/share/code/resources/app/out/vs/code/node/sharedProcess/sharedProcessMain.js:23:4177)
    at a.value (/usr/share/code/resources/app/out/vs/code/node/sharedProcess/sharedProcessMain.js:23:3577)
    at p.w (/usr/share/code/resources/app/out/vs/code/node/sharedProcess/sharedProcessMain.js:18:1902)
    at p.x (/usr/share/code/resources/app/out/vs/code/node/sharedProcess/sharedProcessMain.js:18:1972)
    at p.fire (/usr/share/code/resources/app/out/vs/code/node/sharedProcess/sharedProcessMain.js:18:2188)
    at MessagePortMain.oe (/usr/share/code/resources/app/out/vs/code/node/sharedProcess/sharedProcessMain.js:16:40476)
    at MessagePortMain.emit (node:events:513:28)
    at MessagePortMain._internalPort.emit (node:electron/js2c/utility_init:2:367)
2023-08-01 23:11:05.171 [error] [uncaught exception in sharedProcess]: Cannot read properties of undefined (reading 'then'): TypeError: Cannot read properties of undefined (reading 'then')
    at y.s (/usr/share/code/resources/app/out/vs/code/node/sharedProcess/sharedProcessMain.js:23:4754)
    at y.q (/usr/share/code/resources/app/out/vs/code/node/sharedProcess/sharedProcessMain.js:23:4177)
    at a.value (/usr/share/code/resources/app/out/vs/code/node/sharedProcess/sharedProcessMain.js:23:3577)
    at p.w (/usr/share/code/resources/app/out/vs/code/node/sharedProcess/sharedProcessMain.js:18:1902)
    at p.x (/usr/share/code/resources/app/out/vs/code/node/sharedProcess/sharedProcessMain.js:18:1972)
    at p.fire (/usr/share/code/resources/app/out/vs/code/node/sharedProcess/sharedProcessMain.js:18:2188)
    at MessagePortMain.oe (/usr/share/code/resources/app/out/vs/code/node/sharedProcess/sharedProcessMain.js:16:40476)
    at MessagePortMain.emit (node:events:513:28)
    at MessagePortMain._internalPort.emit (node:electron/js2c/utility_init:2:367)
2023-08-01 23:11:10.157 [error] [uncaught exception in sharedProcess]: Cannot read properties of undefined (reading 'then'): TypeError: Cannot read properties of undefined (reading 'then')
    at y.s (/usr/share/code/resources/app/out/vs/code/node/sharedProcess/sharedProcessMain.js:23:4754)
    at y.q (/usr/share/code/resources/app/out/vs/code/node/sharedProcess/sharedProcessMain.js:23:4177)
    at a.value (/usr/share/code/resources/app/out/vs/code/node/sharedProcess/sharedProcessMain.js:23:3577)
    at p.w (/usr/share/code/resources/app/out/vs/code/node/sharedProcess/sharedProcessMain.js:18:1902)
    at p.x (/usr/share/code/resources/app/out/vs/code/node/sharedProcess/sharedProcessMain.js:18:1972)
    at p.fire (/usr/share/code/resources/app/out/vs/code/node/sharedProcess/sharedProcessMain.js:18:2188)
    at MessagePortMain.oe (/usr/share/code/resources/app/out/vs/code/node/sharedProcess/sharedProcessMain.js:16:40476)
    at MessagePortMain.emit (node:events:513:28)
    at MessagePortMain._internalPort.emit (node:electron/js2c/utility_init:2:367)
2023-08-01 23:11:10.549 [error] [uncaught exception in sharedProcess]: Cannot read properties of undefined (reading 'then'): TypeError: Cannot read properties of undefined (reading 'then')
    at y.s (/usr/share/code/resources/app/out/vs/code/node/sharedProcess/sharedProcessMain.js:23:4754)
    at y.q (/usr/share/code/resources/app/out/vs/code/node/sharedProcess/sharedProcessMain.js:23:4177)
    at a.value (/usr/share/code/resources/app/out/vs/code/node/sharedProcess/sharedProcessMain.js:23:3577)
    at p.w (/usr/share/code/resources/app/out/vs/code/node/sharedProcess/sharedProcessMain.js:18:1902)
    at p.x (/usr/share/code/resources/app/out/vs/code/node/sharedProcess/sharedProcessMain.js:18:1972)
    at p.fire (/usr/share/code/resources/app/out/vs/code/node/sharedProcess/sharedProcessMain.js:18:2188)
    at MessagePortMain.oe (/usr/share/code/resources/app/out/vs/code/node/sharedProcess/sharedProcessMain.js:16:40476)
    at MessagePortMain.emit (node:events:513:28)
    at MessagePortMain._internalPort.emit (node:electron/js2c/utility_init:2:367)
2023-08-01 23:11:10.566 [error] [uncaught exception in sharedProcess]: Cannot read properties of undefined (reading 'then'): TypeError: Cannot read properties of undefined (reading 'then')
    at y.s (/usr/share/code/resources/app/out/vs/code/node/sharedProcess/sharedProcessMain.js:23:4754)
    at y.q (/usr/share/code/resources/app/out/vs/code/node/sharedProcess/sharedProcessMain.js:23:4177)
    at a.value (/usr/share/code/resources/app/out/vs/code/node/sharedProcess/sharedProcessMain.js:23:3577)
    at p.w (/usr/share/code/resources/app/out/vs/code/node/sharedProcess/sharedProcessMain.js:18:1902)
    at p.x (/usr/share/code/resources/app/out/vs/code/node/sharedProcess/sharedProcessMain.js:18:1972)
    at p.fire (/usr/share/code/resources/app/out/vs/code/node/sharedProcess/sharedProcessMain.js:18:2188)
    at MessagePortMain.oe (/usr/share/code/resources/app/out/vs/code/node/sharedProcess/sharedProcessMain.js:16:40476)
    at MessagePortMain.emit (node:events:513:28)
    at MessagePortMain._internalPort.emit (node:electron/js2c/utility_init:2:367)
2023-08-01 23:11:35.382 [error] [uncaught exception in sharedProcess]: Cannot read properties of undefined (reading 'then'): TypeError: Cannot read properties of undefined (reading 'then')
    at y.s (/usr/share/code/resources/app/out/vs/code/node/sharedProcess/sharedProcessMain.js:23:4754)
    at y.q (/usr/share/code/resources/app/out/vs/code/node/sharedProcess/sharedProcessMain.js:23:4177)
    at a.value (/usr/share/code/resources/app/out/vs/code/node/sharedProcess/sharedProcessMain.js:23:3577)
    at p.w (/usr/share/code/resources/app/out/vs/code/node/sharedProcess/sharedProcessMain.js:18:1902)
    at p.x (/usr/share/code/resources/app/out/vs/code/node/sharedProcess/sharedProcessMain.js:18:1972)
    at p.fire (/usr/share/code/resources/app/out/vs/code/node/sharedProcess/sharedProcessMain.js:18:2188)
    at MessagePortMain.oe (/usr/share/code/resources/app/out/vs/code/node/sharedProcess/sharedProcessMain.js:16:40476)
    at MessagePortMain.emit (node:events:513:28)
    at MessagePortMain._internalPort.emit (node:electron/js2c/utility_init:2:367)
2023-08-01 23:13:54.792 [error] [uncaught exception in sharedProcess]: Cannot read properties of undefined (reading 'then'): TypeError: Cannot read properties of undefined (reading 'then')
    at y.s (/usr/share/code/resources/app/out/vs/code/node/sharedProcess/sharedProcessMain.js:23:4754)
    at y.q (/usr/share/code/resources/app/out/vs/code/node/sharedProcess/sharedProcessMain.js:23:4177)
    at a.value (/usr/share/code/resources/app/out/vs/code/node/sharedProcess/sharedProcessMain.js:23:3577)
    at p.w (/usr/share/code/resources/app/out/vs/code/node/sharedProcess/sharedProcessMain.js:18:1902)
    at p.x (/usr/share/code/resources/app/out/vs/code/node/sharedProcess/sharedProcessMain.js:18:1972)
    at p.fire (/usr/share/code/resources/app/out/vs/code/node/sharedProcess/sharedProcessMain.js:18:2188)
    at MessagePortMain.oe (/usr/share/code/resources/app/out/vs/code/node/sharedProcess/sharedProcessMain.js:16:40476)
    at MessagePortMain.emit (node:events:513:28)
    at MessagePortMain._internalPort.emit (node:electron/js2c/utility_init:2:367)
2023-08-01 23:13:59.785 [error] [uncaught exception in sharedProcess]: Cannot read properties of undefined (reading 'then'): TypeError: Cannot read properties of undefined (reading 'then')
    at y.s (/usr/share/code/resources/app/out/vs/code/node/sharedProcess/sharedProcessMain.js:23:4754)
    at y.q (/usr/share/code/resources/app/out/vs/code/node/sharedProcess/sharedProcessMain.js:23:4177)
    at a.value (/usr/share/code/resources/app/out/vs/code/node/sharedProcess/sharedProcessMain.js:23:3577)
    at p.w (/usr/share/code/resources/app/out/vs/code/node/sharedProcess/sharedProcessMain.js:18:1902)
    at p.x (/usr/share/code/resources/app/out/vs/code/node/sharedProcess/sharedProcessMain.js:18:1972)
    at p.fire (/usr/share/code/resources/app/out/vs/code/node/sharedProcess/sharedProcessMain.js:18:2188)
    at MessagePortMain.oe (/usr/share/code/resources/app/out/vs/code/node/sharedProcess/sharedProcessMain.js:16:40476)
    at MessagePortMain.emit (node:events:513:28)
    at MessagePortMain._internalPort.emit (node:electron/js2c/utility_init:2:367)
2023-08-01 23:14:00.169 [error] [uncaught exception in sharedProcess]: Cannot read properties of undefined (reading 'then'): TypeError: Cannot read properties of undefined (reading 'then')
    at y.s (/usr/share/code/resources/app/out/vs/code/node/sharedProcess/sharedProcessMain.js:23:4754)
    at y.q (/usr/share/code/resources/app/out/vs/code/node/sharedProcess/sharedProcessMain.js:23:4177)
    at a.value (/usr/share/code/resources/app/out/vs/code/node/sharedProcess/sharedProcessMain.js:23:3577)
    at p.w (/usr/share/code/resources/app/out/vs/code/node/sharedProcess/sharedProcessMain.js:18:1902)
    at p.x (/usr/share/code/resources/app/out/vs/code/node/sharedProcess/sharedProcessMain.js:18:1972)
    at p.fire (/usr/share/code/resources/app/out/vs/code/node/sharedProcess/sharedProcessMain.js:18:2188)
    at MessagePortMain.oe (/usr/share/code/resources/app/out/vs/code/node/sharedProcess/sharedProcessMain.js:16:40476)
    at MessagePortMain.emit (node:events:513:28)
    at MessagePortMain._internalPort.emit (node:electron/js2c/utility_init:2:367)
2023-08-01 23:14:00.188 [error] [uncaught exception in sharedProcess]: Cannot read properties of undefined (reading 'then'): TypeError: Cannot read properties of undefined (reading 'then')
    at y.s (/usr/share/code/resources/app/out/vs/code/node/sharedProcess/sharedProcessMain.js:23:4754)
    at y.q (/usr/share/code/resources/app/out/vs/code/node/sharedProcess/sharedProcessMain.js:23:4177)
    at a.value (/usr/share/code/resources/app/out/vs/code/node/sharedProcess/sharedProcessMain.js:23:3577)
    at p.w (/usr/share/code/resources/app/out/vs/code/node/sharedProcess/sharedProcessMain.js:18:1902)
    at p.x (/usr/share/code/resources/app/out/vs/code/node/sharedProcess/sharedProcessMain.js:18:1972)
    at p.fire (/usr/share/code/resources/app/out/vs/code/node/sharedProcess/sharedProcessMain.js:18:2188)
    at MessagePortMain.oe (/usr/share/code/resources/app/out/vs/code/node/sharedProcess/sharedProcessMain.js:16:40476)
    at MessagePortMain.emit (node:events:513:28)
    at MessagePortMain._internalPort.emit (node:electron/js2c/utility_init:2:367)
2023-08-01 23:14:06.173 [error] [uncaught exception in sharedProcess]: Cannot read properties of undefined (reading 'then'): TypeError: Cannot read properties of undefined (reading 'then')
    at y.s (/usr/share/code/resources/app/out/vs/code/node/sharedProcess/sharedProcessMain.js:23:4754)
    at y.q (/usr/share/code/resources/app/out/vs/code/node/sharedProcess/sharedProcessMain.js:23:4177)
    at a.value (/usr/share/code/resources/app/out/vs/code/node/sharedProcess/sharedProcessMain.js:23:3577)
    at p.w (/usr/share/code/resources/app/out/vs/code/node/sharedProcess/sharedProcessMain.js:18:1902)
    at p.x (/usr/share/code/resources/app/out/vs/code/node/sharedProcess/sharedProcessMain.js:18:1972)
    at p.fire (/usr/share/code/resources/app/out/vs/code/node/sharedProcess/sharedProcessMain.js:18:2188)
    at MessagePortMain.oe (/usr/share/code/resources/app/out/vs/code/node/sharedProcess/sharedProcessMain.js:16:40476)
    at MessagePortMain.emit (node:events:513:28)
    at MessagePortMain._internalPort.emit (node:electron/js2c/utility_init:2:367)
2023-08-01 23:14:06.173 [error] [uncaught exception in sharedProcess]: Cannot read properties of undefined (reading 'then'): TypeError: Cannot read properties of undefined (reading 'then')
    at y.s (/usr/share/code/resources/app/out/vs/code/node/sharedProcess/sharedProcessMain.js:23:4754)
    at y.q (/usr/share/code/resources/app/out/vs/code/node/sharedProcess/sharedProcessMain.js:23:4177)
    at a.value (/usr/share/code/resources/app/out/vs/code/node/sharedProcess/sharedProcessMain.js:23:3577)
    at p.w (/usr/share/code/resources/app/out/vs/code/node/sharedProcess/sharedProcessMain.js:18:1902)
    at p.x (/usr/share/code/resources/app/out/vs/code/node/sharedProcess/sharedProcessMain.js:18:1972)
    at p.fire (/usr/share/code/resources/app/out/vs/code/node/sharedProcess/sharedProcessMain.js:18:2188)
    at MessagePortMain.oe (/usr/share/code/resources/app/out/vs/code/node/sharedProcess/sharedProcessMain.js:16:40476)
    at MessagePortMain.emit (node:events:513:28)
    at MessagePortMain._internalPort.emit (node:electron/js2c/utility_init:2:367)
2023-08-01 23:14:11.771 [error] [uncaught exception in sharedProcess]: Cannot read properties of undefined (reading 'then'): TypeError: Cannot read properties of undefined (reading 'then')
    at y.s (/usr/share/code/resources/app/out/vs/code/node/sharedProcess/sharedProcessMain.js:23:4754)
    at y.q (/usr/share/code/resources/app/out/vs/code/node/sharedProcess/sharedProcessMain.js:23:4177)
    at a.value (/usr/share/code/resources/app/out/vs/code/node/sharedProcess/sharedProcessMain.js:23:3577)
    at p.w (/usr/share/code/resources/app/out/vs/code/node/sharedProcess/sharedProcessMain.js:18:1902)
    at p.x (/usr/share/code/resources/app/out/vs/code/node/sharedProcess/sharedProcessMain.js:18:1972)
    at p.fire (/usr/share/code/resources/app/out/vs/code/node/sharedProcess/sharedProcessMain.js:18:2188)
    at MessagePortMain.oe (/usr/share/code/resources/app/out/vs/code/node/sharedProcess/sharedProcessMain.js:16:40476)
    at MessagePortMain.emit (node:events:513:28)
    at MessagePortMain._internalPort.emit (node:electron/js2c/utility_init:2:367)
2023-08-01 23:14:11.772 [error] [uncaught exception in sharedProcess]: Cannot read properties of undefined (reading 'then'): TypeError: Cannot read properties of undefined (reading 'then')
    at y.s (/usr/share/code/resources/app/out/vs/code/node/sharedProcess/sharedProcessMain.js:23:4754)
    at y.q (/usr/share/code/resources/app/out/vs/code/node/sharedProcess/sharedProcessMain.js:23:4177)
    at a.value (/usr/share/code/resources/app/out/vs/code/node/sharedProcess/sharedProcessMain.js:23:3577)
    at p.w (/usr/share/code/resources/app/out/vs/code/node/sharedProcess/sharedProcessMain.js:18:1902)
    at p.x (/usr/share/code/resources/app/out/vs/code/node/sharedProcess/sharedProcessMain.js:18:1972)
    at p.fire (/usr/share/code/resources/app/out/vs/code/node/sharedProcess/sharedProcessMain.js:18:2188)
    at MessagePortMain.oe (/usr/share/code/resources/app/out/vs/code/node/sharedProcess/sharedProcessMain.js:16:40476)
    at MessagePortMain.emit (node:events:513:28)
    at MessagePortMain._internalPort.emit (node:electron/js2c/utility_init:2:367)
2023-08-01 23:14:31.884 [error] [uncaught exception in sharedProcess]: Cannot read properties of undefined (reading 'then'): TypeError: Cannot read properties of undefined (reading 'then')
    at y.s (/usr/share/code/resources/app/out/vs/code/node/sharedProcess/sharedProcessMain.js:23:4754)
    at y.q (/usr/share/code/resources/app/out/vs/code/node/sharedProcess/sharedProcessMain.js:23:4177)
    at a.value (/usr/share/code/resources/app/out/vs/code/node/sharedProcess/sharedProcessMain.js:23:3577)
    at p.w (/usr/share/code/resources/app/out/vs/code/node/sharedProcess/sharedProcessMain.js:18:1902)
    at p.x (/usr/share/code/resources/app/out/vs/code/node/sharedProcess/sharedProcessMain.js:18:1972)
    at p.fire (/usr/share/code/resources/app/out/vs/code/node/sharedProcess/sharedProcessMain.js:18:2188)
    at MessagePortMain.oe (/usr/share/code/resources/app/out/vs/code/node/sharedProcess/sharedProcessMain.js:16:40476)
    at MessagePortMain.emit (node:events:513:28)
    at MessagePortMain._internalPort.emit (node:electron/js2c/utility_init:2:367)
2023-08-01 23:14:31.930 [error] [uncaught exception in sharedProcess]: Cannot read properties of undefined (reading 'then'): TypeError: Cannot read properties of undefined (reading 'then')
    at y.s (/usr/share/code/resources/app/out/vs/code/node/sharedProcess/sharedProcessMain.js:23:4754)
    at y.q (/usr/share/code/resources/app/out/vs/code/node/sharedProcess/sharedProcessMain.js:23:4177)
    at a.value (/usr/share/code/resources/app/out/vs/code/node/sharedProcess/sharedProcessMain.js:23:3577)
    at p.w (/usr/share/code/resources/app/out/vs/code/node/sharedProcess/sharedProcessMain.js:18:1902)
    at p.x (/usr/share/code/resources/app/out/vs/code/node/sharedProcess/sharedProcessMain.js:18:1972)
    at p.fire (/usr/share/code/resources/app/out/vs/code/node/sharedProcess/sharedProcessMain.js:18:2188)
    at MessagePortMain.oe (/usr/share/code/resources/app/out/vs/code/node/sharedProcess/sharedProcessMain.js:16:40476)
    at MessagePortMain.emit (node:events:513:28)
    at MessagePortMain._internalPort.emit (node:electron/js2c/utility_init:2:367)
2023-08-01 23:14:38.612 [error] [uncaught exception in sharedProcess]: Cannot read properties of undefined (reading 'then'): TypeError: Cannot read properties of undefined (reading 'then')
    at y.s (/usr/share/code/resources/app/out/vs/code/node/sharedProcess/sharedProcessMain.js:23:4754)
    at y.q (/usr/share/code/resources/app/out/vs/code/node/sharedProcess/sharedProcessMain.js:23:4177)
    at a.value (/usr/share/code/resources/app/out/vs/code/node/sharedProcess/sharedProcessMain.js:23:3577)
    at p.w (/usr/share/code/resources/app/out/vs/code/node/sharedProcess/sharedProcessMain.js:18:1902)
    at p.x (/usr/share/code/resources/app/out/vs/code/node/sharedProcess/sharedProcessMain.js:18:1972)
    at p.fire (/usr/share/code/resources/app/out/vs/code/node/sharedProcess/sharedProcessMain.js:18:2188)
    at MessagePortMain.oe (/usr/share/code/resources/app/out/vs/code/node/sharedProcess/sharedProcessMain.js:16:40476)
    at MessagePortMain.emit (node:events:513:28)
    at MessagePortMain._internalPort.emit (node:electron/js2c/utility_init:2:367)
2023-08-01 23:14:38.653 [error] [uncaught exception in sharedProcess]: Cannot read properties of undefined (reading 'then'): TypeError: Cannot read properties of undefined (reading 'then')
    at y.s (/usr/share/code/resources/app/out/vs/code/node/sharedProcess/sharedProcessMain.js:23:4754)
    at y.q (/usr/share/code/resources/app/out/vs/code/node/sharedProcess/sharedProcessMain.js:23:4177)
    at a.value (/usr/share/code/resources/app/out/vs/code/node/sharedProcess/sharedProcessMain.js:23:3577)
    at p.w (/usr/share/code/resources/app/out/vs/code/node/sharedProcess/sharedProcessMain.js:18:1902)
    at p.x (/usr/share/code/resources/app/out/vs/code/node/sharedProcess/sharedProcessMain.js:18:1972)
    at p.fire (/usr/share/code/resources/app/out/vs/code/node/sharedProcess/sharedProcessMain.js:18:2188)
    at MessagePortMain.oe (/usr/share/code/resources/app/out/vs/code/node/sharedProcess/sharedProcessMain.js:16:40476)
    at MessagePortMain.emit (node:events:513:28)
    at MessagePortMain._internalPort.emit (node:electron/js2c/utility_init:2:367)
2023-08-01 23:14:44.279 [error] [uncaught exception in sharedProcess]: Cannot read properties of undefined (reading 'then'): TypeError: Cannot read properties of undefined (reading 'then')
    at y.s (/usr/share/code/resources/app/out/vs/code/node/sharedProcess/sharedProcessMain.js:23:4754)
    at y.q (/usr/share/code/resources/app/out/vs/code/node/sharedProcess/sharedProcessMain.js:23:4177)
    at a.value (/usr/share/code/resources/app/out/vs/code/node/sharedProcess/sharedProcessMain.js:23:3577)
    at p.w (/usr/share/code/resources/app/out/vs/code/node/sharedProcess/sharedProcessMain.js:18:1902)
    at p.x (/usr/share/code/resources/app/out/vs/code/node/sharedProcess/sharedProcessMain.js:18:1972)
    at p.fire (/usr/share/code/resources/app/out/vs/code/node/sharedProcess/sharedProcessMain.js:18:2188)
    at MessagePortMain.oe (/usr/share/code/resources/app/out/vs/code/node/sharedProcess/sharedProcessMain.js:16:40476)
    at MessagePortMain.emit (node:events:513:28)
    at MessagePortMain._internalPort.emit (node:electron/js2c/utility_init:2:367)
2023-08-01 23:14:44.279 [error] [uncaught exception in sharedProcess]: Cannot read properties of undefined (reading 'then'): TypeError: Cannot read properties of undefined (reading 'then')
    at y.s (/usr/share/code/resources/app/out/vs/code/node/sharedProcess/sharedProcessMain.js:23:4754)
    at y.q (/usr/share/code/resources/app/out/vs/code/node/sharedProcess/sharedProcessMain.js:23:4177)
    at a.value (/usr/share/code/resources/app/out/vs/code/node/sharedProcess/sharedProcessMain.js:23:3577)
    at p.w (/usr/share/code/resources/app/out/vs/code/node/sharedProcess/sharedProcessMain.js:18:1902)
    at p.x (/usr/share/code/resources/app/out/vs/code/node/sharedProcess/sharedProcessMain.js:18:1972)
    at p.fire (/usr/share/code/resources/app/out/vs/code/node/sharedProcess/sharedProcessMain.js:18:2188)
    at MessagePortMain.oe (/usr/share/code/resources/app/out/vs/code/node/sharedProcess/sharedProcessMain.js:16:40476)
    at MessagePortMain.emit (node:events:513:28)
    at MessagePortMain._internalPort.emit (node:electron/js2c/utility_init:2:367)
2023-08-01 23:17:02.532 [error] [uncaught exception in sharedProcess]: Cannot read properties of undefined (reading 'then'): TypeError: Cannot read properties of undefined (reading 'then')
    at y.s (/usr/share/code/resources/app/out/vs/code/node/sharedProcess/sharedProcessMain.js:23:4754)
    at y.q (/usr/share/code/resources/app/out/vs/code/node/sharedProcess/sharedProcessMain.js:23:4177)
    at a.value (/usr/share/code/resources/app/out/vs/code/node/sharedProcess/sharedProcessMain.js:23:3577)
    at p.w (/usr/share/code/resources/app/out/vs/code/node/sharedProcess/sharedProcessMain.js:18:1902)
    at p.x (/usr/share/code/resources/app/out/vs/code/node/sharedProcess/sharedProcessMain.js:18:1972)
    at p.fire (/usr/share/code/resources/app/out/vs/code/node/sharedProcess/sharedProcessMain.js:18:2188)
    at MessagePortMain.oe (/usr/share/code/resources/app/out/vs/code/node/sharedProcess/sharedProcessMain.js:16:40476)
    at MessagePortMain.emit (node:events:513:28)
    at MessagePortMain._internalPort.emit (node:electron/js2c/utility_init:2:367)
2023-08-01 23:17:06.232 [error] [uncaught exception in sharedProcess]: Cannot read properties of undefined (reading 'then'): TypeError: Cannot read properties of undefined (reading 'then')
    at y.s (/usr/share/code/resources/app/out/vs/code/node/sharedProcess/sharedProcessMain.js:23:4754)
    at y.q (/usr/share/code/resources/app/out/vs/code/node/sharedProcess/sharedProcessMain.js:23:4177)
    at a.value (/usr/share/code/resources/app/out/vs/code/node/sharedProcess/sharedProcessMain.js:23:3577)
    at p.w (/usr/share/code/resources/app/out/vs/code/node/sharedProcess/sharedProcessMain.js:18:1902)
    at p.x (/usr/share/code/resources/app/out/vs/code/node/sharedProcess/sharedProcessMain.js:18:1972)
    at p.fire (/usr/share/code/resources/app/out/vs/code/node/sharedProcess/sharedProcessMain.js:18:2188)
    at MessagePortMain.oe (/usr/share/code/resources/app/out/vs/code/node/sharedProcess/sharedProcessMain.js:16:40476)
    at MessagePortMain.emit (node:events:513:28)
    at MessagePortMain._internalPort.emit (node:electron/js2c/utility_init:2:367)
2023-08-01 23:17:16.302 [error] [uncaught exception in sharedProcess]: Cannot read properties of undefined (reading 'then'): TypeError: Cannot read properties of undefined (reading 'then')
    at y.s (/usr/share/code/resources/app/out/vs/code/node/sharedProcess/sharedProcessMain.js:23:4754)
    at y.q (/usr/share/code/resources/app/out/vs/code/node/sharedProcess/sharedProcessMain.js:23:4177)
    at a.value (/usr/share/code/resources/app/out/vs/code/node/sharedProcess/sharedProcessMain.js:23:3577)
    at p.w (/usr/share/code/resources/app/out/vs/code/node/sharedProcess/sharedProcessMain.js:18:1902)
    at p.x (/usr/share/code/resources/app/out/vs/code/node/sharedProcess/sharedProcessMain.js:18:1972)
    at p.fire (/usr/share/code/resources/app/out/vs/code/node/sharedProcess/sharedProcessMain.js:18:2188)
    at MessagePortMain.oe (/usr/share/code/resources/app/out/vs/code/node/sharedProcess/sharedProcessMain.js:16:40476)
    at MessagePortMain.emit (node:events:513:28)
    at MessagePortMain._internalPort.emit (node:electron/js2c/utility_init:2:367)
2023-08-01 23:17:16.345 [error] [uncaught exception in sharedProcess]: Cannot read properties of undefined (reading 'then'): TypeError: Cannot read properties of undefined (reading 'then')
    at y.s (/usr/share/code/resources/app/out/vs/code/node/sharedProcess/sharedProcessMain.js:23:4754)
    at y.q (/usr/share/code/resources/app/out/vs/code/node/sharedProcess/sharedProcessMain.js:23:4177)
    at a.value (/usr/share/code/resources/app/out/vs/code/node/sharedProcess/sharedProcessMain.js:23:3577)
    at p.w (/usr/share/code/resources/app/out/vs/code/node/sharedProcess/sharedProcessMain.js:18:1902)
    at p.x (/usr/share/code/resources/app/out/vs/code/node/sharedProcess/sharedProcessMain.js:18:1972)
    at p.fire (/usr/share/code/resources/app/out/vs/code/node/sharedProcess/sharedProcessMain.js:18:2188)
    at MessagePortMain.oe (/usr/share/code/resources/app/out/vs/code/node/sharedProcess/sharedProcessMain.js:16:40476)
    at MessagePortMain.emit (node:events:513:28)
    at MessagePortMain._internalPort.emit (node:electron/js2c/utility_init:2:367)
2023-08-01 23:17:26.075 [error] [uncaught exception in sharedProcess]: Cannot read properties of undefined (reading 'then'): TypeError: Cannot read properties of undefined (reading 'then')
    at y.s (/usr/share/code/resources/app/out/vs/code/node/sharedProcess/sharedProcessMain.js:23:4754)
    at y.q (/usr/share/code/resources/app/out/vs/code/node/sharedProcess/sharedProcessMain.js:23:4177)
    at a.value (/usr/share/code/resources/app/out/vs/code/node/sharedProcess/sharedProcessMain.js:23:3577)
    at p.w (/usr/share/code/resources/app/out/vs/code/node/sharedProcess/sharedProcessMain.js:18:1902)
    at p.x (/usr/share/code/resources/app/out/vs/code/node/sharedProcess/sharedProcessMain.js:18:1972)
    at p.fire (/usr/share/code/resources/app/out/vs/code/node/sharedProcess/sharedProcessMain.js:18:2188)
    at MessagePortMain.oe (/usr/share/code/resources/app/out/vs/code/node/sharedProcess/sharedProcessMain.js:16:40476)
    at MessagePortMain.emit (node:events:513:28)
    at MessagePortMain._internalPort.emit (node:electron/js2c/utility_init:2:367)
2023-08-01 23:17:26.117 [error] [uncaught exception in sharedProcess]: Cannot read properties of undefined (reading 'then'): TypeError: Cannot read properties of undefined (reading 'then')
    at y.s (/usr/share/code/resources/app/out/vs/code/node/sharedProcess/sharedProcessMain.js:23:4754)
    at y.q (/usr/share/code/resources/app/out/vs/code/node/sharedProcess/sharedProcessMain.js:23:4177)
    at a.value (/usr/share/code/resources/app/out/vs/code/node/sharedProcess/sharedProcessMain.js:23:3577)
    at p.w (/usr/share/code/resources/app/out/vs/code/node/sharedProcess/sharedProcessMain.js:18:1902)
    at p.x (/usr/share/code/resources/app/out/vs/code/node/sharedProcess/sharedProcessMain.js:18:1972)
    at p.fire (/usr/share/code/resources/app/out/vs/code/node/sharedProcess/sharedProcessMain.js:18:2188)
    at MessagePortMain.oe (/usr/share/code/resources/app/out/vs/code/node/sharedProcess/sharedProcessMain.js:16:40476)
    at MessagePortMain.emit (node:events:513:28)
    at MessagePortMain._internalPort.emit (node:electron/js2c/utility_init:2:367)
2023-08-01 23:17:31.566 [error] [uncaught exception in sharedProcess]: Cannot read properties of undefined (reading 'then'): TypeError: Cannot read properties of undefined (reading 'then')
    at y.s (/usr/share/code/resources/app/out/vs/code/node/sharedProcess/sharedProcessMain.js:23:4754)
    at y.q (/usr/share/code/resources/app/out/vs/code/node/sharedProcess/sharedProcessMain.js:23:4177)
    at a.value (/usr/share/code/resources/app/out/vs/code/node/sharedProcess/sharedProcessMain.js:23:3577)
    at p.w (/usr/share/code/resources/app/out/vs/code/node/sharedProcess/sharedProcessMain.js:18:1902)
    at p.x (/usr/share/code/resources/app/out/vs/code/node/sharedProcess/sharedProcessMain.js:18:1972)
    at p.fire (/usr/share/code/resources/app/out/vs/code/node/sharedProcess/sharedProcessMain.js:18:2188)
    at MessagePortMain.oe (/usr/share/code/resources/app/out/vs/code/node/sharedProcess/sharedProcessMain.js:16:40476)
    at MessagePortMain.emit (node:events:513:28)
    at MessagePortMain._internalPort.emit (node:electron/js2c/utility_init:2:367)
2023-08-01 23:17:31.610 [error] [uncaught exception in sharedProcess]: Cannot read properties of undefined (reading 'then'): TypeError: Cannot read properties of undefined (reading 'then')
    at y.s (/usr/share/code/resources/app/out/vs/code/node/sharedProcess/sharedProcessMain.js:23:4754)
    at y.q (/usr/share/code/resources/app/out/vs/code/node/sharedProcess/sharedProcessMain.js:23:4177)
    at a.value (/usr/share/code/resources/app/out/vs/code/node/sharedProcess/sharedProcessMain.js:23:3577)
    at p.w (/usr/share/code/resources/app/out/vs/code/node/sharedProcess/sharedProcessMain.js:18:1902)
    at p.x (/usr/share/code/resources/app/out/vs/code/node/sharedProcess/sharedProcessMain.js:18:1972)
    at p.fire (/usr/share/code/resources/app/out/vs/code/node/sharedProcess/sharedProcessMain.js:18:2188)
    at MessagePortMain.oe (/usr/share/code/resources/app/out/vs/code/node/sharedProcess/sharedProcessMain.js:16:40476)
    at MessagePortMain.emit (node:events:513:28)
    at MessagePortMain._internalPort.emit (node:electron/js2c/utility_init:2:367)
2023-08-01 23:18:05.039 [error] [uncaught exception in sharedProcess]: Cannot read properties of undefined (reading 'then'): TypeError: Cannot read properties of undefined (reading 'then')
    at y.s (/usr/share/code/resources/app/out/vs/code/node/sharedProcess/sharedProcessMain.js:23:4754)
    at y.q (/usr/share/code/resources/app/out/vs/code/node/sharedProcess/sharedProcessMain.js:23:4177)
    at a.value (/usr/share/code/resources/app/out/vs/code/node/sharedProcess/sharedProcessMain.js:23:3577)
    at p.w (/usr/share/code/resources/app/out/vs/code/node/sharedProcess/sharedProcessMain.js:18:1902)
    at p.x (/usr/share/code/resources/app/out/vs/code/node/sharedProcess/sharedProcessMain.js:18:1972)
    at p.fire (/usr/share/code/resources/app/out/vs/code/node/sharedProcess/sharedProcessMain.js:18:2188)
    at MessagePortMain.oe (/usr/share/code/resources/app/out/vs/code/node/sharedProcess/sharedProcessMain.js:16:40476)
    at MessagePortMain.emit (node:events:513:28)
    at MessagePortMain._internalPort.emit (node:electron/js2c/utility_init:2:367)
2023-08-01 23:18:05.039 [error] [uncaught exception in sharedProcess]: Cannot read properties of undefined (reading 'then'): TypeError: Cannot read properties of undefined (reading 'then')
    at y.s (/usr/share/code/resources/app/out/vs/code/node/sharedProcess/sharedProcessMain.js:23:4754)
    at y.q (/usr/share/code/resources/app/out/vs/code/node/sharedProcess/sharedProcessMain.js:23:4177)
    at a.value (/usr/share/code/resources/app/out/vs/code/node/sharedProcess/sharedProcessMain.js:23:3577)
    at p.w (/usr/share/code/resources/app/out/vs/code/node/sharedProcess/sharedProcessMain.js:18:1902)
    at p.x (/usr/share/code/resources/app/out/vs/code/node/sharedProcess/sharedProcessMain.js:18:1972)
    at p.fire (/usr/share/code/resources/app/out/vs/code/node/sharedProcess/sharedProcessMain.js:18:2188)
    at MessagePortMain.oe (/usr/share/code/resources/app/out/vs/code/node/sharedProcess/sharedProcessMain.js:16:40476)
    at MessagePortMain.emit (node:events:513:28)
    at MessagePortMain._internalPort.emit (node:electron/js2c/utility_init:2:367)
2023-08-01 23:18:26.917 [error] [uncaught exception in sharedProcess]: Cannot read properties of undefined (reading 'then'): TypeError: Cannot read properties of undefined (reading 'then')
    at y.s (/usr/share/code/resources/app/out/vs/code/node/sharedProcess/sharedProcessMain.js:23:4754)
    at y.q (/usr/share/code/resources/app/out/vs/code/node/sharedProcess/sharedProcessMain.js:23:4177)
    at a.value (/usr/share/code/resources/app/out/vs/code/node/sharedProcess/sharedProcessMain.js:23:3577)
    at p.w (/usr/share/code/resources/app/out/vs/code/node/sharedProcess/sharedProcessMain.js:18:1902)
    at p.x (/usr/share/code/resources/app/out/vs/code/node/sharedProcess/sharedProcessMain.js:18:1972)
    at p.fire (/usr/share/code/resources/app/out/vs/code/node/sharedProcess/sharedProcessMain.js:18:2188)
    at MessagePortMain.oe (/usr/share/code/resources/app/out/vs/code/node/sharedProcess/sharedProcessMain.js:16:40476)
    at MessagePortMain.emit (node:events:513:28)
    at MessagePortMain._internalPort.emit (node:electron/js2c/utility_init:2:367)
2023-08-01 23:18:26.918 [error] [uncaught exception in sharedProcess]: Cannot read properties of undefined (reading 'then'): TypeError: Cannot read properties of undefined (reading 'then')
    at y.s (/usr/share/code/resources/app/out/vs/code/node/sharedProcess/sharedProcessMain.js:23:4754)
    at y.q (/usr/share/code/resources/app/out/vs/code/node/sharedProcess/sharedProcessMain.js:23:4177)
    at a.value (/usr/share/code/resources/app/out/vs/code/node/sharedProcess/sharedProcessMain.js:23:3577)
    at p.w (/usr/share/code/resources/app/out/vs/code/node/sharedProcess/sharedProcessMain.js:18:1902)
    at p.x (/usr/share/code/resources/app/out/vs/code/node/sharedProcess/sharedProcessMain.js:18:1972)
    at p.fire (/usr/share/code/resources/app/out/vs/code/node/sharedProcess/sharedProcessMain.js:18:2188)
    at MessagePortMain.oe (/usr/share/code/resources/app/out/vs/code/node/sharedProcess/sharedProcessMain.js:16:40476)
    at MessagePortMain.emit (node:events:513:28)
    at MessagePortMain._internalPort.emit (node:electron/js2c/utility_init:2:367)
2023-08-01 23:18:33.818 [error] [uncaught exception in sharedProcess]: Cannot read properties of undefined (reading 'then'): TypeError: Cannot read properties of undefined (reading 'then')
    at y.s (/usr/share/code/resources/app/out/vs/code/node/sharedProcess/sharedProcessMain.js:23:4754)
    at y.q (/usr/share/code/resources/app/out/vs/code/node/sharedProcess/sharedProcessMain.js:23:4177)
    at a.value (/usr/share/code/resources/app/out/vs/code/node/sharedProcess/sharedProcessMain.js:23:3577)
    at p.w (/usr/share/code/resources/app/out/vs/code/node/sharedProcess/sharedProcessMain.js:18:1902)
    at p.x (/usr/share/code/resources/app/out/vs/code/node/sharedProcess/sharedProcessMain.js:18:1972)
    at p.fire (/usr/share/code/resources/app/out/vs/code/node/sharedProcess/sharedProcessMain.js:18:2188)
    at MessagePortMain.oe (/usr/share/code/resources/app/out/vs/code/node/sharedProcess/sharedProcessMain.js:16:40476)
    at MessagePortMain.emit (node:events:513:28)
    at MessagePortMain._internalPort.emit (node:electron/js2c/utility_init:2:367)
2023-08-01 23:18:33.819 [error] [uncaught exception in sharedProcess]: Cannot read properties of undefined (reading 'then'): TypeError: Cannot read properties of undefined (reading 'then')
    at y.s (/usr/share/code/resources/app/out/vs/code/node/sharedProcess/sharedProcessMain.js:23:4754)
    at y.q (/usr/share/code/resources/app/out/vs/code/node/sharedProcess/sharedProcessMain.js:23:4177)
    at a.value (/usr/share/code/resources/app/out/vs/code/node/sharedProcess/sharedProcessMain.js:23:3577)
    at p.w (/usr/share/code/resources/app/out/vs/code/node/sharedProcess/sharedProcessMain.js:18:1902)
    at p.x (/usr/share/code/resources/app/out/vs/code/node/sharedProcess/sharedProcessMain.js:18:1972)
    at p.fire (/usr/share/code/resources/app/out/vs/code/node/sharedProcess/sharedProcessMain.js:18:2188)
    at MessagePortMain.oe (/usr/share/code/resources/app/out/vs/code/node/sharedProcess/sharedProcessMain.js:16:40476)
    at MessagePortMain.emit (node:events:513:28)
    at MessagePortMain._internalPort.emit (node:electron/js2c/utility_init:2:367)
2023-08-01 23:20:32.393 [error] [uncaught exception in sharedProcess]: Cannot read properties of undefined (reading 'then'): TypeError: Cannot read properties of undefined (reading 'then')
    at y.s (/usr/share/code/resources/app/out/vs/code/node/sharedProcess/sharedProcessMain.js:23:4754)
    at y.q (/usr/share/code/resources/app/out/vs/code/node/sharedProcess/sharedProcessMain.js:23:4177)
    at a.value (/usr/share/code/resources/app/out/vs/code/node/sharedProcess/sharedProcessMain.js:23:3577)
    at p.w (/usr/share/code/resources/app/out/vs/code/node/sharedProcess/sharedProcessMain.js:18:1902)
    at p.x (/usr/share/code/resources/app/out/vs/code/node/sharedProcess/sharedProcessMain.js:18:1972)
    at p.fire (/usr/share/code/resources/app/out/vs/code/node/sharedProcess/sharedProcessMain.js:18:2188)
    at MessagePortMain.oe (/usr/share/code/resources/app/out/vs/code/node/sharedProcess/sharedProcessMain.js:16:40476)
    at MessagePortMain.emit (node:events:513:28)
    at MessagePortMain._internalPort.emit (node:electron/js2c/utility_init:2:367)
2023-08-01 23:20:32.394 [error] [uncaught exception in sharedProcess]: Cannot read properties of undefined (reading 'then'): TypeError: Cannot read properties of undefined (reading 'then')
    at y.s (/usr/share/code/resources/app/out/vs/code/node/sharedProcess/sharedProcessMain.js:23:4754)
    at y.q (/usr/share/code/resources/app/out/vs/code/node/sharedProcess/sharedProcessMain.js:23:4177)
    at a.value (/usr/share/code/resources/app/out/vs/code/node/sharedProcess/sharedProcessMain.js:23:3577)
    at p.w (/usr/share/code/resources/app/out/vs/code/node/sharedProcess/sharedProcessMain.js:18:1902)
    at p.x (/usr/share/code/resources/app/out/vs/code/node/sharedProcess/sharedProcessMain.js:18:1972)
    at p.fire (/usr/share/code/resources/app/out/vs/code/node/sharedProcess/sharedProcessMain.js:18:2188)
    at MessagePortMain.oe (/usr/share/code/resources/app/out/vs/code/node/sharedProcess/sharedProcessMain.js:16:40476)
    at MessagePortMain.emit (node:events:513:28)
    at MessagePortMain._internalPort.emit (node:electron/js2c/utility_init:2:367)
2023-08-01 23:21:36.581 [error] [uncaught exception in sharedProcess]: Cannot read properties of undefined (reading 'then'): TypeError: Cannot read properties of undefined (reading 'then')
    at y.s (/usr/share/code/resources/app/out/vs/code/node/sharedProcess/sharedProcessMain.js:23:4754)
    at y.q (/usr/share/code/resources/app/out/vs/code/node/sharedProcess/sharedProcessMain.js:23:4177)
    at a.value (/usr/share/code/resources/app/out/vs/code/node/sharedProcess/sharedProcessMain.js:23:3577)
    at p.w (/usr/share/code/resources/app/out/vs/code/node/sharedProcess/sharedProcessMain.js:18:1902)
    at p.x (/usr/share/code/resources/app/out/vs/code/node/sharedProcess/sharedProcessMain.js:18:1972)
    at p.fire (/usr/share/code/resources/app/out/vs/code/node/sharedProcess/sharedProcessMain.js:18:2188)
    at MessagePortMain.oe (/usr/share/code/resources/app/out/vs/code/node/sharedProcess/sharedProcessMain.js:16:40476)
    at MessagePortMain.emit (node:events:513:28)
    at MessagePortMain._internalPort.emit (node:electron/js2c/utility_init:2:367)
2023-08-01 23:22:32.536 [error] [uncaught exception in sharedProcess]: Cannot read properties of undefined (reading 'then'): TypeError: Cannot read properties of undefined (reading 'then')
    at y.s (/usr/share/code/resources/app/out/vs/code/node/sharedProcess/sharedProcessMain.js:23:4754)
    at y.q (/usr/share/code/resources/app/out/vs/code/node/sharedProcess/sharedProcessMain.js:23:4177)
    at a.value (/usr/share/code/resources/app/out/vs/code/node/sharedProcess/sharedProcessMain.js:23:3577)
    at p.w (/usr/share/code/resources/app/out/vs/code/node/sharedProcess/sharedProcessMain.js:18:1902)
    at p.x (/usr/share/code/resources/app/out/vs/code/node/sharedProcess/sharedProcessMain.js:18:1972)
    at p.fire (/usr/share/code/resources/app/out/vs/code/node/sharedProcess/sharedProcessMain.js:18:2188)
    at MessagePortMain.oe (/usr/share/code/resources/app/out/vs/code/node/sharedProcess/sharedProcessMain.js:16:40476)
    at MessagePortMain.emit (node:events:513:28)
    at MessagePortMain._internalPort.emit (node:electron/js2c/utility_init:2:367)
2023-08-01 23:24:03.742 [error] [uncaught exception in sharedProcess]: Cannot read properties of undefined (reading 'then'): TypeError: Cannot read properties of undefined (reading 'then')
    at y.s (/usr/share/code/resources/app/out/vs/code/node/sharedProcess/sharedProcessMain.js:23:4754)
    at y.q (/usr/share/code/resources/app/out/vs/code/node/sharedProcess/sharedProcessMain.js:23:4177)
    at a.value (/usr/share/code/resources/app/out/vs/code/node/sharedProcess/sharedProcessMain.js:23:3577)
    at p.w (/usr/share/code/resources/app/out/vs/code/node/sharedProcess/sharedProcessMain.js:18:1902)
    at p.x (/usr/share/code/resources/app/out/vs/code/node/sharedProcess/sharedProcessMain.js:18:1972)
    at p.fire (/usr/share/code/resources/app/out/vs/code/node/sharedProcess/sharedProcessMain.js:18:2188)
    at MessagePortMain.oe (/usr/share/code/resources/app/out/vs/code/node/sharedProcess/sharedProcessMain.js:16:40476)
    at MessagePortMain.emit (node:events:513:28)
    at MessagePortMain._internalPort.emit (node:electron/js2c/utility_init:2:367)
2023-08-01 23:25:03.368 [error] [uncaught exception in sharedProcess]: Cannot read properties of undefined (reading 'then'): TypeError: Cannot read properties of undefined (reading 'then')
    at y.s (/usr/share/code/resources/app/out/vs/code/node/sharedProcess/sharedProcessMain.js:23:4754)
    at y.q (/usr/share/code/resources/app/out/vs/code/node/sharedProcess/sharedProcessMain.js:23:4177)
    at a.value (/usr/share/code/resources/app/out/vs/code/node/sharedProcess/sharedProcessMain.js:23:3577)
    at p.w (/usr/share/code/resources/app/out/vs/code/node/sharedProcess/sharedProcessMain.js:18:1902)
    at p.x (/usr/share/code/resources/app/out/vs/code/node/sharedProcess/sharedProcessMain.js:18:1972)
    at p.fire (/usr/share/code/resources/app/out/vs/code/node/sharedProcess/sharedProcessMain.js:18:2188)
    at MessagePortMain.oe (/usr/share/code/resources/app/out/vs/code/node/sharedProcess/sharedProcessMain.js:16:40476)
    at MessagePortMain.emit (node:events:513:28)
    at MessagePortMain._internalPort.emit (node:electron/js2c/utility_init:2:367)
2023-08-01 23:25:17.411 [error] [uncaught exception in sharedProcess]: Cannot read properties of undefined (reading 'then'): TypeError: Cannot read properties of undefined (reading 'then')
    at y.s (/usr/share/code/resources/app/out/vs/code/node/sharedProcess/sharedProcessMain.js:23:4754)
    at y.q (/usr/share/code/resources/app/out/vs/code/node/sharedProcess/sharedProcessMain.js:23:4177)
    at a.value (/usr/share/code/resources/app/out/vs/code/node/sharedProcess/sharedProcessMain.js:23:3577)
    at p.w (/usr/share/code/resources/app/out/vs/code/node/sharedProcess/sharedProcessMain.js:18:1902)
    at p.x (/usr/share/code/resources/app/out/vs/code/node/sharedProcess/sharedProcessMain.js:18:1972)
    at p.fire (/usr/share/code/resources/app/out/vs/code/node/sharedProcess/sharedProcessMain.js:18:2188)
    at MessagePortMain.oe (/usr/share/code/resources/app/out/vs/code/node/sharedProcess/sharedProcessMain.js:16:40476)
    at MessagePortMain.emit (node:events:513:28)
    at MessagePortMain._internalPort.emit (node:electron/js2c/utility_init:2:367)
2023-08-01 23:25:32.020 [error] [uncaught exception in sharedProcess]: Cannot read properties of undefined (reading 'then'): TypeError: Cannot read properties of undefined (reading 'then')
    at y.s (/usr/share/code/resources/app/out/vs/code/node/sharedProcess/sharedProcessMain.js:23:4754)
    at y.q (/usr/share/code/resources/app/out/vs/code/node/sharedProcess/sharedProcessMain.js:23:4177)
    at a.value (/usr/share/code/resources/app/out/vs/code/node/sharedProcess/sharedProcessMain.js:23:3577)
    at p.w (/usr/share/code/resources/app/out/vs/code/node/sharedProcess/sharedProcessMain.js:18:1902)
    at p.x (/usr/share/code/resources/app/out/vs/code/node/sharedProcess/sharedProcessMain.js:18:1972)
    at p.fire (/usr/share/code/resources/app/out/vs/code/node/sharedProcess/sharedProcessMain.js:18:2188)
    at MessagePortMain.oe (/usr/share/code/resources/app/out/vs/code/node/sharedProcess/sharedProcessMain.js:16:40476)
    at MessagePortMain.emit (node:events:513:28)
    at MessagePortMain._internalPort.emit (node:electron/js2c/utility_init:2:367)
2023-08-01 23:25:57.040 [error] [uncaught exception in sharedProcess]: Cannot read properties of undefined (reading 'then'): TypeError: Cannot read properties of undefined (reading 'then')
    at y.s (/usr/share/code/resources/app/out/vs/code/node/sharedProcess/sharedProcessMain.js:23:4754)
    at y.q (/usr/share/code/resources/app/out/vs/code/node/sharedProcess/sharedProcessMain.js:23:4177)
    at a.value (/usr/share/code/resources/app/out/vs/code/node/sharedProcess/sharedProcessMain.js:23:3577)
    at p.w (/usr/share/code/resources/app/out/vs/code/node/sharedProcess/sharedProcessMain.js:18:1902)
    at p.x (/usr/share/code/resources/app/out/vs/code/node/sharedProcess/sharedProcessMain.js:18:1972)
    at p.fire (/usr/share/code/resources/app/out/vs/code/node/sharedProcess/sharedProcessMain.js:18:2188)
    at MessagePortMain.oe (/usr/share/code/resources/app/out/vs/code/node/sharedProcess/sharedProcessMain.js:16:40476)
    at MessagePortMain.emit (node:events:513:28)
    at MessagePortMain._internalPort.emit (node:electron/js2c/utility_init:2:367)
2023-08-01 23:26:48.576 [error] [uncaught exception in sharedProcess]: Cannot read properties of undefined (reading 'then'): TypeError: Cannot read properties of undefined (reading 'then')
    at y.s (/usr/share/code/resources/app/out/vs/code/node/sharedProcess/sharedProcessMain.js:23:4754)
    at y.q (/usr/share/code/resources/app/out/vs/code/node/sharedProcess/sharedProcessMain.js:23:4177)
    at a.value (/usr/share/code/resources/app/out/vs/code/node/sharedProcess/sharedProcessMain.js:23:3577)
    at p.w (/usr/share/code/resources/app/out/vs/code/node/sharedProcess/sharedProcessMain.js:18:1902)
    at p.x (/usr/share/code/resources/app/out/vs/code/node/sharedProcess/sharedProcessMain.js:18:1972)
    at p.fire (/usr/share/code/resources/app/out/vs/code/node/sharedProcess/sharedProcessMain.js:18:2188)
    at MessagePortMain.oe (/usr/share/code/resources/app/out/vs/code/node/sharedProcess/sharedProcessMain.js:16:40476)
    at MessagePortMain.emit (node:events:513:28)
    at MessagePortMain._internalPort.emit (node:electron/js2c/utility_init:2:367)
2023-08-01 23:27:05.942 [error] [uncaught exception in sharedProcess]: Cannot read properties of undefined (reading 'then'): TypeError: Cannot read properties of undefined (reading 'then')
    at y.s (/usr/share/code/resources/app/out/vs/code/node/sharedProcess/sharedProcessMain.js:23:4754)
    at y.q (/usr/share/code/resources/app/out/vs/code/node/sharedProcess/sharedProcessMain.js:23:4177)
    at a.value (/usr/share/code/resources/app/out/vs/code/node/sharedProcess/sharedProcessMain.js:23:3577)
    at p.w (/usr/share/code/resources/app/out/vs/code/node/sharedProcess/sharedProcessMain.js:18:1902)
    at p.x (/usr/share/code/resources/app/out/vs/code/node/sharedProcess/sharedProcessMain.js:18:1972)
    at p.fire (/usr/share/code/resources/app/out/vs/code/node/sharedProcess/sharedProcessMain.js:18:2188)
    at MessagePortMain.oe (/usr/share/code/resources/app/out/vs/code/node/sharedProcess/sharedProcessMain.js:16:40476)
    at MessagePortMain.emit (node:events:513:28)
    at MessagePortMain._internalPort.emit (node:electron/js2c/utility_init:2:367)
2023-08-01 23:27:07.912 [error] [uncaught exception in sharedProcess]: A system error occurred (read ECONNRESET): Error: read ECONNRESET
    at TLSWrap.onStreamRead (node:internal/stream_base_commons:217:20)
2023-08-02 22:46:23.940 [info] Getting Manifest... ms-python.vscode-pylance
2023-08-02 22:46:24.048 [info] Installing extension: ms-python.vscode-pylance
2023-08-02 22:46:24.379 [info] Getting Manifest... ms-python.python
2023-08-02 22:46:26.097 [info] Extension signature is verified: ms-python.vscode-pylance
2023-08-02 22:46:31.945 [info] Extracted extension to /home/gomer/.vscode/extensions/.8ce8acfe-d62e-42d9-90b5-07ea3ee42851: ms-python.vscode-pylance
2023-08-02 22:46:31.963 [info] Renamed to /home/gomer/.vscode/extensions/ms-python.vscode-pylance-2023.8.10
2023-08-02 22:46:31.966 [info] Extracting extension completed. ms-python.vscode-pylance
2023-08-02 22:46:31.980 [info] Extension installed successfully: ms-python.vscode-pylance
2023-08-02 22:46:31.984 [info] Marked extension as uninstalled ms-python.vscode-pylance-2023.7.40
