2023-08-01 22:00:01.348 [info] Extension host with pid 2261279 started
2023-08-01 22:00:01.559 [info] ExtensionService#_doActivateExtension vscode.emmet, startup: false, activationEvent: 'onLanguage'
2023-08-01 22:00:01.646 [info] ExtensionService#_doActivateExtension vscode.git-base, startup: true, activationEvent: '*', root cause: vscode.git
2023-08-01 22:00:01.717 [info] ExtensionService#_doActivateExtension vscode.git, startup: true, activationEvent: '*'
2023-08-01 22:00:01.738 [info] ExtensionService#_doActivateExtension vscode.github, startup: true, activationEvent: '*'
2023-08-01 22:00:01.788 [info] Eager extensions activated
2023-08-01 22:00:01.813 [info] ExtensionService#_doActivateExtension vscode.debug-auto-launch, startup: false, activationEvent: 'onStartupFinished'
2023-08-01 22:00:01.815 [info] ExtensionService#_doActivateExtension vscode.merge-conflict, startup: false, activationEvent: 'onStartupFinished'
2023-08-01 22:00:01.995 [info] ExtensionService#_doActivateExtension vscode.github-authentication, startup: false, activationEvent: 'onAuthenticationRequest:github'
2023-08-01 22:00:02.040 [info] ExtensionService#_doActivateExtension vscode.microsoft-authentication, startup: false, activationEvent: 'onAuthenticationRequest:microsoft'
2023-08-01 22:01:01.265 [info] ExtensionService#_doActivateExtension vscode.typescript-language-features, startup: false, activationEvent: 'onLanguage:javascript'
2023-08-01 22:36:57.149 [info] ExtensionService#_doActivateExtension vscode.debug-server-ready, startup: false, activationEvent: 'onDebugResolve'
2023-08-01 22:36:57.152 [info] ExtensionService#_doActivateExtension ms-vscode.js-debug, startup: false, activationEvent: 'onDebugResolve:pwa-node'
2023-08-01 22:37:15.509 [info] ExtensionService#_doActivateExtension vscode.npm, startup: false, activationEvent: 'onTerminalQuickFixRequest:ms-vscode.npm-command'
2023-08-02 22:51:35.033 [info] Extension host terminating: renderer closed the MessagePort
2023-08-02 22:51:35.044 [error] Canceled: Canceled
	at Object.I [as $3] (/usr/share/code/resources/app/out/vs/workbench/api/node/extensionHostProcess.js:7:1032)
	at /usr/share/code/resources/app/out/vs/workbench/api/node/extensionHostProcess.js:111:8033
	at Array.forEach (<anonymous>)
	at t.dispose (/usr/share/code/resources/app/out/vs/workbench/api/node/extensionHostProcess.js:111:7998)
	at i.terminate (/usr/share/code/resources/app/out/vs/workbench/api/node/extensionHostProcess.js:113:8567)
	at u.terminate (/usr/share/code/resources/app/out/vs/workbench/api/node/extensionHostProcess.js:117:1532)
	at E (/usr/share/code/resources/app/out/vs/workbench/api/node/extensionHostProcess.js:127:32236)
	at MessagePortMain.<anonymous> (/usr/share/code/resources/app/out/vs/workbench/api/node/extensionHostProcess.js:127:28665)
	at MessagePortMain.emit (node:events:513:28)
	at MessagePortMain._internalPort.emit (node:electron/js2c/utility_init:2:367) setContext undefined
2023-08-02 22:51:35.045 [info] Extension host with pid 2261279 exiting with code 0
