2023-08-03 20:35:48.991 [info] Log level: Info
2023-08-03 20:35:48.991 [info] Validating found git in: "git"
2023-08-03 20:35:49.023 [info] Using git "2.40.1" from "git"
2023-08-03 20:35:49.047 [info] > git rev-parse --show-toplevel [12ms]
2023-08-03 20:38:01.258 [info] > git rev-parse --show-toplevel [1ms]
2023-08-03 20:54:18.919 [info] > git rev-parse --show-toplevel [4ms]
2023-08-03 20:54:18.928 [info] > git rev-parse --git-dir --git-common-dir [1ms]
2023-08-03 20:54:18.937 [info] Open repository: /home/gomer/GitHub/OScripty
2023-08-03 20:54:18.958 [info] > git config --get commit.template [11ms]
2023-08-03 20:54:18.963 [info] > git for-each-ref --format=%(refname)%00%(upstream:short)%00%(objectname)%00%(upstream:track)%00%(upstream:remotename)%00%(upstream:remoteref) refs/heads/master refs/remotes/master [8ms]
2023-08-03 20:54:18.979 [info] > git status -z -uall [7ms]
2023-08-03 20:54:19.001 [info] > git config --get commit.template [8ms]
2023-08-03 20:54:19.002 [info] > git for-each-ref --format=%(refname)%00%(upstream:short)%00%(objectname)%00%(upstream:track)%00%(upstream:remotename)%00%(upstream:remoteref) refs/heads/master refs/remotes/master [3ms]
2023-08-03 20:54:19.011 [info] > git status -z -uall [2ms]
2023-08-03 20:54:19.316 [info] > git show --textconv :web100/WEB100_8.2.3q1.js [9ms]
2023-08-03 20:54:19.317 [info] > git ls-files --stage -- /home/gomer/GitHub/OScripty/web100/WEB100_8.2.3q1.js [3ms]
2023-08-03 20:54:19.323 [info] > git cat-file -s 4f887a8b9a6d65e415acd4efecfe3b573847303a [1ms]
2023-08-03 20:54:19.599 [info] > git check-ignore -v -z --stdin [1ms]
2023-08-03 21:46:37.208 [info] > git config --get commit.template [5ms]
2023-08-03 21:46:37.209 [info] > git for-each-ref --format=%(refname)%00%(upstream:short)%00%(objectname)%00%(upstream:track)%00%(upstream:remotename)%00%(upstream:remoteref) refs/heads/master refs/remotes/master [2ms]
2023-08-03 21:46:37.214 [info] > git status -z -uall [1ms]
2023-08-03 21:47:05.622 [info] > git config --get commit.template [7ms]
2023-08-03 21:47:05.623 [info] > git for-each-ref --format=%(refname)%00%(upstream:short)%00%(objectname)%00%(upstream:track)%00%(upstream:remotename)%00%(upstream:remoteref) refs/heads/master refs/remotes/master [2ms]
2023-08-03 21:47:05.629 [info] > git status -z -uall [2ms]
2023-08-03 21:47:33.296 [info] > git config --get commit.template [3ms]
2023-08-03 21:47:33.314 [info] > git for-each-ref --format=%(refname)%00%(upstream:short)%00%(objectname)%00%(upstream:track)%00%(upstream:remotename)%00%(upstream:remoteref) refs/heads/master refs/remotes/master [5ms]
2023-08-03 21:47:33.328 [info] > git status -z -uall [7ms]
2023-08-03 21:50:27.073 [info] > git config --get commit.template [2ms]
2023-08-03 21:50:27.084 [info] > git for-each-ref --format=%(refname)%00%(upstream:short)%00%(objectname)%00%(upstream:track)%00%(upstream:remotename)%00%(upstream:remoteref) refs/heads/master refs/remotes/master [2ms]
2023-08-03 21:50:27.091 [info] > git status -z -uall [1ms]
2023-08-03 21:50:32.106 [info] > git config --get commit.template [7ms]
2023-08-03 21:50:32.107 [info] > git for-each-ref --format=%(refname)%00%(upstream:short)%00%(objectname)%00%(upstream:track)%00%(upstream:remotename)%00%(upstream:remoteref) refs/heads/master refs/remotes/master [1ms]
2023-08-03 21:50:32.115 [info] > git status -z -uall [1ms]
2023-08-03 21:50:37.132 [info] > git config --get commit.template [7ms]
2023-08-03 21:50:37.132 [info] > git for-each-ref --format=%(refname)%00%(upstream:short)%00%(objectname)%00%(upstream:track)%00%(upstream:remotename)%00%(upstream:remoteref) refs/heads/master refs/remotes/master [1ms]
2023-08-03 21:50:37.138 [info] > git status -z -uall [2ms]
2023-08-03 21:51:03.226 [info] > git config --get commit.template [1ms]
2023-08-03 21:51:03.235 [info] > git for-each-ref --format=%(refname)%00%(upstream:short)%00%(objectname)%00%(upstream:track)%00%(upstream:remotename)%00%(upstream:remoteref) refs/heads/master refs/remotes/master [1ms]
2023-08-03 21:51:03.242 [info] > git status -z -uall [2ms]
2023-08-03 21:51:14.790 [info] > git config --get commit.template [5ms]
2023-08-03 21:51:14.791 [info] > git for-each-ref --format=%(refname)%00%(upstream:short)%00%(objectname)%00%(upstream:track)%00%(upstream:remotename)%00%(upstream:remoteref) refs/heads/master refs/remotes/master [1ms]
2023-08-03 21:51:14.797 [info] > git status -z -uall [1ms]
2023-08-03 21:51:40.275 [info] > git config --get commit.template [7ms]
2023-08-03 21:51:40.275 [info] > git for-each-ref --format=%(refname)%00%(upstream:short)%00%(objectname)%00%(upstream:track)%00%(upstream:remotename)%00%(upstream:remoteref) refs/heads/master refs/remotes/master [2ms]
2023-08-03 21:51:40.282 [info] > git status -z -uall [1ms]
2023-08-03 21:52:06.729 [info] > git config --get commit.template [8ms]
2023-08-03 21:52:06.729 [info] > git for-each-ref --format=%(refname)%00%(upstream:short)%00%(objectname)%00%(upstream:track)%00%(upstream:remotename)%00%(upstream:remoteref) refs/heads/master refs/remotes/master [2ms]
2023-08-03 21:52:06.738 [info] > git status -z -uall [2ms]
2023-08-03 21:52:18.561 [info] > git config --get commit.template [1ms]
2023-08-03 21:52:18.568 [info] > git for-each-ref --format=%(refname)%00%(upstream:short)%00%(objectname)%00%(upstream:track)%00%(upstream:remotename)%00%(upstream:remoteref) refs/heads/master refs/remotes/master [1ms]
2023-08-03 21:52:18.574 [info] > git status -z -uall [2ms]
2023-08-03 22:04:56.480 [info] > git config --get commit.template [6ms]
2023-08-03 22:04:56.481 [info] > git for-each-ref --format=%(refname)%00%(upstream:short)%00%(objectname)%00%(upstream:track)%00%(upstream:remotename)%00%(upstream:remoteref) refs/heads/master refs/remotes/master [1ms]
2023-08-03 22:04:56.487 [info] > git status -z -uall [2ms]
2023-08-03 22:15:11.089 [info] > git config --get commit.template [1ms]
2023-08-03 22:15:11.096 [info] > git for-each-ref --format=%(refname)%00%(upstream:short)%00%(objectname)%00%(upstream:track)%00%(upstream:remotename)%00%(upstream:remoteref) refs/heads/master refs/remotes/master [1ms]
2023-08-03 22:15:11.103 [info] > git status -z -uall [2ms]
2023-08-03 22:15:16.117 [info] > git config --get commit.template [5ms]
2023-08-03 22:15:16.118 [info] > git for-each-ref --format=%(refname)%00%(upstream:short)%00%(objectname)%00%(upstream:track)%00%(upstream:remotename)%00%(upstream:remoteref) refs/heads/master refs/remotes/master [1ms]
2023-08-03 22:15:16.124 [info] > git status -z -uall [1ms]
2023-08-03 22:19:30.730 [info] > git config --get commit.template [7ms]
2023-08-03 22:19:30.730 [info] > git for-each-ref --format=%(refname)%00%(upstream:short)%00%(objectname)%00%(upstream:track)%00%(upstream:remotename)%00%(upstream:remoteref) refs/heads/master refs/remotes/master [1ms]
2023-08-03 22:19:30.741 [info] > git status -z -uall [2ms]
2023-08-03 22:19:35.751 [info] > git config --get commit.template [1ms]
2023-08-03 22:19:35.757 [info] > git for-each-ref --format=%(refname)%00%(upstream:short)%00%(objectname)%00%(upstream:track)%00%(upstream:remotename)%00%(upstream:remoteref) refs/heads/master refs/remotes/master [1ms]
2023-08-03 22:19:35.763 [info] > git status -z -uall [1ms]
2023-08-03 22:21:05.945 [info] > git config --get commit.template [8ms]
2023-08-03 22:21:05.946 [info] > git for-each-ref --format=%(refname)%00%(upstream:short)%00%(objectname)%00%(upstream:track)%00%(upstream:remotename)%00%(upstream:remoteref) refs/heads/master refs/remotes/master [2ms]
2023-08-03 22:21:05.955 [info] > git status -z -uall [1ms]
2023-08-03 22:21:10.970 [info] > git config --get commit.template [6ms]
2023-08-03 22:21:10.971 [info] > git for-each-ref --format=%(refname)%00%(upstream:short)%00%(objectname)%00%(upstream:track)%00%(upstream:remotename)%00%(upstream:remoteref) refs/heads/master refs/remotes/master [1ms]
2023-08-03 22:21:10.975 [info] > git status -z -uall [1ms]
2023-08-03 22:24:43.698 [info] > git config --get commit.template [1ms]
2023-08-03 22:24:43.709 [info] > git for-each-ref --format=%(refname)%00%(upstream:short)%00%(objectname)%00%(upstream:track)%00%(upstream:remotename)%00%(upstream:remoteref) refs/heads/master refs/remotes/master [1ms]
2023-08-03 22:24:43.719 [info] > git status -z -uall [2ms]
2023-08-03 22:24:48.737 [info] > git config --get commit.template [6ms]
2023-08-03 22:24:48.737 [info] > git for-each-ref --format=%(refname)%00%(upstream:short)%00%(objectname)%00%(upstream:track)%00%(upstream:remotename)%00%(upstream:remoteref) refs/heads/master refs/remotes/master [1ms]
2023-08-03 22:24:48.744 [info] > git status -z -uall [1ms]
2023-08-03 22:24:53.758 [info] > git config --get commit.template [5ms]
2023-08-03 22:24:53.759 [info] > git for-each-ref --format=%(refname)%00%(upstream:short)%00%(objectname)%00%(upstream:track)%00%(upstream:remotename)%00%(upstream:remoteref) refs/heads/master refs/remotes/master [1ms]
2023-08-03 22:24:53.765 [info] > git status -z -uall [1ms]
2023-08-03 22:25:20.141 [info] > git config --get commit.template [1ms]
2023-08-03 22:25:20.147 [info] > git for-each-ref --format=%(refname)%00%(upstream:short)%00%(objectname)%00%(upstream:track)%00%(upstream:remotename)%00%(upstream:remoteref) refs/heads/master refs/remotes/master [1ms]
2023-08-03 22:25:20.153 [info] > git status -z -uall [1ms]
2023-08-03 22:25:49.736 [info] > git config --get commit.template [6ms]
2023-08-03 22:25:49.736 [info] > git for-each-ref --format=%(refname)%00%(upstream:short)%00%(objectname)%00%(upstream:track)%00%(upstream:remotename)%00%(upstream:remoteref) refs/heads/master refs/remotes/master [1ms]
2023-08-03 22:25:49.743 [info] > git status -z -uall [2ms]
2023-08-03 22:25:58.906 [info] > git config --get commit.template [6ms]
2023-08-03 22:25:58.907 [info] > git for-each-ref --format=%(refname)%00%(upstream:short)%00%(objectname)%00%(upstream:track)%00%(upstream:remotename)%00%(upstream:remoteref) refs/heads/master refs/remotes/master [1ms]
2023-08-03 22:25:58.912 [info] > git status -z -uall [1ms]
2023-08-03 22:26:05.737 [info] > git config --get commit.template [1ms]
2023-08-03 22:26:05.743 [info] > git for-each-ref --format=%(refname)%00%(upstream:short)%00%(objectname)%00%(upstream:track)%00%(upstream:remotename)%00%(upstream:remoteref) refs/heads/master refs/remotes/master [2ms]
2023-08-03 22:26:05.750 [info] > git status -z -uall [2ms]
2023-08-03 22:26:06.337 [info] > git rev-parse --show-toplevel [3ms]
2023-08-03 22:28:14.029 [info] > git rev-parse --show-toplevel [2ms]
2023-08-03 22:28:15.082 [info] > git config --get commit.template [2ms]
2023-08-03 22:28:15.087 [info] > git for-each-ref --format=%(refname)%00%(upstream:short)%00%(objectname)%00%(upstream:track)%00%(upstream:remotename)%00%(upstream:remoteref) refs/heads/master refs/remotes/master [1ms]
2023-08-03 22:28:15.092 [info] > git status -z -uall [1ms]
2023-08-03 22:33:03.070 [info] > git config --get commit.template [8ms]
2023-08-03 22:33:03.070 [info] > git for-each-ref --format=%(refname)%00%(upstream:short)%00%(objectname)%00%(upstream:track)%00%(upstream:remotename)%00%(upstream:remoteref) refs/heads/master refs/remotes/master [1ms]
2023-08-03 22:33:03.079 [info] > git status -z -uall [1ms]
2023-08-03 22:33:08.095 [info] > git config --get commit.template [6ms]
2023-08-03 22:33:08.095 [info] > git for-each-ref --format=%(refname)%00%(upstream:short)%00%(objectname)%00%(upstream:track)%00%(upstream:remotename)%00%(upstream:remoteref) refs/heads/master refs/remotes/master [1ms]
2023-08-03 22:33:08.101 [info] > git status -z -uall [1ms]
2023-08-03 22:33:27.389 [info] > git config --get commit.template [6ms]
2023-08-03 22:33:27.389 [info] > git for-each-ref --format=%(refname)%00%(upstream:short)%00%(objectname)%00%(upstream:track)%00%(upstream:remotename)%00%(upstream:remoteref) refs/heads/master refs/remotes/master [1ms]
2023-08-03 22:33:27.394 [info] > git status -z -uall [1ms]
2023-08-03 22:33:50.581 [info] > git config --get commit.template [5ms]
2023-08-03 22:33:50.582 [info] > git for-each-ref --format=%(refname)%00%(upstream:short)%00%(objectname)%00%(upstream:track)%00%(upstream:remotename)%00%(upstream:remoteref) refs/heads/master refs/remotes/master [1ms]
2023-08-03 22:33:50.588 [info] > git status -z -uall [1ms]
2023-08-03 22:34:40.705 [info] > git config --get commit.template [1ms]
2023-08-03 22:34:40.712 [info] > git for-each-ref --format=%(refname)%00%(upstream:short)%00%(objectname)%00%(upstream:track)%00%(upstream:remotename)%00%(upstream:remoteref) refs/heads/master refs/remotes/master [1ms]
2023-08-03 22:34:40.718 [info] > git status -z -uall [1ms]
2023-08-03 22:34:55.919 [info] > git show --textconv :web100/WEB100_8.2.3q2.js [9ms]
2023-08-03 22:34:55.920 [info] > git ls-files --stage -- /home/gomer/GitHub/OScripty/web100/WEB100_8.2.3q2.js [4ms]
2023-08-03 22:34:56.169 [info] > git check-ignore -v -z --stdin [2ms]
2023-08-03 22:38:20.249 [info] > git config --get commit.template [7ms]
2023-08-03 22:38:20.250 [info] > git for-each-ref --format=%(refname)%00%(upstream:short)%00%(objectname)%00%(upstream:track)%00%(upstream:remotename)%00%(upstream:remoteref) refs/heads/master refs/remotes/master [1ms]
2023-08-03 22:38:20.256 [info] > git status -z -uall [2ms]
2023-08-07 17:19:10.187 [info] > git config --get commit.template [6ms]
2023-08-07 17:19:10.187 [info] > git for-each-ref --format=%(refname)%00%(upstream:short)%00%(objectname)%00%(upstream:track)%00%(upstream:remotename)%00%(upstream:remoteref) refs/heads/master refs/remotes/master [1ms]
2023-08-07 17:19:10.193 [info] > git status -z -uall [1ms]
2023-08-07 17:20:56.021 [info] > git config --get commit.template [6ms]
2023-08-07 17:20:56.021 [info] > git for-each-ref --format=%(refname)%00%(upstream:short)%00%(objectname)%00%(upstream:track)%00%(upstream:remotename)%00%(upstream:remoteref) refs/heads/master refs/remotes/master [1ms]
2023-08-07 17:20:56.028 [info] > git status -z -uall [1ms]
2023-08-07 17:21:33.948 [info] > git config --get commit.template [2ms]
2023-08-07 17:21:33.955 [info] > git for-each-ref --format=%(refname)%00%(upstream:short)%00%(objectname)%00%(upstream:track)%00%(upstream:remotename)%00%(upstream:remoteref) refs/heads/master refs/remotes/master [1ms]
2023-08-07 17:21:33.962 [info] > git status -z -uall [2ms]
2023-08-07 17:22:07.898 [info] > git config --get commit.template [3ms]
2023-08-07 17:22:07.905 [info] > git for-each-ref --format=%(refname)%00%(upstream:short)%00%(objectname)%00%(upstream:track)%00%(upstream:remotename)%00%(upstream:remoteref) refs/heads/master refs/remotes/master [1ms]
2023-08-07 17:22:07.914 [info] > git status -z -uall [1ms]
2023-08-07 17:22:46.622 [info] > git rev-parse --show-toplevel [2ms]
2023-08-07 17:22:56.464 [info] > git rev-parse --show-toplevel [1ms]
2023-08-07 17:23:02.909 [info] > git rev-parse --show-toplevel [1ms]
2023-08-07 17:25:44.013 [info] > git rev-parse --show-toplevel [1ms]
2023-08-07 17:25:53.031 [info] > git config --get commit.template [6ms]
2023-08-07 17:25:53.032 [info] > git for-each-ref --format=%(refname)%00%(upstream:short)%00%(objectname)%00%(upstream:track)%00%(upstream:remotename)%00%(upstream:remoteref) refs/heads/master refs/remotes/master [2ms]
2023-08-07 17:25:53.038 [info] > git status -z -uall [1ms]
2023-08-07 17:25:53.169 [info] > git rev-parse --show-toplevel [2ms]
2023-08-07 17:25:58.053 [info] > git config --get commit.template [6ms]
2023-08-07 17:25:58.054 [info] > git for-each-ref --format=%(refname)%00%(upstream:short)%00%(objectname)%00%(upstream:track)%00%(upstream:remotename)%00%(upstream:remoteref) refs/heads/master refs/remotes/master [1ms]
2023-08-07 17:25:58.060 [info] > git status -z -uall [1ms]
2023-08-07 17:28:51.313 [info] > git rev-parse --show-toplevel [2ms]
2023-08-07 17:28:58.367 [info] > git config --get commit.template [6ms]
2023-08-07 17:28:58.368 [info] > git for-each-ref --format=%(refname)%00%(upstream:short)%00%(objectname)%00%(upstream:track)%00%(upstream:remotename)%00%(upstream:remoteref) refs/heads/master refs/remotes/master [1ms]
2023-08-07 17:28:58.374 [info] > git status -z -uall [1ms]
2023-08-07 17:28:58.548 [info] > git rev-parse --show-toplevel [2ms]
2023-08-07 17:29:41.450 [info] > git config --get commit.template [1ms]
2023-08-07 17:29:41.457 [info] > git for-each-ref --format=%(refname)%00%(upstream:short)%00%(objectname)%00%(upstream:track)%00%(upstream:remotename)%00%(upstream:remoteref) refs/heads/master refs/remotes/master [1ms]
2023-08-07 17:29:41.464 [info] > git status -z -uall [1ms]
2023-08-07 17:42:05.715 [info] > git config --get commit.template [8ms]
2023-08-07 17:42:05.716 [info] > git for-each-ref --format=%(refname)%00%(upstream:short)%00%(objectname)%00%(upstream:track)%00%(upstream:remotename)%00%(upstream:remoteref) refs/heads/master refs/remotes/master [1ms]
2023-08-07 17:42:05.723 [info] > git status -z -uall [1ms]
2023-08-07 17:42:44.788 [info] > git config --get commit.template [9ms]
2023-08-07 17:42:44.788 [info] > git for-each-ref --format=%(refname)%00%(upstream:short)%00%(objectname)%00%(upstream:track)%00%(upstream:remotename)%00%(upstream:remoteref) refs/heads/master refs/remotes/master [1ms]
2023-08-07 17:42:44.795 [info] > git status -z -uall [2ms]
2023-08-07 17:43:37.453 [info] > git config --get commit.template [12ms]
2023-08-07 17:43:37.454 [info] > git for-each-ref --format=%(refname)%00%(upstream:short)%00%(objectname)%00%(upstream:track)%00%(upstream:remotename)%00%(upstream:remoteref) refs/heads/master refs/remotes/master [2ms]
2023-08-07 17:43:37.467 [info] > git status -z -uall [2ms]
2023-08-07 17:44:29.992 [info] Log level: Info
2023-08-07 17:44:29.992 [info] Validating found git in: "git"
2023-08-07 17:44:29.992 [info] Using git "2.40.1" from "git"
2023-08-07 17:44:29.992 [info] > git rev-parse --show-toplevel [6ms]
2023-08-07 17:44:29.992 [info] > git rev-parse --git-dir --git-common-dir [4ms]
2023-08-07 17:44:30.003 [info] Open repository: /home/gomer/GitHub/OScripty
2023-08-07 17:44:30.017 [info] > git config --get commit.template [2ms]
2023-08-07 17:44:30.024 [info] > git for-each-ref --format=%(refname)%00%(upstream:short)%00%(objectname)%00%(upstream:track)%00%(upstream:remotename)%00%(upstream:remoteref) refs/heads/master refs/remotes/master [1ms]
2023-08-07 17:44:30.030 [info] > git status -z -uall [1ms]
2023-08-07 17:44:30.043 [info] > git config --get commit.template [0ms]
2023-08-07 17:44:30.050 [info] > git for-each-ref --format=%(refname)%00%(upstream:short)%00%(objectname)%00%(upstream:track)%00%(upstream:remotename)%00%(upstream:remoteref) refs/heads/master refs/remotes/master [2ms]
2023-08-07 17:44:30.057 [info] > git status -z -uall [2ms]
2023-08-07 17:44:30.513 [info] > git check-ignore -v -z --stdin [2ms]
2023-08-07 17:44:43.141 [info] > git show --textconv :web100/WEB100_8.2.3q2.js [8ms]
2023-08-07 17:44:43.143 [info] > git ls-files --stage -- /home/gomer/GitHub/OScripty/web100/WEB100_8.2.3q2.js [4ms]
2023-08-07 17:44:51.173 [info] > git show --textconv :web100/WEB100_8.2.3q1.js [5ms]
2023-08-07 17:44:51.174 [info] > git ls-files --stage -- /home/gomer/GitHub/OScripty/web100/WEB100_8.2.3q1.js [1ms]
2023-08-07 17:44:51.181 [info] > git cat-file -s 4f887a8b9a6d65e415acd4efecfe3b573847303a [1ms]
2023-08-07 17:45:20.774 [info] > git show --textconv :web100/WEB100_8.2.3q2.js [5ms]
2023-08-07 17:45:20.775 [info] > git ls-files --stage -- /home/gomer/GitHub/OScripty/web100/WEB100_8.2.3q2.js [1ms]
2023-08-07 17:47:17.050 [info] > git config --get commit.template [5ms]
2023-08-07 17:47:17.051 [info] > git for-each-ref --format=%(refname)%00%(upstream:short)%00%(objectname)%00%(upstream:track)%00%(upstream:remotename)%00%(upstream:remoteref) refs/heads/master refs/remotes/master [1ms]
2023-08-07 17:47:17.057 [info] > git status -z -uall [1ms]
2023-08-07 17:49:15.863 [info] > git config --get commit.template [5ms]
2023-08-07 17:49:15.864 [info] > git for-each-ref --format=%(refname)%00%(upstream:short)%00%(objectname)%00%(upstream:track)%00%(upstream:remotename)%00%(upstream:remoteref) refs/heads/master refs/remotes/master [2ms]
2023-08-07 17:49:15.869 [info] > git status -z -uall [1ms]
2023-08-07 17:50:10.514 [info] > git config --get commit.template [7ms]
2023-08-07 17:50:10.514 [info] > git for-each-ref --format=%(refname)%00%(upstream:short)%00%(objectname)%00%(upstream:track)%00%(upstream:remotename)%00%(upstream:remoteref) refs/heads/master refs/remotes/master [1ms]
2023-08-07 17:50:10.523 [info] > git status -z -uall [2ms]
2023-08-07 17:50:40.495 [info] > git config --get commit.template [1ms]
2023-08-07 17:50:40.500 [info] > git for-each-ref --format=%(refname)%00%(upstream:short)%00%(objectname)%00%(upstream:track)%00%(upstream:remotename)%00%(upstream:remoteref) refs/heads/master refs/remotes/master [1ms]
2023-08-07 17:50:40.505 [info] > git status -z -uall [1ms]
2023-08-07 17:53:45.449 [info] > git for-each-ref --format=%(refname)%00%(upstream:short)%00%(objectname)%00%(upstream:track)%00%(upstream:remotename)%00%(upstream:remoteref) refs/heads/master refs/remotes/master [1ms]
2023-08-07 17:53:45.450 [info] > git config --get commit.template [9ms]
2023-08-07 17:53:45.457 [info] > git status -z -uall [2ms]
2023-08-07 17:53:52.724 [info] > git config --get commit.template [10ms]
2023-08-07 17:53:52.724 [info] > git for-each-ref --format=%(refname)%00%(upstream:short)%00%(objectname)%00%(upstream:track)%00%(upstream:remotename)%00%(upstream:remoteref) refs/heads/master refs/remotes/master [2ms]
2023-08-07 17:53:52.737 [info] > git status -z -uall [2ms]
2023-08-07 17:54:19.414 [info] > git config --get commit.template [7ms]
2023-08-07 17:54:19.414 [info] > git for-each-ref --format=%(refname)%00%(upstream:short)%00%(objectname)%00%(upstream:track)%00%(upstream:remotename)%00%(upstream:remoteref) refs/heads/master refs/remotes/master [1ms]
2023-08-07 17:54:19.422 [info] > git status -z -uall [2ms]
2023-08-07 17:54:40.310 [info] > git config --get commit.template [1ms]
2023-08-07 17:54:40.317 [info] > git for-each-ref --format=%(refname)%00%(upstream:short)%00%(objectname)%00%(upstream:track)%00%(upstream:remotename)%00%(upstream:remoteref) refs/heads/master refs/remotes/master [1ms]
2023-08-07 17:54:40.327 [info] > git status -z -uall [1ms]
2023-08-07 17:55:41.553 [info] > git config --get commit.template [2ms]
2023-08-07 17:55:41.560 [info] > git for-each-ref --format=%(refname)%00%(upstream:short)%00%(objectname)%00%(upstream:track)%00%(upstream:remotename)%00%(upstream:remoteref) refs/heads/master refs/remotes/master [1ms]
2023-08-07 17:55:41.566 [info] > git status -z -uall [1ms]
2023-08-07 18:01:33.036 [info] > git config --get commit.template [6ms]
2023-08-07 18:01:33.036 [info] > git for-each-ref --format=%(refname)%00%(upstream:short)%00%(objectname)%00%(upstream:track)%00%(upstream:remotename)%00%(upstream:remoteref) refs/heads/master refs/remotes/master [1ms]
2023-08-07 18:01:33.045 [info] > git status -z -uall [2ms]
2023-08-07 18:05:43.479 [info] > git config --get commit.template [5ms]
2023-08-07 18:05:43.479 [info] > git for-each-ref --format=%(refname)%00%(upstream:short)%00%(objectname)%00%(upstream:track)%00%(upstream:remotename)%00%(upstream:remoteref) refs/heads/master refs/remotes/master [1ms]
2023-08-07 18:05:43.486 [info] > git status -z -uall [1ms]
2023-08-07 18:09:13.430 [info] > git config --get commit.template [8ms]
2023-08-07 18:09:13.430 [info] > git for-each-ref --format=%(refname)%00%(upstream:short)%00%(objectname)%00%(upstream:track)%00%(upstream:remotename)%00%(upstream:remoteref) refs/heads/master refs/remotes/master [1ms]
2023-08-07 18:09:13.437 [info] > git status -z -uall [1ms]
2023-08-07 18:10:00.836 [info] > git config --get commit.template [5ms]
2023-08-07 18:10:00.837 [info] > git for-each-ref --format=%(refname)%00%(upstream:short)%00%(objectname)%00%(upstream:track)%00%(upstream:remotename)%00%(upstream:remoteref) refs/heads/master refs/remotes/master [1ms]
2023-08-07 18:10:00.842 [info] > git status -z -uall [1ms]
2023-08-07 18:10:58.670 [info] > git config --get commit.template [6ms]
2023-08-07 18:10:58.670 [info] > git for-each-ref --format=%(refname)%00%(upstream:short)%00%(objectname)%00%(upstream:track)%00%(upstream:remotename)%00%(upstream:remoteref) refs/heads/master refs/remotes/master [1ms]
2023-08-07 18:10:58.681 [info] > git status -z -uall [1ms]
2023-08-07 18:15:12.608 [info] > git config --get commit.template [1ms]
2023-08-07 18:15:12.615 [info] > git for-each-ref --format=%(refname)%00%(upstream:short)%00%(objectname)%00%(upstream:track)%00%(upstream:remotename)%00%(upstream:remoteref) refs/heads/master refs/remotes/master [1ms]
2023-08-07 18:15:12.624 [info] > git status -z -uall [2ms]
2023-08-07 18:15:47.560 [info] > git config --get commit.template [6ms]
2023-08-07 18:15:47.560 [info] > git for-each-ref --format=%(refname)%00%(upstream:short)%00%(objectname)%00%(upstream:track)%00%(upstream:remotename)%00%(upstream:remoteref) refs/heads/master refs/remotes/master [1ms]
2023-08-07 18:15:47.566 [info] > git status -z -uall [1ms]
2023-08-07 18:16:56.928 [info] > git config --get commit.template [1ms]
2023-08-07 18:16:56.934 [info] > git for-each-ref --format=%(refname)%00%(upstream:short)%00%(objectname)%00%(upstream:track)%00%(upstream:remotename)%00%(upstream:remoteref) refs/heads/master refs/remotes/master [1ms]
2023-08-07 18:16:56.941 [info] > git status -z -uall [1ms]
2023-08-07 18:29:06.560 [info] > git config --get commit.template [1ms]
2023-08-07 18:29:06.568 [info] > git for-each-ref --format=%(refname)%00%(upstream:short)%00%(objectname)%00%(upstream:track)%00%(upstream:remotename)%00%(upstream:remoteref) refs/heads/master refs/remotes/master [1ms]
2023-08-07 18:29:06.575 [info] > git status -z -uall [1ms]
2023-08-07 18:29:32.297 [info] > git config --get commit.template [1ms]
2023-08-07 18:29:32.304 [info] > git for-each-ref --format=%(refname)%00%(upstream:short)%00%(objectname)%00%(upstream:track)%00%(upstream:remotename)%00%(upstream:remoteref) refs/heads/master refs/remotes/master [2ms]
2023-08-07 18:29:32.310 [info] > git status -z -uall [1ms]
2023-08-07 18:29:51.755 [info] > git config --get commit.template [8ms]
2023-08-07 18:29:51.756 [info] > git for-each-ref --format=%(refname)%00%(upstream:short)%00%(objectname)%00%(upstream:track)%00%(upstream:remotename)%00%(upstream:remoteref) refs/heads/master refs/remotes/master [1ms]
2023-08-07 18:29:51.764 [info] > git status -z -uall [1ms]
2023-08-07 18:30:32.979 [info] > git config --get commit.template [1ms]
2023-08-07 18:30:32.984 [info] > git for-each-ref --format=%(refname)%00%(upstream:short)%00%(objectname)%00%(upstream:track)%00%(upstream:remotename)%00%(upstream:remoteref) refs/heads/master refs/remotes/master [1ms]
2023-08-07 18:30:32.990 [info] > git status -z -uall [1ms]
2023-08-07 18:31:24.783 [info] > git config --get commit.template [1ms]
2023-08-07 18:31:24.792 [info] > git for-each-ref --format=%(refname)%00%(upstream:short)%00%(objectname)%00%(upstream:track)%00%(upstream:remotename)%00%(upstream:remoteref) refs/heads/master refs/remotes/master [1ms]
2023-08-07 18:31:24.800 [info] > git status -z -uall [2ms]
2023-08-07 18:31:49.929 [info] > git config --get commit.template [1ms]
2023-08-07 18:31:49.940 [info] > git for-each-ref --format=%(refname)%00%(upstream:short)%00%(objectname)%00%(upstream:track)%00%(upstream:remotename)%00%(upstream:remoteref) refs/heads/master refs/remotes/master [2ms]
2023-08-07 18:31:49.948 [info] > git status -z -uall [2ms]
2023-08-07 18:32:00.790 [info] > git config --get commit.template [1ms]
2023-08-07 18:32:00.797 [info] > git for-each-ref --format=%(refname)%00%(upstream:short)%00%(objectname)%00%(upstream:track)%00%(upstream:remotename)%00%(upstream:remoteref) refs/heads/master refs/remotes/master [1ms]
2023-08-07 18:32:00.804 [info] > git status -z -uall [2ms]
2023-08-07 18:35:56.906 [info] > git config --get commit.template [0ms]
2023-08-07 18:35:56.913 [info] > git for-each-ref --format=%(refname)%00%(upstream:short)%00%(objectname)%00%(upstream:track)%00%(upstream:remotename)%00%(upstream:remoteref) refs/heads/master refs/remotes/master [2ms]
2023-08-07 18:35:56.918 [info] > git status -z -uall [1ms]
2023-08-07 19:01:32.117 [info] > git for-each-ref --format=%(refname)%00%(upstream:short)%00%(objectname)%00%(upstream:track)%00%(upstream:remotename)%00%(upstream:remoteref) refs/heads/master refs/remotes/master [2ms]
2023-08-07 19:01:32.117 [info] > git config --get commit.template [8ms]
2023-08-07 19:01:32.124 [info] > git status -z -uall [1ms]
2023-08-07 19:08:59.839 [info] > git config --get commit.template [1ms]
2023-08-07 19:08:59.849 [info] > git for-each-ref --format=%(refname)%00%(upstream:short)%00%(objectname)%00%(upstream:track)%00%(upstream:remotename)%00%(upstream:remoteref) refs/heads/master refs/remotes/master [1ms]
2023-08-07 19:08:59.855 [info] > git status -z -uall [1ms]
2023-08-07 19:14:33.905 [info] > git config --get commit.template [8ms]
2023-08-07 19:14:33.905 [info] > git for-each-ref --format=%(refname)%00%(upstream:short)%00%(objectname)%00%(upstream:track)%00%(upstream:remotename)%00%(upstream:remoteref) refs/heads/master refs/remotes/master [1ms]
2023-08-07 19:14:33.911 [info] > git status -z -uall [1ms]
2023-08-07 19:15:06.298 [info] > git config --get commit.template [7ms]
2023-08-07 19:15:06.299 [info] > git for-each-ref --format=%(refname)%00%(upstream:short)%00%(objectname)%00%(upstream:track)%00%(upstream:remotename)%00%(upstream:remoteref) refs/heads/master refs/remotes/master [1ms]
2023-08-07 19:15:06.306 [info] > git status -z -uall [1ms]
2023-08-07 19:19:57.941 [info] > git config --get commit.template [0ms]
2023-08-07 19:19:57.949 [info] > git for-each-ref --format=%(refname)%00%(upstream:short)%00%(objectname)%00%(upstream:track)%00%(upstream:remotename)%00%(upstream:remoteref) refs/heads/master refs/remotes/master [1ms]
2023-08-07 19:19:57.957 [info] > git status -z -uall [2ms]
2023-08-07 19:20:15.402 [info] > git config --get commit.template [7ms]
2023-08-07 19:20:15.403 [info] > git for-each-ref --format=%(refname)%00%(upstream:short)%00%(objectname)%00%(upstream:track)%00%(upstream:remotename)%00%(upstream:remoteref) refs/heads/master refs/remotes/master [2ms]
2023-08-07 19:20:15.411 [info] > git status -z -uall [1ms]
2023-08-07 19:24:45.556 [info] > git config --get commit.template [7ms]
2023-08-07 19:24:45.556 [info] > git for-each-ref --format=%(refname)%00%(upstream:short)%00%(objectname)%00%(upstream:track)%00%(upstream:remotename)%00%(upstream:remoteref) refs/heads/master refs/remotes/master [1ms]
2023-08-07 19:24:45.564 [info] > git status -z -uall [1ms]
2023-08-07 19:25:38.989 [info] > git config --get commit.template [6ms]
2023-08-07 19:25:38.989 [info] > git for-each-ref --format=%(refname)%00%(upstream:short)%00%(objectname)%00%(upstream:track)%00%(upstream:remotename)%00%(upstream:remoteref) refs/heads/master refs/remotes/master [1ms]
2023-08-07 19:25:38.997 [info] > git status -z -uall [1ms]
2023-08-07 19:41:22.819 [info] > git show --textconv :web100/tst.js [8ms]
2023-08-07 19:41:22.820 [info] > git ls-files --stage -- /home/gomer/GitHub/OScripty/web100/tst.js [1ms]
2023-08-07 19:41:23.060 [info] > git check-ignore -v -z --stdin [1ms]
2023-08-07 19:41:23.622 [info] > git config --get commit.template [2ms]
2023-08-07 19:41:23.629 [info] > git for-each-ref --format=%(refname)%00%(upstream:short)%00%(objectname)%00%(upstream:track)%00%(upstream:remotename)%00%(upstream:remoteref) refs/heads/master refs/remotes/master [1ms]
2023-08-07 19:41:23.637 [info] > git status -z -uall [2ms]
2023-08-07 19:42:50.418 [info] > git config --get commit.template [1ms]
2023-08-07 19:42:50.424 [info] > git for-each-ref --format=%(refname)%00%(upstream:short)%00%(objectname)%00%(upstream:track)%00%(upstream:remotename)%00%(upstream:remoteref) refs/heads/master refs/remotes/master [1ms]
2023-08-07 19:42:50.431 [info] > git status -z -uall [1ms]
2023-08-07 19:48:52.579 [info] > git config --get commit.template [6ms]
2023-08-07 19:48:52.580 [info] > git for-each-ref --format=%(refname)%00%(upstream:short)%00%(objectname)%00%(upstream:track)%00%(upstream:remotename)%00%(upstream:remoteref) refs/heads/master refs/remotes/master [1ms]
2023-08-07 19:48:52.587 [info] > git status -z -uall [1ms]
2023-08-07 19:51:07.184 [info] > git config --get commit.template [1ms]
2023-08-07 19:51:07.191 [info] > git for-each-ref --format=%(refname)%00%(upstream:short)%00%(objectname)%00%(upstream:track)%00%(upstream:remotename)%00%(upstream:remoteref) refs/heads/master refs/remotes/master [1ms]
2023-08-07 19:51:07.199 [info] > git status -z -uall [1ms]
2023-08-07 19:51:17.932 [info] > git config --get commit.template [7ms]
2023-08-07 19:51:17.932 [info] > git for-each-ref --format=%(refname)%00%(upstream:short)%00%(objectname)%00%(upstream:track)%00%(upstream:remotename)%00%(upstream:remoteref) refs/heads/master refs/remotes/master [1ms]
2023-08-07 19:51:17.940 [info] > git status -z -uall [1ms]
2023-08-07 19:51:52.686 [info] > git config --get commit.template [9ms]
2023-08-07 19:51:52.686 [info] > git for-each-ref --format=%(refname)%00%(upstream:short)%00%(objectname)%00%(upstream:track)%00%(upstream:remotename)%00%(upstream:remoteref) refs/heads/master refs/remotes/master [1ms]
2023-08-07 19:51:52.696 [info] > git status -z -uall [2ms]
2023-08-07 19:52:00.686 [info] > git config --get commit.template [9ms]
2023-08-07 19:52:00.687 [info] > git for-each-ref --format=%(refname)%00%(upstream:short)%00%(objectname)%00%(upstream:track)%00%(upstream:remotename)%00%(upstream:remoteref) refs/heads/master refs/remotes/master [2ms]
2023-08-07 19:52:00.694 [info] > git status -z -uall [1ms]
2023-08-07 19:52:42.889 [info] > git config --get commit.template [0ms]
2023-08-07 19:52:42.894 [info] > git for-each-ref --format=%(refname)%00%(upstream:short)%00%(objectname)%00%(upstream:track)%00%(upstream:remotename)%00%(upstream:remoteref) refs/heads/master refs/remotes/master [1ms]
2023-08-07 19:52:42.899 [info] > git status -z -uall [1ms]
